<?xml version="1.0" encoding="UTF-8"?>
<!-- Generated by org.testng.reporters.JUnitReportReporter -->
<testsuite hostname="Elvira-Lap" name="com.mcgraw.test.automation.tests.lti.LtiTest" tests="2" failures="0" timestamp="16 Aug 2016 10:17:19 GMT" time="101.510" errors="0">
  <testcase name="checkLTIforStudent" time="51.030" classname="com.mcgraw.test.automation.tests.lti.LtiTest"/>
  <testcase name="checkLTIforInstructor" time="50.480" classname="com.mcgraw.test.automation.tests.lti.LtiTest"/>
</testsuite> <!-- com.mcgraw.test.automation.tests.lti.LtiTest -->
