<?xml version="1.0" encoding="UTF-8"?>
<!-- Generated by org.testng.reporters.JUnitReportReporter -->
<testsuite hostname="Elvira-Lap" name="com.mcgraw.test.automation.tests.lti.GradebookServices" tests="3" failures="0" timestamp="16 Aug 2016 10:17:19 GMT" time="725.429" errors="0">
  <testcase name="checkEnableGradebookServicesBeforeChanging" time="17.029" classname="com.mcgraw.test.automation.tests.lti.GradebookServices"/>
  <testcase name="checkDisableGradebookServices" time="354.164" classname="com.mcgraw.test.automation.tests.lti.GradebookServices"/>
  <testcase name="checkEnableGradebookServicesAfterChanging" time="354.236" classname="com.mcgraw.test.automation.tests.lti.GradebookServices"/>
</testsuite> <!-- com.mcgraw.test.automation.tests.lti.GradebookServices -->
