<?xml version="1.0" encoding="UTF-8"?>
<!-- Generated by org.testng.reporters.JUnitReportReporter -->
<testsuite hostname="01hw737984" name="com.mcgraw.test.automation.tests.blackboard.CsvFilter" tests="2" failures="2" timestamp="14 Mar 2018 13:43:56 GMT" time="0.004" errors="0">
  <testcase name="checkMHCampusLinkIsPresentInInstructorsCoursesAccordingToCsvFilter" time="0.001" classname="com.mcgraw.test.automation.tests.blackboard.CsvFilter">
    <failure type="org.openqa.selenium.WebDriverException" message="Failed to connect to binary FirefoxBinary(C:\Program Files\Mozilla Firefox\firefox.exe) on port 7055; process output follows: 
ry	DEBUG	No addons.json found.
1521034990034	addons.manager	DEBUG	Starting provider: PreviousExperimentProvider
1521034990034	addons.manager	DEBUG	Registering shutdown blocker for PreviousExperimentProvider
1521034990034	addons.manager	DEBUG	Provider finished startup: PreviousExperimentProvider
1521034990108	addons.xpi-utils	DEBUG	XPI Database saved, setting schema version preference to 23
1521034990462	addons.xpi	INFO	Mapping fxdriver@googlecode.com to C:\Users\976158\AppData\Local\Temp\anonymous1323590965408417999webdriver-profile\extensions\fxdriver@googlecode.com
1521034990462	addons.xpi	DEBUG	Ignoring file entry whose name is not a valid add-on ID: C:\Users\976158\AppData\Local\Temp\anonymous1323590965408417999webdriver-profile\extensions\webdriver-staging
1521034990462	addons.xpi	DEBUG	Existing add-on fxdriver@googlecode.com in app-profile
1521034990463	addons.xpi	INFO	Mapping activity-stream@mozilla.org to C:\Program Files\Mozilla Firefox\browser\features\activity-stream@mozilla.org.xpi
1521034990463	addons.xpi	INFO	Mapping aushelper@mozilla.org to C:\Program Files\Mozilla Firefox\browser\features\aushelper@mozilla.org.xpi
1521034990463	addons.xpi	INFO	Mapping firefox@getpocket.com to C:\Program Files\Mozilla Firefox\browser\features\firefox@getpocket.com.xpi
1521034990463	addons.xpi	INFO	Mapping followonsearch@mozilla.com to C:\Program Files\Mozilla Firefox\browser\features\followonsearch@mozilla.com.xpi
1521034990463	addons.xpi	INFO	Mapping formautofill@mozilla.org to C:\Program Files\Mozilla Firefox\browser\features\formautofill@mozilla.org.xpi
1521034990463	addons.xpi	INFO	Mapping onboarding@mozilla.org to C:\Program Files\Mozilla Firefox\browser\features\onboarding@mozilla.org.xpi
1521034990463	addons.xpi	INFO	Mapping screenshots@mozilla.org to C:\Program Files\Mozilla Firefox\browser\features\screenshots@mozilla.org.xpi
1521034990463	addons.xpi	INFO	Mapping shield-recipe-client@mozilla.org to C:\Program Files\Mozilla Firefox\browser\features\shield-recipe-client@mozilla.org.xpi
1521034990463	addons.xpi	INFO	Mapping webcompat@mozilla.org to C:\Program Files\Mozilla Firefox\browser\features\webcompat@mozilla.org.xpi
1521034990463	addons.xpi	DEBUG	Existing add-on activity-stream@mozilla.org in app-system-defaults
1521034990464	addons.xpi	DEBUG	Existing add-on aushelper@mozilla.org in app-system-defaults
1521034990464	addons.xpi	DEBUG	Existing add-on firefox@getpocket.com in app-system-defaults
1521034990464	addons.xpi	DEBUG	Existing add-on followonsearch@mozilla.com in app-system-defaults
1521034990465	addons.xpi	DEBUG	Existing add-on formautofill@mozilla.org in app-system-defaults
1521034990465	addons.xpi	DEBUG	Existing add-on onboarding@mozilla.org in app-system-defaults
1521034990465	addons.xpi	DEBUG	Existing add-on screenshots@mozilla.org in app-system-defaults
1521034990466	addons.xpi	DEBUG	Existing add-on shield-recipe-client@mozilla.org in app-system-defaults
1521034990466	addons.xpi	DEBUG	Existing add-on webcompat@mozilla.org in app-system-defaults
1521034990467	addons.xpi	INFO	Mapping {972ce4c6-7e08-4474-a285-3208198ce6fd} to C:\Program Files\Mozilla Firefox\browser\extensions\{972ce4c6-7e08-4474-a285-3208198ce6fd}.xpi
1521034990467	addons.xpi	DEBUG	Existing add-on {972ce4c6-7e08-4474-a285-3208198ce6fd} in app-global
1521034990467	addons.xpi	DEBUG	getInstallState changed: false, state: {}
1521035007864	addons.productaddons	INFO	sending request to: https://aus5.mozilla.org/update/3/GMP/58.0.2/20180206200532/WINNT_x86_64-msvc-x64/en-US/release/Windows_NT%206.1.1.0.7601%20(x64)/default/default/update.xml
1521035009795	addons.productaddons	INFO	Completed downloading document
1521035012583	addons.productaddons	INFO	downloadXHR File download. status=200
1521035012643	addons.productaddons	INFO	Downloaded file will be saved to C:\Users\976158\AppData\Local\Temp\tmpaddon-30255a
1521035021930	addons.productaddons	INFO	downloadXHR File download. status=200
1521035021939	addons.productaddons	INFO	Downloaded file will be saved to C:\Users\976158\AppData\Local\Temp\tmpaddon-656581

Build info: version: &#039;2.53.0&#039;, revision: &#039;35ae25b1534ae328c771e0856c93e187490ca824&#039;, time: &#039;2016-03-15 10:43:46&#039;
System info: host: &#039;01hw737984&#039;, ip: &#039;192.168.0.174&#039;, os.name: &#039;Windows 7&#039;, os.arch: &#039;amd64&#039;, os.version: &#039;6.1&#039;, java.version: &#039;1.8.0_161&#039;
Driver info: driver.version: ConvertFirefoxDriver">
      <![CDATA[org.openqa.selenium.WebDriverException: Failed to connect to binary FirefoxBinary(C:\Program Files\Mozilla Firefox\firefox.exe) on port 7055; process output follows: 
ry	DEBUG	No addons.json found.
1521034990034	addons.manager	DEBUG	Starting provider: PreviousExperimentProvider
1521034990034	addons.manager	DEBUG	Registering shutdown blocker for PreviousExperimentProvider
1521034990034	addons.manager	DEBUG	Provider finished startup: PreviousExperimentProvider
1521034990108	addons.xpi-utils	DEBUG	XPI Database saved, setting schema version preference to 23
1521034990462	addons.xpi	INFO	Mapping fxdriver@googlecode.com to C:\Users\976158\AppData\Local\Temp\anonymous1323590965408417999webdriver-profile\extensions\fxdriver@googlecode.com
1521034990462	addons.xpi	DEBUG	Ignoring file entry whose name is not a valid add-on ID: C:\Users\976158\AppData\Local\Temp\anonymous1323590965408417999webdriver-profile\extensions\webdriver-staging
1521034990462	addons.xpi	DEBUG	Existing add-on fxdriver@googlecode.com in app-profile
1521034990463	addons.xpi	INFO	Mapping activity-stream@mozilla.org to C:\Program Files\Mozilla Firefox\browser\features\activity-stream@mozilla.org.xpi
1521034990463	addons.xpi	INFO	Mapping aushelper@mozilla.org to C:\Program Files\Mozilla Firefox\browser\features\aushelper@mozilla.org.xpi
1521034990463	addons.xpi	INFO	Mapping firefox@getpocket.com to C:\Program Files\Mozilla Firefox\browser\features\firefox@getpocket.com.xpi
1521034990463	addons.xpi	INFO	Mapping followonsearch@mozilla.com to C:\Program Files\Mozilla Firefox\browser\features\followonsearch@mozilla.com.xpi
1521034990463	addons.xpi	INFO	Mapping formautofill@mozilla.org to C:\Program Files\Mozilla Firefox\browser\features\formautofill@mozilla.org.xpi
1521034990463	addons.xpi	INFO	Mapping onboarding@mozilla.org to C:\Program Files\Mozilla Firefox\browser\features\onboarding@mozilla.org.xpi
1521034990463	addons.xpi	INFO	Mapping screenshots@mozilla.org to C:\Program Files\Mozilla Firefox\browser\features\screenshots@mozilla.org.xpi
1521034990463	addons.xpi	INFO	Mapping shield-recipe-client@mozilla.org to C:\Program Files\Mozilla Firefox\browser\features\shield-recipe-client@mozilla.org.xpi
1521034990463	addons.xpi	INFO	Mapping webcompat@mozilla.org to C:\Program Files\Mozilla Firefox\browser\features\webcompat@mozilla.org.xpi
1521034990463	addons.xpi	DEBUG	Existing add-on activity-stream@mozilla.org in app-system-defaults
1521034990464	addons.xpi	DEBUG	Existing add-on aushelper@mozilla.org in app-system-defaults
1521034990464	addons.xpi	DEBUG	Existing add-on firefox@getpocket.com in app-system-defaults
1521034990464	addons.xpi	DEBUG	Existing add-on followonsearch@mozilla.com in app-system-defaults
1521034990465	addons.xpi	DEBUG	Existing add-on formautofill@mozilla.org in app-system-defaults
1521034990465	addons.xpi	DEBUG	Existing add-on onboarding@mozilla.org in app-system-defaults
1521034990465	addons.xpi	DEBUG	Existing add-on screenshots@mozilla.org in app-system-defaults
1521034990466	addons.xpi	DEBUG	Existing add-on shield-recipe-client@mozilla.org in app-system-defaults
1521034990466	addons.xpi	DEBUG	Existing add-on webcompat@mozilla.org in app-system-defaults
1521034990467	addons.xpi	INFO	Mapping {972ce4c6-7e08-4474-a285-3208198ce6fd} to C:\Program Files\Mozilla Firefox\browser\extensions\{972ce4c6-7e08-4474-a285-3208198ce6fd}.xpi
1521034990467	addons.xpi	DEBUG	Existing add-on {972ce4c6-7e08-4474-a285-3208198ce6fd} in app-global
1521034990467	addons.xpi	DEBUG	getInstallState changed: false, state: {}
1521035007864	addons.productaddons	INFO	sending request to: https://aus5.mozilla.org/update/3/GMP/58.0.2/20180206200532/WINNT_x86_64-msvc-x64/en-US/release/Windows_NT%206.1.1.0.7601%20(x64)/default/default/update.xml
1521035009795	addons.productaddons	INFO	Completed downloading document
1521035012583	addons.productaddons	INFO	downloadXHR File download. status=200
1521035012643	addons.productaddons	INFO	Downloaded file will be saved to C:\Users\976158\AppData\Local\Temp\tmpaddon-30255a
1521035021930	addons.productaddons	INFO	downloadXHR File download. status=200
1521035021939	addons.productaddons	INFO	Downloaded file will be saved to C:\Users\976158\AppData\Local\Temp\tmpaddon-656581

Build info: version: '2.53.0', revision: '35ae25b1534ae328c771e0856c93e187490ca824', time: '2016-03-15 10:43:46'
System info: host: '01hw737984', ip: '192.168.0.174', os.name: 'Windows 7', os.arch: 'amd64', os.version: '6.1', java.version: '1.8.0_161'
Driver info: driver.version: ConvertFirefoxDriver
	at org.openqa.selenium.firefox.internal.NewProfileExtensionConnection.start(NewProfileExtensionConnection.java:125)
	at org.openqa.selenium.firefox.FirefoxDriver.startClient(FirefoxDriver.java:271)
	at org.openqa.selenium.remote.RemoteWebDriver.<init>(RemoteWebDriver.java:119)
	at org.openqa.selenium.firefox.FirefoxDriver.<init>(FirefoxDriver.java:216)
	at org.openqa.selenium.firefox.FirefoxDriver.<init>(FirefoxDriver.java:211)
	at com.mcgraw.test.automation.framework.selenium2.ui.ConvertFirefoxDriver.<init>(ConvertFirefoxDriver.java:39)
	at com.mcgraw.test.automation.framework.selenium2.runner.config.webdriver.factory.FirefoxWebDriverFactory.createWebDriver(FirefoxWebDriverFactory.java:105)
	at com.mcgraw.test.automation.framework.selenium2.runner.config.webdriver.factory.FirefoxWebDriverFactory.createWebDriver(FirefoxWebDriverFactory.java:1)
	at com.mcgraw.test.automation.framework.selenium2.ui.Browser.createBrowser(Browser.java:194)
	at com.mcgraw.test.automation.tests.base.BaseTest.prepareTest(BaseTest.java:40)
	at sun.reflect.NativeMethodAccessorImpl.invoke0(Native Method)
	at sun.reflect.NativeMethodAccessorImpl.invoke(Unknown Source)
	at sun.reflect.DelegatingMethodAccessorImpl.invoke(Unknown Source)
	at java.lang.reflect.Method.invoke(Unknown Source)
	at org.testng.internal.MethodInvocationHelper.invokeMethod(MethodInvocationHelper.java:84)
	at org.testng.internal.Invoker.invokeConfigurationMethod(Invoker.java:564)
	at org.testng.internal.Invoker.invokeConfigurations(Invoker.java:213)
	at org.testng.internal.Invoker.invokeConfigurations(Invoker.java:138)
	at org.testng.internal.TestMethodWorker.invokeBeforeClassMethods(TestMethodWorker.java:175)
	at org.testng.internal.TestMethodWorker.run(TestMethodWorker.java:107)
	at org.testng.TestRunner.privateRun(TestRunner.java:767)
	at org.testng.TestRunner.run(TestRunner.java:617)
	at org.testng.SuiteRunner.runTest(SuiteRunner.java:334)
	at org.testng.SuiteRunner.runSequentially(SuiteRunner.java:329)
	at org.testng.SuiteRunner.privateRun(SuiteRunner.java:291)
	at org.testng.SuiteRunner.run(SuiteRunner.java:240)
	at org.testng.SuiteRunnerWorker.runSuite(SuiteRunnerWorker.java:52)
	at org.testng.SuiteRunnerWorker.run(SuiteRunnerWorker.java:86)
	at org.testng.TestNG.runSuitesSequentially(TestNG.java:1224)
	at org.testng.TestNG.runSuitesLocally(TestNG.java:1149)
	at org.testng.TestNG.run(TestNG.java:1057)
	at org.testng.remote.AbstractRemoteTestNG.run(AbstractRemoteTestNG.java:114)
	at org.testng.remote.RemoteTestNG.initAndRun(RemoteTestNG.java:251)
	at org.testng.remote.RemoteTestNG.main(RemoteTestNG.java:77)
Caused by: org.openqa.selenium.firefox.NotConnectedException: Unable to connect to host 127.0.0.1 on port 7055 after 45000 ms. Firefox console output:
ry	DEBUG	No addons.json found.
1521034990034	addons.manager	DEBUG	Starting provider: PreviousExperimentProvider
1521034990034	addons.manager	DEBUG	Registering shutdown blocker for PreviousExperimentProvider
1521034990034	addons.manager	DEBUG	Provider finished startup: PreviousExperimentProvider
1521034990108	addons.xpi-utils	DEBUG	XPI Database saved, setting schema version preference to 23
1521034990462	addons.xpi	INFO	Mapping fxdriver@googlecode.com to C:\Users\976158\AppData\Local\Temp\anonymous1323590965408417999webdriver-profile\extensions\fxdriver@googlecode.com
1521034990462	addons.xpi	DEBUG	Ignoring file entry whose name is not a valid add-on ID: C:\Users\976158\AppData\Local\Temp\anonymous1323590965408417999webdriver-profile\extensions\webdriver-staging
1521034990462	addons.xpi	DEBUG	Existing add-on fxdriver@googlecode.com in app-profile
1521034990463	addons.xpi	INFO	Mapping activity-stream@mozilla.org to C:\Program Files\Mozilla Firefox\browser\features\activity-stream@mozilla.org.xpi
1521034990463	addons.xpi	INFO	Mapping aushelper@mozilla.org to C:\Program Files\Mozilla Firefox\browser\features\aushelper@mozilla.org.xpi
1521034990463	addons.xpi	INFO	Mapping firefox@getpocket.com to C:\Program Files\Mozilla Firefox\browser\features\firefox@getpocket.com.xpi
1521034990463	addons.xpi	INFO	Mapping followonsearch@mozilla.com to C:\Program Files\Mozilla Firefox\browser\features\followonsearch@mozilla.com.xpi
1521034990463	addons.xpi	INFO	Mapping formautofill@mozilla.org to C:\Program Files\Mozilla Firefox\browser\features\formautofill@mozilla.org.xpi
1521034990463	addons.xpi	INFO	Mapping onboarding@mozilla.org to C:\Program Files\Mozilla Firefox\browser\features\onboarding@mozilla.org.xpi
1521034990463	addons.xpi	INFO	Mapping screenshots@mozilla.org to C:\Program Files\Mozilla Firefox\browser\features\screenshots@mozilla.org.xpi
1521034990463	addons.xpi	INFO	Mapping shield-recipe-client@mozilla.org to C:\Program Files\Mozilla Firefox\browser\features\shield-recipe-client@mozilla.org.xpi
1521034990463	addons.xpi	INFO	Mapping webcompat@mozilla.org to C:\Program Files\Mozilla Firefox\browser\features\webcompat@mozilla.org.xpi
1521034990463	addons.xpi	DEBUG	Existing add-on activity-stream@mozilla.org in app-system-defaults
1521034990464	addons.xpi	DEBUG	Existing add-on aushelper@mozilla.org in app-system-defaults
1521034990464	addons.xpi	DEBUG	Existing add-on firefox@getpocket.com in app-system-defaults
1521034990464	addons.xpi	DEBUG	Existing add-on followonsearch@mozilla.com in app-system-defaults
1521034990465	addons.xpi	DEBUG	Existing add-on formautofill@mozilla.org in app-system-defaults
1521034990465	addons.xpi	DEBUG	Existing add-on onboarding@mozilla.org in app-system-defaults
1521034990465	addons.xpi	DEBUG	Existing add-on screenshots@mozilla.org in app-system-defaults
1521034990466	addons.xpi	DEBUG	Existing add-on shield-recipe-client@mozilla.org in app-system-defaults
1521034990466	addons.xpi	DEBUG	Existing add-on webcompat@mozilla.org in app-system-defaults
1521034990467	addons.xpi	INFO	Mapping {972ce4c6-7e08-4474-a285-3208198ce6fd} to C:\Program Files\Mozilla Firefox\browser\extensions\{972ce4c6-7e08-4474-a285-3208198ce6fd}.xpi
1521034990467	addons.xpi	DEBUG	Existing add-on {972ce4c6-7e08-4474-a285-3208198ce6fd} in app-global
1521034990467	addons.xpi	DEBUG	getInstallState changed: false, state: {}
1521035007864	addons.productaddons	INFO	sending request to: https://aus5.mozilla.org/update/3/GMP/58.0.2/20180206200532/WINNT_x86_64-msvc-x64/en-US/release/Windows_NT%206.1.1.0.7601%20(x64)/default/default/update.xml
1521035009795	addons.productaddons	INFO	Completed downloading document
1521035012583	addons.productaddons	INFO	downloadXHR File download. status=200
1521035012643	addons.productaddons	INFO	Downloaded file will be saved to C:\Users\976158\AppData\Local\Temp\tmpaddon-30255a
1521035021930	addons.productaddons	INFO	downloadXHR File download. status=200
1521035021939	addons.productaddons	INFO	Downloaded file will be saved to C:\Users\976158\AppData\Local\Temp\tmpaddon-656581

	at org.openqa.selenium.firefox.internal.NewProfileExtensionConnection.start(NewProfileExtensionConnection.java:113)
	... 33 more
]]>
    </failure>
  </testcase> <!-- checkMHCampusLinkIsPresentInInstructorsCoursesAccordingToCsvFilter -->
  <testcase name="checkMHCampusLinkIsPresentInStudentsCoursesAccordingToCsvFilter" time="0.003" classname="com.mcgraw.test.automation.tests.blackboard.CsvFilter">
    <failure type="org.openqa.selenium.WebDriverException" message="Failed to connect to binary FirefoxBinary(C:\Program Files\Mozilla Firefox\firefox.exe) on port 7055; process output follows: 
ry	DEBUG	No addons.json found.
1521034990034	addons.manager	DEBUG	Starting provider: PreviousExperimentProvider
1521034990034	addons.manager	DEBUG	Registering shutdown blocker for PreviousExperimentProvider
1521034990034	addons.manager	DEBUG	Provider finished startup: PreviousExperimentProvider
1521034990108	addons.xpi-utils	DEBUG	XPI Database saved, setting schema version preference to 23
1521034990462	addons.xpi	INFO	Mapping fxdriver@googlecode.com to C:\Users\976158\AppData\Local\Temp\anonymous1323590965408417999webdriver-profile\extensions\fxdriver@googlecode.com
1521034990462	addons.xpi	DEBUG	Ignoring file entry whose name is not a valid add-on ID: C:\Users\976158\AppData\Local\Temp\anonymous1323590965408417999webdriver-profile\extensions\webdriver-staging
1521034990462	addons.xpi	DEBUG	Existing add-on fxdriver@googlecode.com in app-profile
1521034990463	addons.xpi	INFO	Mapping activity-stream@mozilla.org to C:\Program Files\Mozilla Firefox\browser\features\activity-stream@mozilla.org.xpi
1521034990463	addons.xpi	INFO	Mapping aushelper@mozilla.org to C:\Program Files\Mozilla Firefox\browser\features\aushelper@mozilla.org.xpi
1521034990463	addons.xpi	INFO	Mapping firefox@getpocket.com to C:\Program Files\Mozilla Firefox\browser\features\firefox@getpocket.com.xpi
1521034990463	addons.xpi	INFO	Mapping followonsearch@mozilla.com to C:\Program Files\Mozilla Firefox\browser\features\followonsearch@mozilla.com.xpi
1521034990463	addons.xpi	INFO	Mapping formautofill@mozilla.org to C:\Program Files\Mozilla Firefox\browser\features\formautofill@mozilla.org.xpi
1521034990463	addons.xpi	INFO	Mapping onboarding@mozilla.org to C:\Program Files\Mozilla Firefox\browser\features\onboarding@mozilla.org.xpi
1521034990463	addons.xpi	INFO	Mapping screenshots@mozilla.org to C:\Program Files\Mozilla Firefox\browser\features\screenshots@mozilla.org.xpi
1521034990463	addons.xpi	INFO	Mapping shield-recipe-client@mozilla.org to C:\Program Files\Mozilla Firefox\browser\features\shield-recipe-client@mozilla.org.xpi
1521034990463	addons.xpi	INFO	Mapping webcompat@mozilla.org to C:\Program Files\Mozilla Firefox\browser\features\webcompat@mozilla.org.xpi
1521034990463	addons.xpi	DEBUG	Existing add-on activity-stream@mozilla.org in app-system-defaults
1521034990464	addons.xpi	DEBUG	Existing add-on aushelper@mozilla.org in app-system-defaults
1521034990464	addons.xpi	DEBUG	Existing add-on firefox@getpocket.com in app-system-defaults
1521034990464	addons.xpi	DEBUG	Existing add-on followonsearch@mozilla.com in app-system-defaults
1521034990465	addons.xpi	DEBUG	Existing add-on formautofill@mozilla.org in app-system-defaults
1521034990465	addons.xpi	DEBUG	Existing add-on onboarding@mozilla.org in app-system-defaults
1521034990465	addons.xpi	DEBUG	Existing add-on screenshots@mozilla.org in app-system-defaults
1521034990466	addons.xpi	DEBUG	Existing add-on shield-recipe-client@mozilla.org in app-system-defaults
1521034990466	addons.xpi	DEBUG	Existing add-on webcompat@mozilla.org in app-system-defaults
1521034990467	addons.xpi	INFO	Mapping {972ce4c6-7e08-4474-a285-3208198ce6fd} to C:\Program Files\Mozilla Firefox\browser\extensions\{972ce4c6-7e08-4474-a285-3208198ce6fd}.xpi
1521034990467	addons.xpi	DEBUG	Existing add-on {972ce4c6-7e08-4474-a285-3208198ce6fd} in app-global
1521034990467	addons.xpi	DEBUG	getInstallState changed: false, state: {}
1521035007864	addons.productaddons	INFO	sending request to: https://aus5.mozilla.org/update/3/GMP/58.0.2/20180206200532/WINNT_x86_64-msvc-x64/en-US/release/Windows_NT%206.1.1.0.7601%20(x64)/default/default/update.xml
1521035009795	addons.productaddons	INFO	Completed downloading document
1521035012583	addons.productaddons	INFO	downloadXHR File download. status=200
1521035012643	addons.productaddons	INFO	Downloaded file will be saved to C:\Users\976158\AppData\Local\Temp\tmpaddon-30255a
1521035021930	addons.productaddons	INFO	downloadXHR File download. status=200
1521035021939	addons.productaddons	INFO	Downloaded file will be saved to C:\Users\976158\AppData\Local\Temp\tmpaddon-656581

Build info: version: &#039;2.53.0&#039;, revision: &#039;35ae25b1534ae328c771e0856c93e187490ca824&#039;, time: &#039;2016-03-15 10:43:46&#039;
System info: host: &#039;01hw737984&#039;, ip: &#039;192.168.0.174&#039;, os.name: &#039;Windows 7&#039;, os.arch: &#039;amd64&#039;, os.version: &#039;6.1&#039;, java.version: &#039;1.8.0_161&#039;
Driver info: driver.version: ConvertFirefoxDriver">
      <![CDATA[org.openqa.selenium.WebDriverException: Failed to connect to binary FirefoxBinary(C:\Program Files\Mozilla Firefox\firefox.exe) on port 7055; process output follows: 
ry	DEBUG	No addons.json found.
1521034990034	addons.manager	DEBUG	Starting provider: PreviousExperimentProvider
1521034990034	addons.manager	DEBUG	Registering shutdown blocker for PreviousExperimentProvider
1521034990034	addons.manager	DEBUG	Provider finished startup: PreviousExperimentProvider
1521034990108	addons.xpi-utils	DEBUG	XPI Database saved, setting schema version preference to 23
1521034990462	addons.xpi	INFO	Mapping fxdriver@googlecode.com to C:\Users\976158\AppData\Local\Temp\anonymous1323590965408417999webdriver-profile\extensions\fxdriver@googlecode.com
1521034990462	addons.xpi	DEBUG	Ignoring file entry whose name is not a valid add-on ID: C:\Users\976158\AppData\Local\Temp\anonymous1323590965408417999webdriver-profile\extensions\webdriver-staging
1521034990462	addons.xpi	DEBUG	Existing add-on fxdriver@googlecode.com in app-profile
1521034990463	addons.xpi	INFO	Mapping activity-stream@mozilla.org to C:\Program Files\Mozilla Firefox\browser\features\activity-stream@mozilla.org.xpi
1521034990463	addons.xpi	INFO	Mapping aushelper@mozilla.org to C:\Program Files\Mozilla Firefox\browser\features\aushelper@mozilla.org.xpi
1521034990463	addons.xpi	INFO	Mapping firefox@getpocket.com to C:\Program Files\Mozilla Firefox\browser\features\firefox@getpocket.com.xpi
1521034990463	addons.xpi	INFO	Mapping followonsearch@mozilla.com to C:\Program Files\Mozilla Firefox\browser\features\followonsearch@mozilla.com.xpi
1521034990463	addons.xpi	INFO	Mapping formautofill@mozilla.org to C:\Program Files\Mozilla Firefox\browser\features\formautofill@mozilla.org.xpi
1521034990463	addons.xpi	INFO	Mapping onboarding@mozilla.org to C:\Program Files\Mozilla Firefox\browser\features\onboarding@mozilla.org.xpi
1521034990463	addons.xpi	INFO	Mapping screenshots@mozilla.org to C:\Program Files\Mozilla Firefox\browser\features\screenshots@mozilla.org.xpi
1521034990463	addons.xpi	INFO	Mapping shield-recipe-client@mozilla.org to C:\Program Files\Mozilla Firefox\browser\features\shield-recipe-client@mozilla.org.xpi
1521034990463	addons.xpi	INFO	Mapping webcompat@mozilla.org to C:\Program Files\Mozilla Firefox\browser\features\webcompat@mozilla.org.xpi
1521034990463	addons.xpi	DEBUG	Existing add-on activity-stream@mozilla.org in app-system-defaults
1521034990464	addons.xpi	DEBUG	Existing add-on aushelper@mozilla.org in app-system-defaults
1521034990464	addons.xpi	DEBUG	Existing add-on firefox@getpocket.com in app-system-defaults
1521034990464	addons.xpi	DEBUG	Existing add-on followonsearch@mozilla.com in app-system-defaults
1521034990465	addons.xpi	DEBUG	Existing add-on formautofill@mozilla.org in app-system-defaults
1521034990465	addons.xpi	DEBUG	Existing add-on onboarding@mozilla.org in app-system-defaults
1521034990465	addons.xpi	DEBUG	Existing add-on screenshots@mozilla.org in app-system-defaults
1521034990466	addons.xpi	DEBUG	Existing add-on shield-recipe-client@mozilla.org in app-system-defaults
1521034990466	addons.xpi	DEBUG	Existing add-on webcompat@mozilla.org in app-system-defaults
1521034990467	addons.xpi	INFO	Mapping {972ce4c6-7e08-4474-a285-3208198ce6fd} to C:\Program Files\Mozilla Firefox\browser\extensions\{972ce4c6-7e08-4474-a285-3208198ce6fd}.xpi
1521034990467	addons.xpi	DEBUG	Existing add-on {972ce4c6-7e08-4474-a285-3208198ce6fd} in app-global
1521034990467	addons.xpi	DEBUG	getInstallState changed: false, state: {}
1521035007864	addons.productaddons	INFO	sending request to: https://aus5.mozilla.org/update/3/GMP/58.0.2/20180206200532/WINNT_x86_64-msvc-x64/en-US/release/Windows_NT%206.1.1.0.7601%20(x64)/default/default/update.xml
1521035009795	addons.productaddons	INFO	Completed downloading document
1521035012583	addons.productaddons	INFO	downloadXHR File download. status=200
1521035012643	addons.productaddons	INFO	Downloaded file will be saved to C:\Users\976158\AppData\Local\Temp\tmpaddon-30255a
1521035021930	addons.productaddons	INFO	downloadXHR File download. status=200
1521035021939	addons.productaddons	INFO	Downloaded file will be saved to C:\Users\976158\AppData\Local\Temp\tmpaddon-656581

Build info: version: '2.53.0', revision: '35ae25b1534ae328c771e0856c93e187490ca824', time: '2016-03-15 10:43:46'
System info: host: '01hw737984', ip: '192.168.0.174', os.name: 'Windows 7', os.arch: 'amd64', os.version: '6.1', java.version: '1.8.0_161'
Driver info: driver.version: ConvertFirefoxDriver
	at org.openqa.selenium.firefox.internal.NewProfileExtensionConnection.start(NewProfileExtensionConnection.java:125)
	at org.openqa.selenium.firefox.FirefoxDriver.startClient(FirefoxDriver.java:271)
	at org.openqa.selenium.remote.RemoteWebDriver.<init>(RemoteWebDriver.java:119)
	at org.openqa.selenium.firefox.FirefoxDriver.<init>(FirefoxDriver.java:216)
	at org.openqa.selenium.firefox.FirefoxDriver.<init>(FirefoxDriver.java:211)
	at com.mcgraw.test.automation.framework.selenium2.ui.ConvertFirefoxDriver.<init>(ConvertFirefoxDriver.java:39)
	at com.mcgraw.test.automation.framework.selenium2.runner.config.webdriver.factory.FirefoxWebDriverFactory.createWebDriver(FirefoxWebDriverFactory.java:105)
	at com.mcgraw.test.automation.framework.selenium2.runner.config.webdriver.factory.FirefoxWebDriverFactory.createWebDriver(FirefoxWebDriverFactory.java:1)
	at com.mcgraw.test.automation.framework.selenium2.ui.Browser.createBrowser(Browser.java:194)
	at com.mcgraw.test.automation.tests.base.BaseTest.prepareTest(BaseTest.java:40)
	at sun.reflect.NativeMethodAccessorImpl.invoke0(Native Method)
	at sun.reflect.NativeMethodAccessorImpl.invoke(Unknown Source)
	at sun.reflect.DelegatingMethodAccessorImpl.invoke(Unknown Source)
	at java.lang.reflect.Method.invoke(Unknown Source)
	at org.testng.internal.MethodInvocationHelper.invokeMethod(MethodInvocationHelper.java:84)
	at org.testng.internal.Invoker.invokeConfigurationMethod(Invoker.java:564)
	at org.testng.internal.Invoker.invokeConfigurations(Invoker.java:213)
	at org.testng.internal.Invoker.invokeConfigurations(Invoker.java:138)
	at org.testng.internal.TestMethodWorker.invokeBeforeClassMethods(TestMethodWorker.java:175)
	at org.testng.internal.TestMethodWorker.run(TestMethodWorker.java:107)
	at org.testng.TestRunner.privateRun(TestRunner.java:767)
	at org.testng.TestRunner.run(TestRunner.java:617)
	at org.testng.SuiteRunner.runTest(SuiteRunner.java:334)
	at org.testng.SuiteRunner.runSequentially(SuiteRunner.java:329)
	at org.testng.SuiteRunner.privateRun(SuiteRunner.java:291)
	at org.testng.SuiteRunner.run(SuiteRunner.java:240)
	at org.testng.SuiteRunnerWorker.runSuite(SuiteRunnerWorker.java:52)
	at org.testng.SuiteRunnerWorker.run(SuiteRunnerWorker.java:86)
	at org.testng.TestNG.runSuitesSequentially(TestNG.java:1224)
	at org.testng.TestNG.runSuitesLocally(TestNG.java:1149)
	at org.testng.TestNG.run(TestNG.java:1057)
	at org.testng.remote.AbstractRemoteTestNG.run(AbstractRemoteTestNG.java:114)
	at org.testng.remote.RemoteTestNG.initAndRun(RemoteTestNG.java:251)
	at org.testng.remote.RemoteTestNG.main(RemoteTestNG.java:77)
Caused by: org.openqa.selenium.firefox.NotConnectedException: Unable to connect to host 127.0.0.1 on port 7055 after 45000 ms. Firefox console output:
ry	DEBUG	No addons.json found.
1521034990034	addons.manager	DEBUG	Starting provider: PreviousExperimentProvider
1521034990034	addons.manager	DEBUG	Registering shutdown blocker for PreviousExperimentProvider
1521034990034	addons.manager	DEBUG	Provider finished startup: PreviousExperimentProvider
1521034990108	addons.xpi-utils	DEBUG	XPI Database saved, setting schema version preference to 23
1521034990462	addons.xpi	INFO	Mapping fxdriver@googlecode.com to C:\Users\976158\AppData\Local\Temp\anonymous1323590965408417999webdriver-profile\extensions\fxdriver@googlecode.com
1521034990462	addons.xpi	DEBUG	Ignoring file entry whose name is not a valid add-on ID: C:\Users\976158\AppData\Local\Temp\anonymous1323590965408417999webdriver-profile\extensions\webdriver-staging
1521034990462	addons.xpi	DEBUG	Existing add-on fxdriver@googlecode.com in app-profile
1521034990463	addons.xpi	INFO	Mapping activity-stream@mozilla.org to C:\Program Files\Mozilla Firefox\browser\features\activity-stream@mozilla.org.xpi
1521034990463	addons.xpi	INFO	Mapping aushelper@mozilla.org to C:\Program Files\Mozilla Firefox\browser\features\aushelper@mozilla.org.xpi
1521034990463	addons.xpi	INFO	Mapping firefox@getpocket.com to C:\Program Files\Mozilla Firefox\browser\features\firefox@getpocket.com.xpi
1521034990463	addons.xpi	INFO	Mapping followonsearch@mozilla.com to C:\Program Files\Mozilla Firefox\browser\features\followonsearch@mozilla.com.xpi
1521034990463	addons.xpi	INFO	Mapping formautofill@mozilla.org to C:\Program Files\Mozilla Firefox\browser\features\formautofill@mozilla.org.xpi
1521034990463	addons.xpi	INFO	Mapping onboarding@mozilla.org to C:\Program Files\Mozilla Firefox\browser\features\onboarding@mozilla.org.xpi
1521034990463	addons.xpi	INFO	Mapping screenshots@mozilla.org to C:\Program Files\Mozilla Firefox\browser\features\screenshots@mozilla.org.xpi
1521034990463	addons.xpi	INFO	Mapping shield-recipe-client@mozilla.org to C:\Program Files\Mozilla Firefox\browser\features\shield-recipe-client@mozilla.org.xpi
1521034990463	addons.xpi	INFO	Mapping webcompat@mozilla.org to C:\Program Files\Mozilla Firefox\browser\features\webcompat@mozilla.org.xpi
1521034990463	addons.xpi	DEBUG	Existing add-on activity-stream@mozilla.org in app-system-defaults
1521034990464	addons.xpi	DEBUG	Existing add-on aushelper@mozilla.org in app-system-defaults
1521034990464	addons.xpi	DEBUG	Existing add-on firefox@getpocket.com in app-system-defaults
1521034990464	addons.xpi	DEBUG	Existing add-on followonsearch@mozilla.com in app-system-defaults
1521034990465	addons.xpi	DEBUG	Existing add-on formautofill@mozilla.org in app-system-defaults
1521034990465	addons.xpi	DEBUG	Existing add-on onboarding@mozilla.org in app-system-defaults
1521034990465	addons.xpi	DEBUG	Existing add-on screenshots@mozilla.org in app-system-defaults
1521034990466	addons.xpi	DEBUG	Existing add-on shield-recipe-client@mozilla.org in app-system-defaults
1521034990466	addons.xpi	DEBUG	Existing add-on webcompat@mozilla.org in app-system-defaults
1521034990467	addons.xpi	INFO	Mapping {972ce4c6-7e08-4474-a285-3208198ce6fd} to C:\Program Files\Mozilla Firefox\browser\extensions\{972ce4c6-7e08-4474-a285-3208198ce6fd}.xpi
1521034990467	addons.xpi	DEBUG	Existing add-on {972ce4c6-7e08-4474-a285-3208198ce6fd} in app-global
1521034990467	addons.xpi	DEBUG	getInstallState changed: false, state: {}
1521035007864	addons.productaddons	INFO	sending request to: https://aus5.mozilla.org/update/3/GMP/58.0.2/20180206200532/WINNT_x86_64-msvc-x64/en-US/release/Windows_NT%206.1.1.0.7601%20(x64)/default/default/update.xml
1521035009795	addons.productaddons	INFO	Completed downloading document
1521035012583	addons.productaddons	INFO	downloadXHR File download. status=200
1521035012643	addons.productaddons	INFO	Downloaded file will be saved to C:\Users\976158\AppData\Local\Temp\tmpaddon-30255a
1521035021930	addons.productaddons	INFO	downloadXHR File download. status=200
1521035021939	addons.productaddons	INFO	Downloaded file will be saved to C:\Users\976158\AppData\Local\Temp\tmpaddon-656581

	at org.openqa.selenium.firefox.internal.NewProfileExtensionConnection.start(NewProfileExtensionConnection.java:113)
	... 33 more
]]>
    </failure>
  </testcase> <!-- checkMHCampusLinkIsPresentInStudentsCoursesAccordingToCsvFilter -->
</testsuite> <!-- com.mcgraw.test.automation.tests.blackboard.CsvFilter -->
