<?xml version="1.0" encoding="UTF-8"?>
<!-- Generated by org.testng.reporters.JUnitReportReporter -->
<testsuite skipped="0" hostname="01hw737984" name="com.mcgraw.test.automation.test.CDIservices.TC11244CDIAdmintest" tests="2" failures="0" timestamp="12 Apr 2018 09:57:42 GMT" time="259.789" errors="0">
  <testcase name="VerifyDefaultCDItab" time="47.615" classname="com.mcgraw.test.automation.test.CDIservices.TC11244CDIAdmintest"/>
  <testcase name="CreateCDIcustomer" time="212.174" classname="com.mcgraw.test.automation.test.CDIservices.TC11244CDIAdmintest"/>
</testsuite> <!-- com.mcgraw.test.automation.test.CDIservices.TC11244CDIAdmintest -->
