<?xml version="1.0" encoding="UTF-8"?>
<!-- Generated by org.testng.reporters.JUnitReportReporter -->
<testsuite hostname="01hw737984" name="com.mcgraw.test.automation.tests.deepintegration.CanvasDeepIntegrationWithConnect" tests="14" failures="9" timestamp="27 Mar 2018 13:49:16 GMT" time="561.971" errors="0">
  <testcase name="checkCourseDetailsForStudentAfterRegistrationToConnect" time="0.000" classname="com.mcgraw.test.automation.tests.deepintegration.CanvasDeepIntegrationWithConnect"/>
  <testcase name="checkConnectLinksPresentInCanvasAndResetConnectionForStudent" time="0.000" classname="com.mcgraw.test.automation.tests.deepintegration.CanvasDeepIntegrationWithConnect"/>
  <testcase name="checkSecondAssagmentInCanvasForInstructor" time="45.611" classname="com.mcgraw.test.automation.tests.deepintegration.CanvasDeepIntegrationWithConnect"/>
  <testcase name="checkSecondAssagmentInCanvasForStudent" time="0.000" classname="com.mcgraw.test.automation.tests.deepintegration.CanvasDeepIntegrationWithConnect"/>
  <testcase name="checkCourseWasCreatedForInstructorInConnect" time="143.519" classname="com.mcgraw.test.automation.tests.deepintegration.CanvasDeepIntegrationWithConnect"/>
  <testcase name="checkGradeIsCorrectForStudentInAssignment2" time="0.000" classname="com.mcgraw.test.automation.tests.deepintegration.CanvasDeepIntegrationWithConnect"/>
  <testcase name="checkConnectLinksPresentInCanvasAndResetConnectionForInstructor" time="0.000" classname="com.mcgraw.test.automation.tests.deepintegration.CanvasDeepIntegrationWithConnect"/>
  <testcase name="checkFirstAssagmentInCanvasForStudent" time="0.000" classname="com.mcgraw.test.automation.tests.deepintegration.CanvasDeepIntegrationWithConnect"/>
  <testcase name="checkFirstAssagmentInCanvasForInstructor" time="60.002" classname="com.mcgraw.test.automation.tests.deepintegration.CanvasDeepIntegrationWithConnect">
    <failure type="java.lang.NullPointerException">
      <![CDATA[java.lang.NullPointerException
	at com.mcgraw.test.automation.ui.canvas.CanvasCourseDetailsScreen.checkTheDates(CanvasCourseDetailsScreen.java:979)
	at com.mcgraw.test.automation.ui.canvas.CanvasCourseDetailsScreen.isDatesOfAssignmentEqual(CanvasCourseDetailsScreen.java:518)
	at com.mcgraw.test.automation.tests.deepintegration.CanvasDeepIntegrationWithConnect.checkFirstAssagmentInCanvasForInstructor(CanvasDeepIntegrationWithConnect.java:193)
	at sun.reflect.NativeMethodAccessorImpl.invoke0(Native Method)
	at sun.reflect.NativeMethodAccessorImpl.invoke(Unknown Source)
	at sun.reflect.DelegatingMethodAccessorImpl.invoke(Unknown Source)
	at java.lang.reflect.Method.invoke(Unknown Source)
	at org.testng.internal.MethodInvocationHelper.invokeMethod(MethodInvocationHelper.java:84)
	at org.testng.internal.MethodInvocationHelper$1.runTestMethod(MethodInvocationHelper.java:200)
	at org.springframework.test.context.testng.AbstractTestNGSpringContextTests.run(AbstractTestNGSpringContextTests.java:155)
	at sun.reflect.NativeMethodAccessorImpl.invoke0(Native Method)
	at sun.reflect.NativeMethodAccessorImpl.invoke(Unknown Source)
	at sun.reflect.DelegatingMethodAccessorImpl.invoke(Unknown Source)
	at java.lang.reflect.Method.invoke(Unknown Source)
	at org.testng.internal.MethodInvocationHelper.invokeHookable(MethodInvocationHelper.java:212)
	at org.testng.internal.Invoker.invokeMethod(Invoker.java:707)
	at org.testng.internal.Invoker.invokeTestMethod(Invoker.java:901)
	at org.testng.internal.Invoker.invokeTestMethods(Invoker.java:1231)
	at org.testng.internal.TestMethodWorker.invokeTestMethods(TestMethodWorker.java:127)
	at org.testng.internal.TestMethodWorker.run(TestMethodWorker.java:111)
	at org.testng.TestRunner.privateRun(TestRunner.java:767)
	at org.testng.TestRunner.run(TestRunner.java:617)
	at org.testng.SuiteRunner.runTest(SuiteRunner.java:334)
	at org.testng.SuiteRunner.runSequentially(SuiteRunner.java:329)
	at org.testng.SuiteRunner.privateRun(SuiteRunner.java:291)
	at org.testng.SuiteRunner.run(SuiteRunner.java:240)
	at org.testng.SuiteRunnerWorker.runSuite(SuiteRunnerWorker.java:52)
	at org.testng.SuiteRunnerWorker.run(SuiteRunnerWorker.java:86)
	at org.testng.TestNG.runSuitesSequentially(TestNG.java:1224)
	at org.testng.TestNG.runSuitesLocally(TestNG.java:1149)
	at org.testng.TestNG.run(TestNG.java:1057)
	at org.testng.remote.AbstractRemoteTestNG.run(AbstractRemoteTestNG.java:114)
	at org.testng.remote.RemoteTestNG.initAndRun(RemoteTestNG.java:251)
	at org.testng.remote.RemoteTestNG.main(RemoteTestNG.java:77)
]]>
    </failure>
  </testcase> <!-- checkFirstAssagmentInCanvasForInstructor -->
  <testcase name="checkApplicationLinkIsPresentForInstructorInConnect" time="78.246" classname="com.mcgraw.test.automation.tests.deepintegration.CanvasDeepIntegrationWithConnect"/>
  <testcase name="checkCourseHomePageForInstructorInConnect" time="39.076" classname="com.mcgraw.test.automation.tests.deepintegration.CanvasDeepIntegrationWithConnect"/>
  <testcase name="checkTheDetailsOfCourseInConnectUnderStudent" time="0.000" classname="com.mcgraw.test.automation.tests.deepintegration.CanvasDeepIntegrationWithConnect"/>
  <testcase name="checkAssagmentsWereCreatedForCourseInConnect" time="195.516" classname="com.mcgraw.test.automation.tests.deepintegration.CanvasDeepIntegrationWithConnect"/>
  <testcase name="checkCourseDetailsForStudentBeforeRegistrationToConnect" time="0.001" classname="com.mcgraw.test.automation.tests.deepintegration.CanvasDeepIntegrationWithConnect"/>
</testsuite> <!-- com.mcgraw.test.automation.tests.deepintegration.CanvasDeepIntegrationWithConnect -->
