<?xml version="1.0" encoding="UTF-8"?>
<!-- Generated by org.testng.reporters.JUnitReportReporter -->
<testsuite hostname="01hw737984" name="com.mcgraw.test.automation.tests.lti.MyTest" tests="1" failures="0" timestamp="28 Mar 2018 12:03:47 GMT" time="0.035" errors="0">
  <testcase name="testOopsError" time="0.035" classname="com.mcgraw.test.automation.tests.lti.MyTest"/>
</testsuite> <!-- com.mcgraw.test.automation.tests.lti.MyTest -->
