<?xml version="1.0" encoding="UTF-8"?>
<!-- Generated by org.testng.reporters.JUnitReportReporter -->
<testsuite hostname="01hw737984" name="com.mcgraw.test.automation.tests.canvas.TestConnectors" tests="8" failures="8" timestamp="26 Mar 2018 13:32:38 GMT" time="0.008" errors="0">
  <testcase name="checkGradebookConnector" time="0.000" classname="com.mcgraw.test.automation.tests.canvas.TestConnectors">
    <failure type="org.openqa.selenium.WebDriverException" message="Failed to connect to binary FirefoxBinary(C:\Program Files\Mozilla Firefox\firefox.exe) on port 7055; process output follows: 
png&quot;,&quot;48&quot;:&quot;icon.png&quot;},&quot;iconURL&quot;:null,&quot;icon64URL&quot;:null,&quot;defaultLocale&quot;:{&quot;name&quot;:&quot;Default&quot;,&quot;description&quot;:&quot;The default theme.&quot;,&quot;creator&quot;:&quot;Mozilla&quot;,&quot;homepageURL&quot;:null,&quot;contributors&quot;:[&quot;Mozilla Contributors&quot;]},&quot;visible&quot;:true,&quot;active&quot;:true,&quot;userDisabled&quot;:false,&quot;appDisabled&quot;:false,&quot;descriptor&quot;:&quot;C:\\Program Files\\Mozilla Firefox\\browser\\extensions\\{972ce4c6-7e08-4474-a285-3208198ce6fd}.xpi&quot;,&quot;installDate&quot;:1522070774701,&quot;updateDate&quot;:1522070774701,&quot;applyBackgroundUpdates&quot;:1,&quot;skinnable&quot;:true,&quot;size&quot;:22012,&quot;sourceURI&quot;:null,&quot;releaseNotesURI&quot;:null,&quot;softDisabled&quot;:false,&quot;foreignInstall&quot;:false,&quot;hasBinaryComponents&quot;:false,&quot;strictCompatibility&quot;:true,&quot;locales&quot;:[],&quot;targetApplications&quot;:[{&quot;id&quot;:&quot;{ec8030f7-c20a-464f-9b0e-13a3a9e97384}&quot;,&quot;minVersion&quot;:&quot;47.0.2&quot;,&quot;maxVersion&quot;:&quot;47.0.2&quot;}],&quot;targetPlatforms&quot;:[],&quot;seen&quot;:true}
1522071112797	addons.xpi	DEBUG	getModTime: Recursive scan of {972ce4c6-7e08-4474-a285-3208198ce6fd}
1522071112798	DeferredSave.extensions.json	DEBUG	Save changes
1522071112799	addons.xpi	DEBUG	Updating database with changes to installed add-ons
1522071112799	addons.xpi-utils	DEBUG	Updating add-on states
1522071112805	addons.xpi-utils	DEBUG	Writing add-ons list
1522071112817	addons.xpi	DEBUG	Registering manifest for C:\Program Files\Mozilla Firefox\browser\features\e10srollout@mozilla.org.xpi
1522071112818	addons.xpi	DEBUG	Calling bootstrap method startup on e10srollout@mozilla.org version 1.0
1522071112818	addons.xpi	DEBUG	Registering manifest for C:\Program Files\Mozilla Firefox\browser\features\firefox@getpocket.com.xpi
1522071112819	addons.xpi	DEBUG	Calling bootstrap method startup on firefox@getpocket.com version 1.0.2
1522071112820	addons.xpi	DEBUG	Registering manifest for C:\Program Files\Mozilla Firefox\browser\features\loop@mozilla.org.xpi
1522071112821	addons.xpi	DEBUG	Calling bootstrap method startup on loop@mozilla.org version 1.3.2
1522071112836	addons.xpi	DEBUG	Registering manifest for C:\Program Files\Mozilla Firefox\browser\features\websensehelper@mozilla.org.xpi
1522071112837	addons.xpi	DEBUG	Calling bootstrap method startup on websensehelper@mozilla.org version 1.0
1522071112840	addons.manager	DEBUG	Registering shutdown blocker for XPIProvider
1522071112840	addons.manager	DEBUG	Provider finished startup: XPIProvider
1522071112840	addons.manager	DEBUG	Starting provider: LightweightThemeManager
1522071112840	addons.manager	DEBUG	Registering shutdown blocker for LightweightThemeManager
1522071112840	addons.manager	DEBUG	Provider finished startup: LightweightThemeManager
1522071112841	addons.manager	DEBUG	Starting provider: GMPProvider
1522071112847	addons.manager	DEBUG	Registering shutdown blocker for GMPProvider
1522071112847	addons.manager	DEBUG	Provider finished startup: GMPProvider
1522071112847	addons.manager	DEBUG	Starting provider: PluginProvider
1522071112847	addons.manager	DEBUG	Registering shutdown blocker for PluginProvider
1522071112848	addons.manager	DEBUG	Provider finished startup: PluginProvider
1522071112848	addons.manager	DEBUG	Completed startup sequence
1522071114713	addons.manager	DEBUG	Starting provider: &lt;unnamed-provider&gt;
1522071114713	addons.manager	DEBUG	Registering shutdown blocker for &lt;unnamed-provider&gt;
1522071114713	addons.manager	DEBUG	Provider finished startup: &lt;unnamed-provider&gt;
1522071114715	DeferredSave.extensions.json	DEBUG	Starting write
1522071115523	addons.repository	DEBUG	No addons.json found.
1522071115523	DeferredSave.addons.json	DEBUG	Save changes
1522071115526	DeferredSave.addons.json	DEBUG	Starting timer
1522071115568	addons.manager	DEBUG	Starting provider: PreviousExperimentProvider
1522071115568	addons.manager	DEBUG	Registering shutdown blocker for PreviousExperimentProvider
1522071115568	addons.manager	DEBUG	Provider finished startup: PreviousExperimentProvider
1522071115578	DeferredSave.extensions.json	DEBUG	Write succeeded
1522071115578	addons.xpi-utils	DEBUG	XPI Database saved, setting schema version preference to 17
1522071115579	DeferredSave.addons.json	DEBUG	Starting write
1522071115722	DeferredSave.addons.json	DEBUG	Write succeeded

Build info: version: &#039;2.53.0&#039;, revision: &#039;35ae25b1534ae328c771e0856c93e187490ca824&#039;, time: &#039;2016-03-15 10:43:46&#039;
System info: host: &#039;01hw737984&#039;, ip: &#039;192.168.0.174&#039;, os.name: &#039;Windows 7&#039;, os.arch: &#039;amd64&#039;, os.version: &#039;6.1&#039;, java.version: &#039;1.8.0_161&#039;
Driver info: driver.version: ConvertFirefoxDriver">
      <![CDATA[org.openqa.selenium.WebDriverException: Failed to connect to binary FirefoxBinary(C:\Program Files\Mozilla Firefox\firefox.exe) on port 7055; process output follows: 
png","48":"icon.png"},"iconURL":null,"icon64URL":null,"defaultLocale":{"name":"Default","description":"The default theme.","creator":"Mozilla","homepageURL":null,"contributors":["Mozilla Contributors"]},"visible":true,"active":true,"userDisabled":false,"appDisabled":false,"descriptor":"C:\\Program Files\\Mozilla Firefox\\browser\\extensions\\{972ce4c6-7e08-4474-a285-3208198ce6fd}.xpi","installDate":1522070774701,"updateDate":1522070774701,"applyBackgroundUpdates":1,"skinnable":true,"size":22012,"sourceURI":null,"releaseNotesURI":null,"softDisabled":false,"foreignInstall":false,"hasBinaryComponents":false,"strictCompatibility":true,"locales":[],"targetApplications":[{"id":"{ec8030f7-c20a-464f-9b0e-13a3a9e97384}","minVersion":"47.0.2","maxVersion":"47.0.2"}],"targetPlatforms":[],"seen":true}
1522071112797	addons.xpi	DEBUG	getModTime: Recursive scan of {972ce4c6-7e08-4474-a285-3208198ce6fd}
1522071112798	DeferredSave.extensions.json	DEBUG	Save changes
1522071112799	addons.xpi	DEBUG	Updating database with changes to installed add-ons
1522071112799	addons.xpi-utils	DEBUG	Updating add-on states
1522071112805	addons.xpi-utils	DEBUG	Writing add-ons list
1522071112817	addons.xpi	DEBUG	Registering manifest for C:\Program Files\Mozilla Firefox\browser\features\e10srollout@mozilla.org.xpi
1522071112818	addons.xpi	DEBUG	Calling bootstrap method startup on e10srollout@mozilla.org version 1.0
1522071112818	addons.xpi	DEBUG	Registering manifest for C:\Program Files\Mozilla Firefox\browser\features\firefox@getpocket.com.xpi
1522071112819	addons.xpi	DEBUG	Calling bootstrap method startup on firefox@getpocket.com version 1.0.2
1522071112820	addons.xpi	DEBUG	Registering manifest for C:\Program Files\Mozilla Firefox\browser\features\loop@mozilla.org.xpi
1522071112821	addons.xpi	DEBUG	Calling bootstrap method startup on loop@mozilla.org version 1.3.2
1522071112836	addons.xpi	DEBUG	Registering manifest for C:\Program Files\Mozilla Firefox\browser\features\websensehelper@mozilla.org.xpi
1522071112837	addons.xpi	DEBUG	Calling bootstrap method startup on websensehelper@mozilla.org version 1.0
1522071112840	addons.manager	DEBUG	Registering shutdown blocker for XPIProvider
1522071112840	addons.manager	DEBUG	Provider finished startup: XPIProvider
1522071112840	addons.manager	DEBUG	Starting provider: LightweightThemeManager
1522071112840	addons.manager	DEBUG	Registering shutdown blocker for LightweightThemeManager
1522071112840	addons.manager	DEBUG	Provider finished startup: LightweightThemeManager
1522071112841	addons.manager	DEBUG	Starting provider: GMPProvider
1522071112847	addons.manager	DEBUG	Registering shutdown blocker for GMPProvider
1522071112847	addons.manager	DEBUG	Provider finished startup: GMPProvider
1522071112847	addons.manager	DEBUG	Starting provider: PluginProvider
1522071112847	addons.manager	DEBUG	Registering shutdown blocker for PluginProvider
1522071112848	addons.manager	DEBUG	Provider finished startup: PluginProvider
1522071112848	addons.manager	DEBUG	Completed startup sequence
1522071114713	addons.manager	DEBUG	Starting provider: <unnamed-provider>
1522071114713	addons.manager	DEBUG	Registering shutdown blocker for <unnamed-provider>
1522071114713	addons.manager	DEBUG	Provider finished startup: <unnamed-provider>
1522071114715	DeferredSave.extensions.json	DEBUG	Starting write
1522071115523	addons.repository	DEBUG	No addons.json found.
1522071115523	DeferredSave.addons.json	DEBUG	Save changes
1522071115526	DeferredSave.addons.json	DEBUG	Starting timer
1522071115568	addons.manager	DEBUG	Starting provider: PreviousExperimentProvider
1522071115568	addons.manager	DEBUG	Registering shutdown blocker for PreviousExperimentProvider
1522071115568	addons.manager	DEBUG	Provider finished startup: PreviousExperimentProvider
1522071115578	DeferredSave.extensions.json	DEBUG	Write succeeded
1522071115578	addons.xpi-utils	DEBUG	XPI Database saved, setting schema version preference to 17
1522071115579	DeferredSave.addons.json	DEBUG	Starting write
1522071115722	DeferredSave.addons.json	DEBUG	Write succeeded

Build info: version: '2.53.0', revision: '35ae25b1534ae328c771e0856c93e187490ca824', time: '2016-03-15 10:43:46'
System info: host: '01hw737984', ip: '192.168.0.174', os.name: 'Windows 7', os.arch: 'amd64', os.version: '6.1', java.version: '1.8.0_161'
Driver info: driver.version: ConvertFirefoxDriver
	at org.openqa.selenium.firefox.internal.NewProfileExtensionConnection.start(NewProfileExtensionConnection.java:125)
	at org.openqa.selenium.firefox.FirefoxDriver.startClient(FirefoxDriver.java:271)
	at org.openqa.selenium.remote.RemoteWebDriver.<init>(RemoteWebDriver.java:119)
	at org.openqa.selenium.firefox.FirefoxDriver.<init>(FirefoxDriver.java:216)
	at org.openqa.selenium.firefox.FirefoxDriver.<init>(FirefoxDriver.java:211)
	at com.mcgraw.test.automation.framework.selenium2.ui.ConvertFirefoxDriver.<init>(ConvertFirefoxDriver.java:39)
	at com.mcgraw.test.automation.framework.selenium2.runner.config.webdriver.factory.FirefoxWebDriverFactory.createWebDriver(FirefoxWebDriverFactory.java:105)
	at com.mcgraw.test.automation.framework.selenium2.runner.config.webdriver.factory.FirefoxWebDriverFactory.createWebDriver(FirefoxWebDriverFactory.java:1)
	at com.mcgraw.test.automation.framework.selenium2.ui.Browser.createBrowser(Browser.java:194)
	at com.mcgraw.test.automation.tests.base.BaseTest.prepareTest(BaseTest.java:40)
	at sun.reflect.NativeMethodAccessorImpl.invoke0(Native Method)
	at sun.reflect.NativeMethodAccessorImpl.invoke(Unknown Source)
	at sun.reflect.DelegatingMethodAccessorImpl.invoke(Unknown Source)
	at java.lang.reflect.Method.invoke(Unknown Source)
	at org.testng.internal.MethodInvocationHelper.invokeMethod(MethodInvocationHelper.java:84)
	at org.testng.internal.Invoker.invokeConfigurationMethod(Invoker.java:564)
	at org.testng.internal.Invoker.invokeConfigurations(Invoker.java:213)
	at org.testng.internal.Invoker.invokeConfigurations(Invoker.java:138)
	at org.testng.internal.TestMethodWorker.invokeBeforeClassMethods(TestMethodWorker.java:175)
	at org.testng.internal.TestMethodWorker.run(TestMethodWorker.java:107)
	at org.testng.TestRunner.privateRun(TestRunner.java:767)
	at org.testng.TestRunner.run(TestRunner.java:617)
	at org.testng.SuiteRunner.runTest(SuiteRunner.java:334)
	at org.testng.SuiteRunner.runSequentially(SuiteRunner.java:329)
	at org.testng.SuiteRunner.privateRun(SuiteRunner.java:291)
	at org.testng.SuiteRunner.run(SuiteRunner.java:240)
	at org.testng.SuiteRunnerWorker.runSuite(SuiteRunnerWorker.java:52)
	at org.testng.SuiteRunnerWorker.run(SuiteRunnerWorker.java:86)
	at org.testng.TestNG.runSuitesSequentially(TestNG.java:1224)
	at org.testng.TestNG.runSuitesLocally(TestNG.java:1149)
	at org.testng.TestNG.run(TestNG.java:1057)
	at org.testng.remote.AbstractRemoteTestNG.run(AbstractRemoteTestNG.java:114)
	at org.testng.remote.RemoteTestNG.initAndRun(RemoteTestNG.java:251)
	at org.testng.remote.RemoteTestNG.main(RemoteTestNG.java:77)
Caused by: org.openqa.selenium.firefox.NotConnectedException: Unable to connect to host 127.0.0.1 on port 7055 after 45000 ms. Firefox console output:
png","48":"icon.png"},"iconURL":null,"icon64URL":null,"defaultLocale":{"name":"Default","description":"The default theme.","creator":"Mozilla","homepageURL":null,"contributors":["Mozilla Contributors"]},"visible":true,"active":true,"userDisabled":false,"appDisabled":false,"descriptor":"C:\\Program Files\\Mozilla Firefox\\browser\\extensions\\{972ce4c6-7e08-4474-a285-3208198ce6fd}.xpi","installDate":1522070774701,"updateDate":1522070774701,"applyBackgroundUpdates":1,"skinnable":true,"size":22012,"sourceURI":null,"releaseNotesURI":null,"softDisabled":false,"foreignInstall":false,"hasBinaryComponents":false,"strictCompatibility":true,"locales":[],"targetApplications":[{"id":"{ec8030f7-c20a-464f-9b0e-13a3a9e97384}","minVersion":"47.0.2","maxVersion":"47.0.2"}],"targetPlatforms":[],"seen":true}
1522071112797	addons.xpi	DEBUG	getModTime: Recursive scan of {972ce4c6-7e08-4474-a285-3208198ce6fd}
1522071112798	DeferredSave.extensions.json	DEBUG	Save changes
1522071112799	addons.xpi	DEBUG	Updating database with changes to installed add-ons
1522071112799	addons.xpi-utils	DEBUG	Updating add-on states
1522071112805	addons.xpi-utils	DEBUG	Writing add-ons list
1522071112817	addons.xpi	DEBUG	Registering manifest for C:\Program Files\Mozilla Firefox\browser\features\e10srollout@mozilla.org.xpi
1522071112818	addons.xpi	DEBUG	Calling bootstrap method startup on e10srollout@mozilla.org version 1.0
1522071112818	addons.xpi	DEBUG	Registering manifest for C:\Program Files\Mozilla Firefox\browser\features\firefox@getpocket.com.xpi
1522071112819	addons.xpi	DEBUG	Calling bootstrap method startup on firefox@getpocket.com version 1.0.2
1522071112820	addons.xpi	DEBUG	Registering manifest for C:\Program Files\Mozilla Firefox\browser\features\loop@mozilla.org.xpi
1522071112821	addons.xpi	DEBUG	Calling bootstrap method startup on loop@mozilla.org version 1.3.2
1522071112836	addons.xpi	DEBUG	Registering manifest for C:\Program Files\Mozilla Firefox\browser\features\websensehelper@mozilla.org.xpi
1522071112837	addons.xpi	DEBUG	Calling bootstrap method startup on websensehelper@mozilla.org version 1.0
1522071112840	addons.manager	DEBUG	Registering shutdown blocker for XPIProvider
1522071112840	addons.manager	DEBUG	Provider finished startup: XPIProvider
1522071112840	addons.manager	DEBUG	Starting provider: LightweightThemeManager
1522071112840	addons.manager	DEBUG	Registering shutdown blocker for LightweightThemeManager
1522071112840	addons.manager	DEBUG	Provider finished startup: LightweightThemeManager
1522071112841	addons.manager	DEBUG	Starting provider: GMPProvider
1522071112847	addons.manager	DEBUG	Registering shutdown blocker for GMPProvider
1522071112847	addons.manager	DEBUG	Provider finished startup: GMPProvider
1522071112847	addons.manager	DEBUG	Starting provider: PluginProvider
1522071112847	addons.manager	DEBUG	Registering shutdown blocker for PluginProvider
1522071112848	addons.manager	DEBUG	Provider finished startup: PluginProvider
1522071112848	addons.manager	DEBUG	Completed startup sequence
1522071114713	addons.manager	DEBUG	Starting provider: <unnamed-provider>
1522071114713	addons.manager	DEBUG	Registering shutdown blocker for <unnamed-provider>
1522071114713	addons.manager	DEBUG	Provider finished startup: <unnamed-provider>
1522071114715	DeferredSave.extensions.json	DEBUG	Starting write
1522071115523	addons.repository	DEBUG	No addons.json found.
1522071115523	DeferredSave.addons.json	DEBUG	Save changes
1522071115526	DeferredSave.addons.json	DEBUG	Starting timer
1522071115568	addons.manager	DEBUG	Starting provider: PreviousExperimentProvider
1522071115568	addons.manager	DEBUG	Registering shutdown blocker for PreviousExperimentProvider
1522071115568	addons.manager	DEBUG	Provider finished startup: PreviousExperimentProvider
1522071115578	DeferredSave.extensions.json	DEBUG	Write succeeded
1522071115578	addons.xpi-utils	DEBUG	XPI Database saved, setting schema version preference to 17
1522071115579	DeferredSave.addons.json	DEBUG	Starting write
1522071115722	DeferredSave.addons.json	DEBUG	Write succeeded

	at org.openqa.selenium.firefox.internal.NewProfileExtensionConnection.start(NewProfileExtensionConnection.java:113)
	... 33 more
]]>
    </failure>
  </testcase> <!-- checkGradebookConnector -->
  <testcase name="checkAuthorizationConnectorForNotExistingUser" time="0.002" classname="com.mcgraw.test.automation.tests.canvas.TestConnectors">
    <failure type="org.openqa.selenium.WebDriverException" message="Failed to connect to binary FirefoxBinary(C:\Program Files\Mozilla Firefox\firefox.exe) on port 7055; process output follows: 
png&quot;,&quot;48&quot;:&quot;icon.png&quot;},&quot;iconURL&quot;:null,&quot;icon64URL&quot;:null,&quot;defaultLocale&quot;:{&quot;name&quot;:&quot;Default&quot;,&quot;description&quot;:&quot;The default theme.&quot;,&quot;creator&quot;:&quot;Mozilla&quot;,&quot;homepageURL&quot;:null,&quot;contributors&quot;:[&quot;Mozilla Contributors&quot;]},&quot;visible&quot;:true,&quot;active&quot;:true,&quot;userDisabled&quot;:false,&quot;appDisabled&quot;:false,&quot;descriptor&quot;:&quot;C:\\Program Files\\Mozilla Firefox\\browser\\extensions\\{972ce4c6-7e08-4474-a285-3208198ce6fd}.xpi&quot;,&quot;installDate&quot;:1522070774701,&quot;updateDate&quot;:1522070774701,&quot;applyBackgroundUpdates&quot;:1,&quot;skinnable&quot;:true,&quot;size&quot;:22012,&quot;sourceURI&quot;:null,&quot;releaseNotesURI&quot;:null,&quot;softDisabled&quot;:false,&quot;foreignInstall&quot;:false,&quot;hasBinaryComponents&quot;:false,&quot;strictCompatibility&quot;:true,&quot;locales&quot;:[],&quot;targetApplications&quot;:[{&quot;id&quot;:&quot;{ec8030f7-c20a-464f-9b0e-13a3a9e97384}&quot;,&quot;minVersion&quot;:&quot;47.0.2&quot;,&quot;maxVersion&quot;:&quot;47.0.2&quot;}],&quot;targetPlatforms&quot;:[],&quot;seen&quot;:true}
1522071112797	addons.xpi	DEBUG	getModTime: Recursive scan of {972ce4c6-7e08-4474-a285-3208198ce6fd}
1522071112798	DeferredSave.extensions.json	DEBUG	Save changes
1522071112799	addons.xpi	DEBUG	Updating database with changes to installed add-ons
1522071112799	addons.xpi-utils	DEBUG	Updating add-on states
1522071112805	addons.xpi-utils	DEBUG	Writing add-ons list
1522071112817	addons.xpi	DEBUG	Registering manifest for C:\Program Files\Mozilla Firefox\browser\features\e10srollout@mozilla.org.xpi
1522071112818	addons.xpi	DEBUG	Calling bootstrap method startup on e10srollout@mozilla.org version 1.0
1522071112818	addons.xpi	DEBUG	Registering manifest for C:\Program Files\Mozilla Firefox\browser\features\firefox@getpocket.com.xpi
1522071112819	addons.xpi	DEBUG	Calling bootstrap method startup on firefox@getpocket.com version 1.0.2
1522071112820	addons.xpi	DEBUG	Registering manifest for C:\Program Files\Mozilla Firefox\browser\features\loop@mozilla.org.xpi
1522071112821	addons.xpi	DEBUG	Calling bootstrap method startup on loop@mozilla.org version 1.3.2
1522071112836	addons.xpi	DEBUG	Registering manifest for C:\Program Files\Mozilla Firefox\browser\features\websensehelper@mozilla.org.xpi
1522071112837	addons.xpi	DEBUG	Calling bootstrap method startup on websensehelper@mozilla.org version 1.0
1522071112840	addons.manager	DEBUG	Registering shutdown blocker for XPIProvider
1522071112840	addons.manager	DEBUG	Provider finished startup: XPIProvider
1522071112840	addons.manager	DEBUG	Starting provider: LightweightThemeManager
1522071112840	addons.manager	DEBUG	Registering shutdown blocker for LightweightThemeManager
1522071112840	addons.manager	DEBUG	Provider finished startup: LightweightThemeManager
1522071112841	addons.manager	DEBUG	Starting provider: GMPProvider
1522071112847	addons.manager	DEBUG	Registering shutdown blocker for GMPProvider
1522071112847	addons.manager	DEBUG	Provider finished startup: GMPProvider
1522071112847	addons.manager	DEBUG	Starting provider: PluginProvider
1522071112847	addons.manager	DEBUG	Registering shutdown blocker for PluginProvider
1522071112848	addons.manager	DEBUG	Provider finished startup: PluginProvider
1522071112848	addons.manager	DEBUG	Completed startup sequence
1522071114713	addons.manager	DEBUG	Starting provider: &lt;unnamed-provider&gt;
1522071114713	addons.manager	DEBUG	Registering shutdown blocker for &lt;unnamed-provider&gt;
1522071114713	addons.manager	DEBUG	Provider finished startup: &lt;unnamed-provider&gt;
1522071114715	DeferredSave.extensions.json	DEBUG	Starting write
1522071115523	addons.repository	DEBUG	No addons.json found.
1522071115523	DeferredSave.addons.json	DEBUG	Save changes
1522071115526	DeferredSave.addons.json	DEBUG	Starting timer
1522071115568	addons.manager	DEBUG	Starting provider: PreviousExperimentProvider
1522071115568	addons.manager	DEBUG	Registering shutdown blocker for PreviousExperimentProvider
1522071115568	addons.manager	DEBUG	Provider finished startup: PreviousExperimentProvider
1522071115578	DeferredSave.extensions.json	DEBUG	Write succeeded
1522071115578	addons.xpi-utils	DEBUG	XPI Database saved, setting schema version preference to 17
1522071115579	DeferredSave.addons.json	DEBUG	Starting write
1522071115722	DeferredSave.addons.json	DEBUG	Write succeeded

Build info: version: &#039;2.53.0&#039;, revision: &#039;35ae25b1534ae328c771e0856c93e187490ca824&#039;, time: &#039;2016-03-15 10:43:46&#039;
System info: host: &#039;01hw737984&#039;, ip: &#039;192.168.0.174&#039;, os.name: &#039;Windows 7&#039;, os.arch: &#039;amd64&#039;, os.version: &#039;6.1&#039;, java.version: &#039;1.8.0_161&#039;
Driver info: driver.version: ConvertFirefoxDriver">
      <![CDATA[org.openqa.selenium.WebDriverException: Failed to connect to binary FirefoxBinary(C:\Program Files\Mozilla Firefox\firefox.exe) on port 7055; process output follows: 
png","48":"icon.png"},"iconURL":null,"icon64URL":null,"defaultLocale":{"name":"Default","description":"The default theme.","creator":"Mozilla","homepageURL":null,"contributors":["Mozilla Contributors"]},"visible":true,"active":true,"userDisabled":false,"appDisabled":false,"descriptor":"C:\\Program Files\\Mozilla Firefox\\browser\\extensions\\{972ce4c6-7e08-4474-a285-3208198ce6fd}.xpi","installDate":1522070774701,"updateDate":1522070774701,"applyBackgroundUpdates":1,"skinnable":true,"size":22012,"sourceURI":null,"releaseNotesURI":null,"softDisabled":false,"foreignInstall":false,"hasBinaryComponents":false,"strictCompatibility":true,"locales":[],"targetApplications":[{"id":"{ec8030f7-c20a-464f-9b0e-13a3a9e97384}","minVersion":"47.0.2","maxVersion":"47.0.2"}],"targetPlatforms":[],"seen":true}
1522071112797	addons.xpi	DEBUG	getModTime: Recursive scan of {972ce4c6-7e08-4474-a285-3208198ce6fd}
1522071112798	DeferredSave.extensions.json	DEBUG	Save changes
1522071112799	addons.xpi	DEBUG	Updating database with changes to installed add-ons
1522071112799	addons.xpi-utils	DEBUG	Updating add-on states
1522071112805	addons.xpi-utils	DEBUG	Writing add-ons list
1522071112817	addons.xpi	DEBUG	Registering manifest for C:\Program Files\Mozilla Firefox\browser\features\e10srollout@mozilla.org.xpi
1522071112818	addons.xpi	DEBUG	Calling bootstrap method startup on e10srollout@mozilla.org version 1.0
1522071112818	addons.xpi	DEBUG	Registering manifest for C:\Program Files\Mozilla Firefox\browser\features\firefox@getpocket.com.xpi
1522071112819	addons.xpi	DEBUG	Calling bootstrap method startup on firefox@getpocket.com version 1.0.2
1522071112820	addons.xpi	DEBUG	Registering manifest for C:\Program Files\Mozilla Firefox\browser\features\loop@mozilla.org.xpi
1522071112821	addons.xpi	DEBUG	Calling bootstrap method startup on loop@mozilla.org version 1.3.2
1522071112836	addons.xpi	DEBUG	Registering manifest for C:\Program Files\Mozilla Firefox\browser\features\websensehelper@mozilla.org.xpi
1522071112837	addons.xpi	DEBUG	Calling bootstrap method startup on websensehelper@mozilla.org version 1.0
1522071112840	addons.manager	DEBUG	Registering shutdown blocker for XPIProvider
1522071112840	addons.manager	DEBUG	Provider finished startup: XPIProvider
1522071112840	addons.manager	DEBUG	Starting provider: LightweightThemeManager
1522071112840	addons.manager	DEBUG	Registering shutdown blocker for LightweightThemeManager
1522071112840	addons.manager	DEBUG	Provider finished startup: LightweightThemeManager
1522071112841	addons.manager	DEBUG	Starting provider: GMPProvider
1522071112847	addons.manager	DEBUG	Registering shutdown blocker for GMPProvider
1522071112847	addons.manager	DEBUG	Provider finished startup: GMPProvider
1522071112847	addons.manager	DEBUG	Starting provider: PluginProvider
1522071112847	addons.manager	DEBUG	Registering shutdown blocker for PluginProvider
1522071112848	addons.manager	DEBUG	Provider finished startup: PluginProvider
1522071112848	addons.manager	DEBUG	Completed startup sequence
1522071114713	addons.manager	DEBUG	Starting provider: <unnamed-provider>
1522071114713	addons.manager	DEBUG	Registering shutdown blocker for <unnamed-provider>
1522071114713	addons.manager	DEBUG	Provider finished startup: <unnamed-provider>
1522071114715	DeferredSave.extensions.json	DEBUG	Starting write
1522071115523	addons.repository	DEBUG	No addons.json found.
1522071115523	DeferredSave.addons.json	DEBUG	Save changes
1522071115526	DeferredSave.addons.json	DEBUG	Starting timer
1522071115568	addons.manager	DEBUG	Starting provider: PreviousExperimentProvider
1522071115568	addons.manager	DEBUG	Registering shutdown blocker for PreviousExperimentProvider
1522071115568	addons.manager	DEBUG	Provider finished startup: PreviousExperimentProvider
1522071115578	DeferredSave.extensions.json	DEBUG	Write succeeded
1522071115578	addons.xpi-utils	DEBUG	XPI Database saved, setting schema version preference to 17
1522071115579	DeferredSave.addons.json	DEBUG	Starting write
1522071115722	DeferredSave.addons.json	DEBUG	Write succeeded

Build info: version: '2.53.0', revision: '35ae25b1534ae328c771e0856c93e187490ca824', time: '2016-03-15 10:43:46'
System info: host: '01hw737984', ip: '192.168.0.174', os.name: 'Windows 7', os.arch: 'amd64', os.version: '6.1', java.version: '1.8.0_161'
Driver info: driver.version: ConvertFirefoxDriver
	at org.openqa.selenium.firefox.internal.NewProfileExtensionConnection.start(NewProfileExtensionConnection.java:125)
	at org.openqa.selenium.firefox.FirefoxDriver.startClient(FirefoxDriver.java:271)
	at org.openqa.selenium.remote.RemoteWebDriver.<init>(RemoteWebDriver.java:119)
	at org.openqa.selenium.firefox.FirefoxDriver.<init>(FirefoxDriver.java:216)
	at org.openqa.selenium.firefox.FirefoxDriver.<init>(FirefoxDriver.java:211)
	at com.mcgraw.test.automation.framework.selenium2.ui.ConvertFirefoxDriver.<init>(ConvertFirefoxDriver.java:39)
	at com.mcgraw.test.automation.framework.selenium2.runner.config.webdriver.factory.FirefoxWebDriverFactory.createWebDriver(FirefoxWebDriverFactory.java:105)
	at com.mcgraw.test.automation.framework.selenium2.runner.config.webdriver.factory.FirefoxWebDriverFactory.createWebDriver(FirefoxWebDriverFactory.java:1)
	at com.mcgraw.test.automation.framework.selenium2.ui.Browser.createBrowser(Browser.java:194)
	at com.mcgraw.test.automation.tests.base.BaseTest.prepareTest(BaseTest.java:40)
	at sun.reflect.NativeMethodAccessorImpl.invoke0(Native Method)
	at sun.reflect.NativeMethodAccessorImpl.invoke(Unknown Source)
	at sun.reflect.DelegatingMethodAccessorImpl.invoke(Unknown Source)
	at java.lang.reflect.Method.invoke(Unknown Source)
	at org.testng.internal.MethodInvocationHelper.invokeMethod(MethodInvocationHelper.java:84)
	at org.testng.internal.Invoker.invokeConfigurationMethod(Invoker.java:564)
	at org.testng.internal.Invoker.invokeConfigurations(Invoker.java:213)
	at org.testng.internal.Invoker.invokeConfigurations(Invoker.java:138)
	at org.testng.internal.TestMethodWorker.invokeBeforeClassMethods(TestMethodWorker.java:175)
	at org.testng.internal.TestMethodWorker.run(TestMethodWorker.java:107)
	at org.testng.TestRunner.privateRun(TestRunner.java:767)
	at org.testng.TestRunner.run(TestRunner.java:617)
	at org.testng.SuiteRunner.runTest(SuiteRunner.java:334)
	at org.testng.SuiteRunner.runSequentially(SuiteRunner.java:329)
	at org.testng.SuiteRunner.privateRun(SuiteRunner.java:291)
	at org.testng.SuiteRunner.run(SuiteRunner.java:240)
	at org.testng.SuiteRunnerWorker.runSuite(SuiteRunnerWorker.java:52)
	at org.testng.SuiteRunnerWorker.run(SuiteRunnerWorker.java:86)
	at org.testng.TestNG.runSuitesSequentially(TestNG.java:1224)
	at org.testng.TestNG.runSuitesLocally(TestNG.java:1149)
	at org.testng.TestNG.run(TestNG.java:1057)
	at org.testng.remote.AbstractRemoteTestNG.run(AbstractRemoteTestNG.java:114)
	at org.testng.remote.RemoteTestNG.initAndRun(RemoteTestNG.java:251)
	at org.testng.remote.RemoteTestNG.main(RemoteTestNG.java:77)
Caused by: org.openqa.selenium.firefox.NotConnectedException: Unable to connect to host 127.0.0.1 on port 7055 after 45000 ms. Firefox console output:
png","48":"icon.png"},"iconURL":null,"icon64URL":null,"defaultLocale":{"name":"Default","description":"The default theme.","creator":"Mozilla","homepageURL":null,"contributors":["Mozilla Contributors"]},"visible":true,"active":true,"userDisabled":false,"appDisabled":false,"descriptor":"C:\\Program Files\\Mozilla Firefox\\browser\\extensions\\{972ce4c6-7e08-4474-a285-3208198ce6fd}.xpi","installDate":1522070774701,"updateDate":1522070774701,"applyBackgroundUpdates":1,"skinnable":true,"size":22012,"sourceURI":null,"releaseNotesURI":null,"softDisabled":false,"foreignInstall":false,"hasBinaryComponents":false,"strictCompatibility":true,"locales":[],"targetApplications":[{"id":"{ec8030f7-c20a-464f-9b0e-13a3a9e97384}","minVersion":"47.0.2","maxVersion":"47.0.2"}],"targetPlatforms":[],"seen":true}
1522071112797	addons.xpi	DEBUG	getModTime: Recursive scan of {972ce4c6-7e08-4474-a285-3208198ce6fd}
1522071112798	DeferredSave.extensions.json	DEBUG	Save changes
1522071112799	addons.xpi	DEBUG	Updating database with changes to installed add-ons
1522071112799	addons.xpi-utils	DEBUG	Updating add-on states
1522071112805	addons.xpi-utils	DEBUG	Writing add-ons list
1522071112817	addons.xpi	DEBUG	Registering manifest for C:\Program Files\Mozilla Firefox\browser\features\e10srollout@mozilla.org.xpi
1522071112818	addons.xpi	DEBUG	Calling bootstrap method startup on e10srollout@mozilla.org version 1.0
1522071112818	addons.xpi	DEBUG	Registering manifest for C:\Program Files\Mozilla Firefox\browser\features\firefox@getpocket.com.xpi
1522071112819	addons.xpi	DEBUG	Calling bootstrap method startup on firefox@getpocket.com version 1.0.2
1522071112820	addons.xpi	DEBUG	Registering manifest for C:\Program Files\Mozilla Firefox\browser\features\loop@mozilla.org.xpi
1522071112821	addons.xpi	DEBUG	Calling bootstrap method startup on loop@mozilla.org version 1.3.2
1522071112836	addons.xpi	DEBUG	Registering manifest for C:\Program Files\Mozilla Firefox\browser\features\websensehelper@mozilla.org.xpi
1522071112837	addons.xpi	DEBUG	Calling bootstrap method startup on websensehelper@mozilla.org version 1.0
1522071112840	addons.manager	DEBUG	Registering shutdown blocker for XPIProvider
1522071112840	addons.manager	DEBUG	Provider finished startup: XPIProvider
1522071112840	addons.manager	DEBUG	Starting provider: LightweightThemeManager
1522071112840	addons.manager	DEBUG	Registering shutdown blocker for LightweightThemeManager
1522071112840	addons.manager	DEBUG	Provider finished startup: LightweightThemeManager
1522071112841	addons.manager	DEBUG	Starting provider: GMPProvider
1522071112847	addons.manager	DEBUG	Registering shutdown blocker for GMPProvider
1522071112847	addons.manager	DEBUG	Provider finished startup: GMPProvider
1522071112847	addons.manager	DEBUG	Starting provider: PluginProvider
1522071112847	addons.manager	DEBUG	Registering shutdown blocker for PluginProvider
1522071112848	addons.manager	DEBUG	Provider finished startup: PluginProvider
1522071112848	addons.manager	DEBUG	Completed startup sequence
1522071114713	addons.manager	DEBUG	Starting provider: <unnamed-provider>
1522071114713	addons.manager	DEBUG	Registering shutdown blocker for <unnamed-provider>
1522071114713	addons.manager	DEBUG	Provider finished startup: <unnamed-provider>
1522071114715	DeferredSave.extensions.json	DEBUG	Starting write
1522071115523	addons.repository	DEBUG	No addons.json found.
1522071115523	DeferredSave.addons.json	DEBUG	Save changes
1522071115526	DeferredSave.addons.json	DEBUG	Starting timer
1522071115568	addons.manager	DEBUG	Starting provider: PreviousExperimentProvider
1522071115568	addons.manager	DEBUG	Registering shutdown blocker for PreviousExperimentProvider
1522071115568	addons.manager	DEBUG	Provider finished startup: PreviousExperimentProvider
1522071115578	DeferredSave.extensions.json	DEBUG	Write succeeded
1522071115578	addons.xpi-utils	DEBUG	XPI Database saved, setting schema version preference to 17
1522071115579	DeferredSave.addons.json	DEBUG	Starting write
1522071115722	DeferredSave.addons.json	DEBUG	Write succeeded

	at org.openqa.selenium.firefox.internal.NewProfileExtensionConnection.start(NewProfileExtensionConnection.java:113)
	... 33 more
]]>
    </failure>
  </testcase> <!-- checkAuthorizationConnectorForNotExistingUser -->
  <testcase name="checkResultOfCommonTestButtonForNotExistingUser" time="0.001" classname="com.mcgraw.test.automation.tests.canvas.TestConnectors">
    <failure type="org.openqa.selenium.WebDriverException" message="Failed to connect to binary FirefoxBinary(C:\Program Files\Mozilla Firefox\firefox.exe) on port 7055; process output follows: 
png&quot;,&quot;48&quot;:&quot;icon.png&quot;},&quot;iconURL&quot;:null,&quot;icon64URL&quot;:null,&quot;defaultLocale&quot;:{&quot;name&quot;:&quot;Default&quot;,&quot;description&quot;:&quot;The default theme.&quot;,&quot;creator&quot;:&quot;Mozilla&quot;,&quot;homepageURL&quot;:null,&quot;contributors&quot;:[&quot;Mozilla Contributors&quot;]},&quot;visible&quot;:true,&quot;active&quot;:true,&quot;userDisabled&quot;:false,&quot;appDisabled&quot;:false,&quot;descriptor&quot;:&quot;C:\\Program Files\\Mozilla Firefox\\browser\\extensions\\{972ce4c6-7e08-4474-a285-3208198ce6fd}.xpi&quot;,&quot;installDate&quot;:1522070774701,&quot;updateDate&quot;:1522070774701,&quot;applyBackgroundUpdates&quot;:1,&quot;skinnable&quot;:true,&quot;size&quot;:22012,&quot;sourceURI&quot;:null,&quot;releaseNotesURI&quot;:null,&quot;softDisabled&quot;:false,&quot;foreignInstall&quot;:false,&quot;hasBinaryComponents&quot;:false,&quot;strictCompatibility&quot;:true,&quot;locales&quot;:[],&quot;targetApplications&quot;:[{&quot;id&quot;:&quot;{ec8030f7-c20a-464f-9b0e-13a3a9e97384}&quot;,&quot;minVersion&quot;:&quot;47.0.2&quot;,&quot;maxVersion&quot;:&quot;47.0.2&quot;}],&quot;targetPlatforms&quot;:[],&quot;seen&quot;:true}
1522071112797	addons.xpi	DEBUG	getModTime: Recursive scan of {972ce4c6-7e08-4474-a285-3208198ce6fd}
1522071112798	DeferredSave.extensions.json	DEBUG	Save changes
1522071112799	addons.xpi	DEBUG	Updating database with changes to installed add-ons
1522071112799	addons.xpi-utils	DEBUG	Updating add-on states
1522071112805	addons.xpi-utils	DEBUG	Writing add-ons list
1522071112817	addons.xpi	DEBUG	Registering manifest for C:\Program Files\Mozilla Firefox\browser\features\e10srollout@mozilla.org.xpi
1522071112818	addons.xpi	DEBUG	Calling bootstrap method startup on e10srollout@mozilla.org version 1.0
1522071112818	addons.xpi	DEBUG	Registering manifest for C:\Program Files\Mozilla Firefox\browser\features\firefox@getpocket.com.xpi
1522071112819	addons.xpi	DEBUG	Calling bootstrap method startup on firefox@getpocket.com version 1.0.2
1522071112820	addons.xpi	DEBUG	Registering manifest for C:\Program Files\Mozilla Firefox\browser\features\loop@mozilla.org.xpi
1522071112821	addons.xpi	DEBUG	Calling bootstrap method startup on loop@mozilla.org version 1.3.2
1522071112836	addons.xpi	DEBUG	Registering manifest for C:\Program Files\Mozilla Firefox\browser\features\websensehelper@mozilla.org.xpi
1522071112837	addons.xpi	DEBUG	Calling bootstrap method startup on websensehelper@mozilla.org version 1.0
1522071112840	addons.manager	DEBUG	Registering shutdown blocker for XPIProvider
1522071112840	addons.manager	DEBUG	Provider finished startup: XPIProvider
1522071112840	addons.manager	DEBUG	Starting provider: LightweightThemeManager
1522071112840	addons.manager	DEBUG	Registering shutdown blocker for LightweightThemeManager
1522071112840	addons.manager	DEBUG	Provider finished startup: LightweightThemeManager
1522071112841	addons.manager	DEBUG	Starting provider: GMPProvider
1522071112847	addons.manager	DEBUG	Registering shutdown blocker for GMPProvider
1522071112847	addons.manager	DEBUG	Provider finished startup: GMPProvider
1522071112847	addons.manager	DEBUG	Starting provider: PluginProvider
1522071112847	addons.manager	DEBUG	Registering shutdown blocker for PluginProvider
1522071112848	addons.manager	DEBUG	Provider finished startup: PluginProvider
1522071112848	addons.manager	DEBUG	Completed startup sequence
1522071114713	addons.manager	DEBUG	Starting provider: &lt;unnamed-provider&gt;
1522071114713	addons.manager	DEBUG	Registering shutdown blocker for &lt;unnamed-provider&gt;
1522071114713	addons.manager	DEBUG	Provider finished startup: &lt;unnamed-provider&gt;
1522071114715	DeferredSave.extensions.json	DEBUG	Starting write
1522071115523	addons.repository	DEBUG	No addons.json found.
1522071115523	DeferredSave.addons.json	DEBUG	Save changes
1522071115526	DeferredSave.addons.json	DEBUG	Starting timer
1522071115568	addons.manager	DEBUG	Starting provider: PreviousExperimentProvider
1522071115568	addons.manager	DEBUG	Registering shutdown blocker for PreviousExperimentProvider
1522071115568	addons.manager	DEBUG	Provider finished startup: PreviousExperimentProvider
1522071115578	DeferredSave.extensions.json	DEBUG	Write succeeded
1522071115578	addons.xpi-utils	DEBUG	XPI Database saved, setting schema version preference to 17
1522071115579	DeferredSave.addons.json	DEBUG	Starting write
1522071115722	DeferredSave.addons.json	DEBUG	Write succeeded

Build info: version: &#039;2.53.0&#039;, revision: &#039;35ae25b1534ae328c771e0856c93e187490ca824&#039;, time: &#039;2016-03-15 10:43:46&#039;
System info: host: &#039;01hw737984&#039;, ip: &#039;192.168.0.174&#039;, os.name: &#039;Windows 7&#039;, os.arch: &#039;amd64&#039;, os.version: &#039;6.1&#039;, java.version: &#039;1.8.0_161&#039;
Driver info: driver.version: ConvertFirefoxDriver">
      <![CDATA[org.openqa.selenium.WebDriverException: Failed to connect to binary FirefoxBinary(C:\Program Files\Mozilla Firefox\firefox.exe) on port 7055; process output follows: 
png","48":"icon.png"},"iconURL":null,"icon64URL":null,"defaultLocale":{"name":"Default","description":"The default theme.","creator":"Mozilla","homepageURL":null,"contributors":["Mozilla Contributors"]},"visible":true,"active":true,"userDisabled":false,"appDisabled":false,"descriptor":"C:\\Program Files\\Mozilla Firefox\\browser\\extensions\\{972ce4c6-7e08-4474-a285-3208198ce6fd}.xpi","installDate":1522070774701,"updateDate":1522070774701,"applyBackgroundUpdates":1,"skinnable":true,"size":22012,"sourceURI":null,"releaseNotesURI":null,"softDisabled":false,"foreignInstall":false,"hasBinaryComponents":false,"strictCompatibility":true,"locales":[],"targetApplications":[{"id":"{ec8030f7-c20a-464f-9b0e-13a3a9e97384}","minVersion":"47.0.2","maxVersion":"47.0.2"}],"targetPlatforms":[],"seen":true}
1522071112797	addons.xpi	DEBUG	getModTime: Recursive scan of {972ce4c6-7e08-4474-a285-3208198ce6fd}
1522071112798	DeferredSave.extensions.json	DEBUG	Save changes
1522071112799	addons.xpi	DEBUG	Updating database with changes to installed add-ons
1522071112799	addons.xpi-utils	DEBUG	Updating add-on states
1522071112805	addons.xpi-utils	DEBUG	Writing add-ons list
1522071112817	addons.xpi	DEBUG	Registering manifest for C:\Program Files\Mozilla Firefox\browser\features\e10srollout@mozilla.org.xpi
1522071112818	addons.xpi	DEBUG	Calling bootstrap method startup on e10srollout@mozilla.org version 1.0
1522071112818	addons.xpi	DEBUG	Registering manifest for C:\Program Files\Mozilla Firefox\browser\features\firefox@getpocket.com.xpi
1522071112819	addons.xpi	DEBUG	Calling bootstrap method startup on firefox@getpocket.com version 1.0.2
1522071112820	addons.xpi	DEBUG	Registering manifest for C:\Program Files\Mozilla Firefox\browser\features\loop@mozilla.org.xpi
1522071112821	addons.xpi	DEBUG	Calling bootstrap method startup on loop@mozilla.org version 1.3.2
1522071112836	addons.xpi	DEBUG	Registering manifest for C:\Program Files\Mozilla Firefox\browser\features\websensehelper@mozilla.org.xpi
1522071112837	addons.xpi	DEBUG	Calling bootstrap method startup on websensehelper@mozilla.org version 1.0
1522071112840	addons.manager	DEBUG	Registering shutdown blocker for XPIProvider
1522071112840	addons.manager	DEBUG	Provider finished startup: XPIProvider
1522071112840	addons.manager	DEBUG	Starting provider: LightweightThemeManager
1522071112840	addons.manager	DEBUG	Registering shutdown blocker for LightweightThemeManager
1522071112840	addons.manager	DEBUG	Provider finished startup: LightweightThemeManager
1522071112841	addons.manager	DEBUG	Starting provider: GMPProvider
1522071112847	addons.manager	DEBUG	Registering shutdown blocker for GMPProvider
1522071112847	addons.manager	DEBUG	Provider finished startup: GMPProvider
1522071112847	addons.manager	DEBUG	Starting provider: PluginProvider
1522071112847	addons.manager	DEBUG	Registering shutdown blocker for PluginProvider
1522071112848	addons.manager	DEBUG	Provider finished startup: PluginProvider
1522071112848	addons.manager	DEBUG	Completed startup sequence
1522071114713	addons.manager	DEBUG	Starting provider: <unnamed-provider>
1522071114713	addons.manager	DEBUG	Registering shutdown blocker for <unnamed-provider>
1522071114713	addons.manager	DEBUG	Provider finished startup: <unnamed-provider>
1522071114715	DeferredSave.extensions.json	DEBUG	Starting write
1522071115523	addons.repository	DEBUG	No addons.json found.
1522071115523	DeferredSave.addons.json	DEBUG	Save changes
1522071115526	DeferredSave.addons.json	DEBUG	Starting timer
1522071115568	addons.manager	DEBUG	Starting provider: PreviousExperimentProvider
1522071115568	addons.manager	DEBUG	Registering shutdown blocker for PreviousExperimentProvider
1522071115568	addons.manager	DEBUG	Provider finished startup: PreviousExperimentProvider
1522071115578	DeferredSave.extensions.json	DEBUG	Write succeeded
1522071115578	addons.xpi-utils	DEBUG	XPI Database saved, setting schema version preference to 17
1522071115579	DeferredSave.addons.json	DEBUG	Starting write
1522071115722	DeferredSave.addons.json	DEBUG	Write succeeded

Build info: version: '2.53.0', revision: '35ae25b1534ae328c771e0856c93e187490ca824', time: '2016-03-15 10:43:46'
System info: host: '01hw737984', ip: '192.168.0.174', os.name: 'Windows 7', os.arch: 'amd64', os.version: '6.1', java.version: '1.8.0_161'
Driver info: driver.version: ConvertFirefoxDriver
	at org.openqa.selenium.firefox.internal.NewProfileExtensionConnection.start(NewProfileExtensionConnection.java:125)
	at org.openqa.selenium.firefox.FirefoxDriver.startClient(FirefoxDriver.java:271)
	at org.openqa.selenium.remote.RemoteWebDriver.<init>(RemoteWebDriver.java:119)
	at org.openqa.selenium.firefox.FirefoxDriver.<init>(FirefoxDriver.java:216)
	at org.openqa.selenium.firefox.FirefoxDriver.<init>(FirefoxDriver.java:211)
	at com.mcgraw.test.automation.framework.selenium2.ui.ConvertFirefoxDriver.<init>(ConvertFirefoxDriver.java:39)
	at com.mcgraw.test.automation.framework.selenium2.runner.config.webdriver.factory.FirefoxWebDriverFactory.createWebDriver(FirefoxWebDriverFactory.java:105)
	at com.mcgraw.test.automation.framework.selenium2.runner.config.webdriver.factory.FirefoxWebDriverFactory.createWebDriver(FirefoxWebDriverFactory.java:1)
	at com.mcgraw.test.automation.framework.selenium2.ui.Browser.createBrowser(Browser.java:194)
	at com.mcgraw.test.automation.tests.base.BaseTest.prepareTest(BaseTest.java:40)
	at sun.reflect.NativeMethodAccessorImpl.invoke0(Native Method)
	at sun.reflect.NativeMethodAccessorImpl.invoke(Unknown Source)
	at sun.reflect.DelegatingMethodAccessorImpl.invoke(Unknown Source)
	at java.lang.reflect.Method.invoke(Unknown Source)
	at org.testng.internal.MethodInvocationHelper.invokeMethod(MethodInvocationHelper.java:84)
	at org.testng.internal.Invoker.invokeConfigurationMethod(Invoker.java:564)
	at org.testng.internal.Invoker.invokeConfigurations(Invoker.java:213)
	at org.testng.internal.Invoker.invokeConfigurations(Invoker.java:138)
	at org.testng.internal.TestMethodWorker.invokeBeforeClassMethods(TestMethodWorker.java:175)
	at org.testng.internal.TestMethodWorker.run(TestMethodWorker.java:107)
	at org.testng.TestRunner.privateRun(TestRunner.java:767)
	at org.testng.TestRunner.run(TestRunner.java:617)
	at org.testng.SuiteRunner.runTest(SuiteRunner.java:334)
	at org.testng.SuiteRunner.runSequentially(SuiteRunner.java:329)
	at org.testng.SuiteRunner.privateRun(SuiteRunner.java:291)
	at org.testng.SuiteRunner.run(SuiteRunner.java:240)
	at org.testng.SuiteRunnerWorker.runSuite(SuiteRunnerWorker.java:52)
	at org.testng.SuiteRunnerWorker.run(SuiteRunnerWorker.java:86)
	at org.testng.TestNG.runSuitesSequentially(TestNG.java:1224)
	at org.testng.TestNG.runSuitesLocally(TestNG.java:1149)
	at org.testng.TestNG.run(TestNG.java:1057)
	at org.testng.remote.AbstractRemoteTestNG.run(AbstractRemoteTestNG.java:114)
	at org.testng.remote.RemoteTestNG.initAndRun(RemoteTestNG.java:251)
	at org.testng.remote.RemoteTestNG.main(RemoteTestNG.java:77)
Caused by: org.openqa.selenium.firefox.NotConnectedException: Unable to connect to host 127.0.0.1 on port 7055 after 45000 ms. Firefox console output:
png","48":"icon.png"},"iconURL":null,"icon64URL":null,"defaultLocale":{"name":"Default","description":"The default theme.","creator":"Mozilla","homepageURL":null,"contributors":["Mozilla Contributors"]},"visible":true,"active":true,"userDisabled":false,"appDisabled":false,"descriptor":"C:\\Program Files\\Mozilla Firefox\\browser\\extensions\\{972ce4c6-7e08-4474-a285-3208198ce6fd}.xpi","installDate":1522070774701,"updateDate":1522070774701,"applyBackgroundUpdates":1,"skinnable":true,"size":22012,"sourceURI":null,"releaseNotesURI":null,"softDisabled":false,"foreignInstall":false,"hasBinaryComponents":false,"strictCompatibility":true,"locales":[],"targetApplications":[{"id":"{ec8030f7-c20a-464f-9b0e-13a3a9e97384}","minVersion":"47.0.2","maxVersion":"47.0.2"}],"targetPlatforms":[],"seen":true}
1522071112797	addons.xpi	DEBUG	getModTime: Recursive scan of {972ce4c6-7e08-4474-a285-3208198ce6fd}
1522071112798	DeferredSave.extensions.json	DEBUG	Save changes
1522071112799	addons.xpi	DEBUG	Updating database with changes to installed add-ons
1522071112799	addons.xpi-utils	DEBUG	Updating add-on states
1522071112805	addons.xpi-utils	DEBUG	Writing add-ons list
1522071112817	addons.xpi	DEBUG	Registering manifest for C:\Program Files\Mozilla Firefox\browser\features\e10srollout@mozilla.org.xpi
1522071112818	addons.xpi	DEBUG	Calling bootstrap method startup on e10srollout@mozilla.org version 1.0
1522071112818	addons.xpi	DEBUG	Registering manifest for C:\Program Files\Mozilla Firefox\browser\features\firefox@getpocket.com.xpi
1522071112819	addons.xpi	DEBUG	Calling bootstrap method startup on firefox@getpocket.com version 1.0.2
1522071112820	addons.xpi	DEBUG	Registering manifest for C:\Program Files\Mozilla Firefox\browser\features\loop@mozilla.org.xpi
1522071112821	addons.xpi	DEBUG	Calling bootstrap method startup on loop@mozilla.org version 1.3.2
1522071112836	addons.xpi	DEBUG	Registering manifest for C:\Program Files\Mozilla Firefox\browser\features\websensehelper@mozilla.org.xpi
1522071112837	addons.xpi	DEBUG	Calling bootstrap method startup on websensehelper@mozilla.org version 1.0
1522071112840	addons.manager	DEBUG	Registering shutdown blocker for XPIProvider
1522071112840	addons.manager	DEBUG	Provider finished startup: XPIProvider
1522071112840	addons.manager	DEBUG	Starting provider: LightweightThemeManager
1522071112840	addons.manager	DEBUG	Registering shutdown blocker for LightweightThemeManager
1522071112840	addons.manager	DEBUG	Provider finished startup: LightweightThemeManager
1522071112841	addons.manager	DEBUG	Starting provider: GMPProvider
1522071112847	addons.manager	DEBUG	Registering shutdown blocker for GMPProvider
1522071112847	addons.manager	DEBUG	Provider finished startup: GMPProvider
1522071112847	addons.manager	DEBUG	Starting provider: PluginProvider
1522071112847	addons.manager	DEBUG	Registering shutdown blocker for PluginProvider
1522071112848	addons.manager	DEBUG	Provider finished startup: PluginProvider
1522071112848	addons.manager	DEBUG	Completed startup sequence
1522071114713	addons.manager	DEBUG	Starting provider: <unnamed-provider>
1522071114713	addons.manager	DEBUG	Registering shutdown blocker for <unnamed-provider>
1522071114713	addons.manager	DEBUG	Provider finished startup: <unnamed-provider>
1522071114715	DeferredSave.extensions.json	DEBUG	Starting write
1522071115523	addons.repository	DEBUG	No addons.json found.
1522071115523	DeferredSave.addons.json	DEBUG	Save changes
1522071115526	DeferredSave.addons.json	DEBUG	Starting timer
1522071115568	addons.manager	DEBUG	Starting provider: PreviousExperimentProvider
1522071115568	addons.manager	DEBUG	Registering shutdown blocker for PreviousExperimentProvider
1522071115568	addons.manager	DEBUG	Provider finished startup: PreviousExperimentProvider
1522071115578	DeferredSave.extensions.json	DEBUG	Write succeeded
1522071115578	addons.xpi-utils	DEBUG	XPI Database saved, setting schema version preference to 17
1522071115579	DeferredSave.addons.json	DEBUG	Starting write
1522071115722	DeferredSave.addons.json	DEBUG	Write succeeded

	at org.openqa.selenium.firefox.internal.NewProfileExtensionConnection.start(NewProfileExtensionConnection.java:113)
	... 33 more
]]>
    </failure>
  </testcase> <!-- checkResultOfCommonTestButtonForNotExistingUser -->
  <testcase name="checkAuthorizationConnectorForInstructor" time="0.004" classname="com.mcgraw.test.automation.tests.canvas.TestConnectors">
    <failure type="org.openqa.selenium.WebDriverException" message="Failed to connect to binary FirefoxBinary(C:\Program Files\Mozilla Firefox\firefox.exe) on port 7055; process output follows: 
png&quot;,&quot;48&quot;:&quot;icon.png&quot;},&quot;iconURL&quot;:null,&quot;icon64URL&quot;:null,&quot;defaultLocale&quot;:{&quot;name&quot;:&quot;Default&quot;,&quot;description&quot;:&quot;The default theme.&quot;,&quot;creator&quot;:&quot;Mozilla&quot;,&quot;homepageURL&quot;:null,&quot;contributors&quot;:[&quot;Mozilla Contributors&quot;]},&quot;visible&quot;:true,&quot;active&quot;:true,&quot;userDisabled&quot;:false,&quot;appDisabled&quot;:false,&quot;descriptor&quot;:&quot;C:\\Program Files\\Mozilla Firefox\\browser\\extensions\\{972ce4c6-7e08-4474-a285-3208198ce6fd}.xpi&quot;,&quot;installDate&quot;:1522070774701,&quot;updateDate&quot;:1522070774701,&quot;applyBackgroundUpdates&quot;:1,&quot;skinnable&quot;:true,&quot;size&quot;:22012,&quot;sourceURI&quot;:null,&quot;releaseNotesURI&quot;:null,&quot;softDisabled&quot;:false,&quot;foreignInstall&quot;:false,&quot;hasBinaryComponents&quot;:false,&quot;strictCompatibility&quot;:true,&quot;locales&quot;:[],&quot;targetApplications&quot;:[{&quot;id&quot;:&quot;{ec8030f7-c20a-464f-9b0e-13a3a9e97384}&quot;,&quot;minVersion&quot;:&quot;47.0.2&quot;,&quot;maxVersion&quot;:&quot;47.0.2&quot;}],&quot;targetPlatforms&quot;:[],&quot;seen&quot;:true}
1522071112797	addons.xpi	DEBUG	getModTime: Recursive scan of {972ce4c6-7e08-4474-a285-3208198ce6fd}
1522071112798	DeferredSave.extensions.json	DEBUG	Save changes
1522071112799	addons.xpi	DEBUG	Updating database with changes to installed add-ons
1522071112799	addons.xpi-utils	DEBUG	Updating add-on states
1522071112805	addons.xpi-utils	DEBUG	Writing add-ons list
1522071112817	addons.xpi	DEBUG	Registering manifest for C:\Program Files\Mozilla Firefox\browser\features\e10srollout@mozilla.org.xpi
1522071112818	addons.xpi	DEBUG	Calling bootstrap method startup on e10srollout@mozilla.org version 1.0
1522071112818	addons.xpi	DEBUG	Registering manifest for C:\Program Files\Mozilla Firefox\browser\features\firefox@getpocket.com.xpi
1522071112819	addons.xpi	DEBUG	Calling bootstrap method startup on firefox@getpocket.com version 1.0.2
1522071112820	addons.xpi	DEBUG	Registering manifest for C:\Program Files\Mozilla Firefox\browser\features\loop@mozilla.org.xpi
1522071112821	addons.xpi	DEBUG	Calling bootstrap method startup on loop@mozilla.org version 1.3.2
1522071112836	addons.xpi	DEBUG	Registering manifest for C:\Program Files\Mozilla Firefox\browser\features\websensehelper@mozilla.org.xpi
1522071112837	addons.xpi	DEBUG	Calling bootstrap method startup on websensehelper@mozilla.org version 1.0
1522071112840	addons.manager	DEBUG	Registering shutdown blocker for XPIProvider
1522071112840	addons.manager	DEBUG	Provider finished startup: XPIProvider
1522071112840	addons.manager	DEBUG	Starting provider: LightweightThemeManager
1522071112840	addons.manager	DEBUG	Registering shutdown blocker for LightweightThemeManager
1522071112840	addons.manager	DEBUG	Provider finished startup: LightweightThemeManager
1522071112841	addons.manager	DEBUG	Starting provider: GMPProvider
1522071112847	addons.manager	DEBUG	Registering shutdown blocker for GMPProvider
1522071112847	addons.manager	DEBUG	Provider finished startup: GMPProvider
1522071112847	addons.manager	DEBUG	Starting provider: PluginProvider
1522071112847	addons.manager	DEBUG	Registering shutdown blocker for PluginProvider
1522071112848	addons.manager	DEBUG	Provider finished startup: PluginProvider
1522071112848	addons.manager	DEBUG	Completed startup sequence
1522071114713	addons.manager	DEBUG	Starting provider: &lt;unnamed-provider&gt;
1522071114713	addons.manager	DEBUG	Registering shutdown blocker for &lt;unnamed-provider&gt;
1522071114713	addons.manager	DEBUG	Provider finished startup: &lt;unnamed-provider&gt;
1522071114715	DeferredSave.extensions.json	DEBUG	Starting write
1522071115523	addons.repository	DEBUG	No addons.json found.
1522071115523	DeferredSave.addons.json	DEBUG	Save changes
1522071115526	DeferredSave.addons.json	DEBUG	Starting timer
1522071115568	addons.manager	DEBUG	Starting provider: PreviousExperimentProvider
1522071115568	addons.manager	DEBUG	Registering shutdown blocker for PreviousExperimentProvider
1522071115568	addons.manager	DEBUG	Provider finished startup: PreviousExperimentProvider
1522071115578	DeferredSave.extensions.json	DEBUG	Write succeeded
1522071115578	addons.xpi-utils	DEBUG	XPI Database saved, setting schema version preference to 17
1522071115579	DeferredSave.addons.json	DEBUG	Starting write
1522071115722	DeferredSave.addons.json	DEBUG	Write succeeded

Build info: version: &#039;2.53.0&#039;, revision: &#039;35ae25b1534ae328c771e0856c93e187490ca824&#039;, time: &#039;2016-03-15 10:43:46&#039;
System info: host: &#039;01hw737984&#039;, ip: &#039;192.168.0.174&#039;, os.name: &#039;Windows 7&#039;, os.arch: &#039;amd64&#039;, os.version: &#039;6.1&#039;, java.version: &#039;1.8.0_161&#039;
Driver info: driver.version: ConvertFirefoxDriver">
      <![CDATA[org.openqa.selenium.WebDriverException: Failed to connect to binary FirefoxBinary(C:\Program Files\Mozilla Firefox\firefox.exe) on port 7055; process output follows: 
png","48":"icon.png"},"iconURL":null,"icon64URL":null,"defaultLocale":{"name":"Default","description":"The default theme.","creator":"Mozilla","homepageURL":null,"contributors":["Mozilla Contributors"]},"visible":true,"active":true,"userDisabled":false,"appDisabled":false,"descriptor":"C:\\Program Files\\Mozilla Firefox\\browser\\extensions\\{972ce4c6-7e08-4474-a285-3208198ce6fd}.xpi","installDate":1522070774701,"updateDate":1522070774701,"applyBackgroundUpdates":1,"skinnable":true,"size":22012,"sourceURI":null,"releaseNotesURI":null,"softDisabled":false,"foreignInstall":false,"hasBinaryComponents":false,"strictCompatibility":true,"locales":[],"targetApplications":[{"id":"{ec8030f7-c20a-464f-9b0e-13a3a9e97384}","minVersion":"47.0.2","maxVersion":"47.0.2"}],"targetPlatforms":[],"seen":true}
1522071112797	addons.xpi	DEBUG	getModTime: Recursive scan of {972ce4c6-7e08-4474-a285-3208198ce6fd}
1522071112798	DeferredSave.extensions.json	DEBUG	Save changes
1522071112799	addons.xpi	DEBUG	Updating database with changes to installed add-ons
1522071112799	addons.xpi-utils	DEBUG	Updating add-on states
1522071112805	addons.xpi-utils	DEBUG	Writing add-ons list
1522071112817	addons.xpi	DEBUG	Registering manifest for C:\Program Files\Mozilla Firefox\browser\features\e10srollout@mozilla.org.xpi
1522071112818	addons.xpi	DEBUG	Calling bootstrap method startup on e10srollout@mozilla.org version 1.0
1522071112818	addons.xpi	DEBUG	Registering manifest for C:\Program Files\Mozilla Firefox\browser\features\firefox@getpocket.com.xpi
1522071112819	addons.xpi	DEBUG	Calling bootstrap method startup on firefox@getpocket.com version 1.0.2
1522071112820	addons.xpi	DEBUG	Registering manifest for C:\Program Files\Mozilla Firefox\browser\features\loop@mozilla.org.xpi
1522071112821	addons.xpi	DEBUG	Calling bootstrap method startup on loop@mozilla.org version 1.3.2
1522071112836	addons.xpi	DEBUG	Registering manifest for C:\Program Files\Mozilla Firefox\browser\features\websensehelper@mozilla.org.xpi
1522071112837	addons.xpi	DEBUG	Calling bootstrap method startup on websensehelper@mozilla.org version 1.0
1522071112840	addons.manager	DEBUG	Registering shutdown blocker for XPIProvider
1522071112840	addons.manager	DEBUG	Provider finished startup: XPIProvider
1522071112840	addons.manager	DEBUG	Starting provider: LightweightThemeManager
1522071112840	addons.manager	DEBUG	Registering shutdown blocker for LightweightThemeManager
1522071112840	addons.manager	DEBUG	Provider finished startup: LightweightThemeManager
1522071112841	addons.manager	DEBUG	Starting provider: GMPProvider
1522071112847	addons.manager	DEBUG	Registering shutdown blocker for GMPProvider
1522071112847	addons.manager	DEBUG	Provider finished startup: GMPProvider
1522071112847	addons.manager	DEBUG	Starting provider: PluginProvider
1522071112847	addons.manager	DEBUG	Registering shutdown blocker for PluginProvider
1522071112848	addons.manager	DEBUG	Provider finished startup: PluginProvider
1522071112848	addons.manager	DEBUG	Completed startup sequence
1522071114713	addons.manager	DEBUG	Starting provider: <unnamed-provider>
1522071114713	addons.manager	DEBUG	Registering shutdown blocker for <unnamed-provider>
1522071114713	addons.manager	DEBUG	Provider finished startup: <unnamed-provider>
1522071114715	DeferredSave.extensions.json	DEBUG	Starting write
1522071115523	addons.repository	DEBUG	No addons.json found.
1522071115523	DeferredSave.addons.json	DEBUG	Save changes
1522071115526	DeferredSave.addons.json	DEBUG	Starting timer
1522071115568	addons.manager	DEBUG	Starting provider: PreviousExperimentProvider
1522071115568	addons.manager	DEBUG	Registering shutdown blocker for PreviousExperimentProvider
1522071115568	addons.manager	DEBUG	Provider finished startup: PreviousExperimentProvider
1522071115578	DeferredSave.extensions.json	DEBUG	Write succeeded
1522071115578	addons.xpi-utils	DEBUG	XPI Database saved, setting schema version preference to 17
1522071115579	DeferredSave.addons.json	DEBUG	Starting write
1522071115722	DeferredSave.addons.json	DEBUG	Write succeeded

Build info: version: '2.53.0', revision: '35ae25b1534ae328c771e0856c93e187490ca824', time: '2016-03-15 10:43:46'
System info: host: '01hw737984', ip: '192.168.0.174', os.name: 'Windows 7', os.arch: 'amd64', os.version: '6.1', java.version: '1.8.0_161'
Driver info: driver.version: ConvertFirefoxDriver
	at org.openqa.selenium.firefox.internal.NewProfileExtensionConnection.start(NewProfileExtensionConnection.java:125)
	at org.openqa.selenium.firefox.FirefoxDriver.startClient(FirefoxDriver.java:271)
	at org.openqa.selenium.remote.RemoteWebDriver.<init>(RemoteWebDriver.java:119)
	at org.openqa.selenium.firefox.FirefoxDriver.<init>(FirefoxDriver.java:216)
	at org.openqa.selenium.firefox.FirefoxDriver.<init>(FirefoxDriver.java:211)
	at com.mcgraw.test.automation.framework.selenium2.ui.ConvertFirefoxDriver.<init>(ConvertFirefoxDriver.java:39)
	at com.mcgraw.test.automation.framework.selenium2.runner.config.webdriver.factory.FirefoxWebDriverFactory.createWebDriver(FirefoxWebDriverFactory.java:105)
	at com.mcgraw.test.automation.framework.selenium2.runner.config.webdriver.factory.FirefoxWebDriverFactory.createWebDriver(FirefoxWebDriverFactory.java:1)
	at com.mcgraw.test.automation.framework.selenium2.ui.Browser.createBrowser(Browser.java:194)
	at com.mcgraw.test.automation.tests.base.BaseTest.prepareTest(BaseTest.java:40)
	at sun.reflect.NativeMethodAccessorImpl.invoke0(Native Method)
	at sun.reflect.NativeMethodAccessorImpl.invoke(Unknown Source)
	at sun.reflect.DelegatingMethodAccessorImpl.invoke(Unknown Source)
	at java.lang.reflect.Method.invoke(Unknown Source)
	at org.testng.internal.MethodInvocationHelper.invokeMethod(MethodInvocationHelper.java:84)
	at org.testng.internal.Invoker.invokeConfigurationMethod(Invoker.java:564)
	at org.testng.internal.Invoker.invokeConfigurations(Invoker.java:213)
	at org.testng.internal.Invoker.invokeConfigurations(Invoker.java:138)
	at org.testng.internal.TestMethodWorker.invokeBeforeClassMethods(TestMethodWorker.java:175)
	at org.testng.internal.TestMethodWorker.run(TestMethodWorker.java:107)
	at org.testng.TestRunner.privateRun(TestRunner.java:767)
	at org.testng.TestRunner.run(TestRunner.java:617)
	at org.testng.SuiteRunner.runTest(SuiteRunner.java:334)
	at org.testng.SuiteRunner.runSequentially(SuiteRunner.java:329)
	at org.testng.SuiteRunner.privateRun(SuiteRunner.java:291)
	at org.testng.SuiteRunner.run(SuiteRunner.java:240)
	at org.testng.SuiteRunnerWorker.runSuite(SuiteRunnerWorker.java:52)
	at org.testng.SuiteRunnerWorker.run(SuiteRunnerWorker.java:86)
	at org.testng.TestNG.runSuitesSequentially(TestNG.java:1224)
	at org.testng.TestNG.runSuitesLocally(TestNG.java:1149)
	at org.testng.TestNG.run(TestNG.java:1057)
	at org.testng.remote.AbstractRemoteTestNG.run(AbstractRemoteTestNG.java:114)
	at org.testng.remote.RemoteTestNG.initAndRun(RemoteTestNG.java:251)
	at org.testng.remote.RemoteTestNG.main(RemoteTestNG.java:77)
Caused by: org.openqa.selenium.firefox.NotConnectedException: Unable to connect to host 127.0.0.1 on port 7055 after 45000 ms. Firefox console output:
png","48":"icon.png"},"iconURL":null,"icon64URL":null,"defaultLocale":{"name":"Default","description":"The default theme.","creator":"Mozilla","homepageURL":null,"contributors":["Mozilla Contributors"]},"visible":true,"active":true,"userDisabled":false,"appDisabled":false,"descriptor":"C:\\Program Files\\Mozilla Firefox\\browser\\extensions\\{972ce4c6-7e08-4474-a285-3208198ce6fd}.xpi","installDate":1522070774701,"updateDate":1522070774701,"applyBackgroundUpdates":1,"skinnable":true,"size":22012,"sourceURI":null,"releaseNotesURI":null,"softDisabled":false,"foreignInstall":false,"hasBinaryComponents":false,"strictCompatibility":true,"locales":[],"targetApplications":[{"id":"{ec8030f7-c20a-464f-9b0e-13a3a9e97384}","minVersion":"47.0.2","maxVersion":"47.0.2"}],"targetPlatforms":[],"seen":true}
1522071112797	addons.xpi	DEBUG	getModTime: Recursive scan of {972ce4c6-7e08-4474-a285-3208198ce6fd}
1522071112798	DeferredSave.extensions.json	DEBUG	Save changes
1522071112799	addons.xpi	DEBUG	Updating database with changes to installed add-ons
1522071112799	addons.xpi-utils	DEBUG	Updating add-on states
1522071112805	addons.xpi-utils	DEBUG	Writing add-ons list
1522071112817	addons.xpi	DEBUG	Registering manifest for C:\Program Files\Mozilla Firefox\browser\features\e10srollout@mozilla.org.xpi
1522071112818	addons.xpi	DEBUG	Calling bootstrap method startup on e10srollout@mozilla.org version 1.0
1522071112818	addons.xpi	DEBUG	Registering manifest for C:\Program Files\Mozilla Firefox\browser\features\firefox@getpocket.com.xpi
1522071112819	addons.xpi	DEBUG	Calling bootstrap method startup on firefox@getpocket.com version 1.0.2
1522071112820	addons.xpi	DEBUG	Registering manifest for C:\Program Files\Mozilla Firefox\browser\features\loop@mozilla.org.xpi
1522071112821	addons.xpi	DEBUG	Calling bootstrap method startup on loop@mozilla.org version 1.3.2
1522071112836	addons.xpi	DEBUG	Registering manifest for C:\Program Files\Mozilla Firefox\browser\features\websensehelper@mozilla.org.xpi
1522071112837	addons.xpi	DEBUG	Calling bootstrap method startup on websensehelper@mozilla.org version 1.0
1522071112840	addons.manager	DEBUG	Registering shutdown blocker for XPIProvider
1522071112840	addons.manager	DEBUG	Provider finished startup: XPIProvider
1522071112840	addons.manager	DEBUG	Starting provider: LightweightThemeManager
1522071112840	addons.manager	DEBUG	Registering shutdown blocker for LightweightThemeManager
1522071112840	addons.manager	DEBUG	Provider finished startup: LightweightThemeManager
1522071112841	addons.manager	DEBUG	Starting provider: GMPProvider
1522071112847	addons.manager	DEBUG	Registering shutdown blocker for GMPProvider
1522071112847	addons.manager	DEBUG	Provider finished startup: GMPProvider
1522071112847	addons.manager	DEBUG	Starting provider: PluginProvider
1522071112847	addons.manager	DEBUG	Registering shutdown blocker for PluginProvider
1522071112848	addons.manager	DEBUG	Provider finished startup: PluginProvider
1522071112848	addons.manager	DEBUG	Completed startup sequence
1522071114713	addons.manager	DEBUG	Starting provider: <unnamed-provider>
1522071114713	addons.manager	DEBUG	Registering shutdown blocker for <unnamed-provider>
1522071114713	addons.manager	DEBUG	Provider finished startup: <unnamed-provider>
1522071114715	DeferredSave.extensions.json	DEBUG	Starting write
1522071115523	addons.repository	DEBUG	No addons.json found.
1522071115523	DeferredSave.addons.json	DEBUG	Save changes
1522071115526	DeferredSave.addons.json	DEBUG	Starting timer
1522071115568	addons.manager	DEBUG	Starting provider: PreviousExperimentProvider
1522071115568	addons.manager	DEBUG	Registering shutdown blocker for PreviousExperimentProvider
1522071115568	addons.manager	DEBUG	Provider finished startup: PreviousExperimentProvider
1522071115578	DeferredSave.extensions.json	DEBUG	Write succeeded
1522071115578	addons.xpi-utils	DEBUG	XPI Database saved, setting schema version preference to 17
1522071115579	DeferredSave.addons.json	DEBUG	Starting write
1522071115722	DeferredSave.addons.json	DEBUG	Write succeeded

	at org.openqa.selenium.firefox.internal.NewProfileExtensionConnection.start(NewProfileExtensionConnection.java:113)
	... 33 more
]]>
    </failure>
  </testcase> <!-- checkAuthorizationConnectorForInstructor -->
  <testcase name="checkResultOfCommonTestButtonForStudent" time="0.000" classname="com.mcgraw.test.automation.tests.canvas.TestConnectors">
    <failure type="org.openqa.selenium.WebDriverException" message="Failed to connect to binary FirefoxBinary(C:\Program Files\Mozilla Firefox\firefox.exe) on port 7055; process output follows: 
png&quot;,&quot;48&quot;:&quot;icon.png&quot;},&quot;iconURL&quot;:null,&quot;icon64URL&quot;:null,&quot;defaultLocale&quot;:{&quot;name&quot;:&quot;Default&quot;,&quot;description&quot;:&quot;The default theme.&quot;,&quot;creator&quot;:&quot;Mozilla&quot;,&quot;homepageURL&quot;:null,&quot;contributors&quot;:[&quot;Mozilla Contributors&quot;]},&quot;visible&quot;:true,&quot;active&quot;:true,&quot;userDisabled&quot;:false,&quot;appDisabled&quot;:false,&quot;descriptor&quot;:&quot;C:\\Program Files\\Mozilla Firefox\\browser\\extensions\\{972ce4c6-7e08-4474-a285-3208198ce6fd}.xpi&quot;,&quot;installDate&quot;:1522070774701,&quot;updateDate&quot;:1522070774701,&quot;applyBackgroundUpdates&quot;:1,&quot;skinnable&quot;:true,&quot;size&quot;:22012,&quot;sourceURI&quot;:null,&quot;releaseNotesURI&quot;:null,&quot;softDisabled&quot;:false,&quot;foreignInstall&quot;:false,&quot;hasBinaryComponents&quot;:false,&quot;strictCompatibility&quot;:true,&quot;locales&quot;:[],&quot;targetApplications&quot;:[{&quot;id&quot;:&quot;{ec8030f7-c20a-464f-9b0e-13a3a9e97384}&quot;,&quot;minVersion&quot;:&quot;47.0.2&quot;,&quot;maxVersion&quot;:&quot;47.0.2&quot;}],&quot;targetPlatforms&quot;:[],&quot;seen&quot;:true}
1522071112797	addons.xpi	DEBUG	getModTime: Recursive scan of {972ce4c6-7e08-4474-a285-3208198ce6fd}
1522071112798	DeferredSave.extensions.json	DEBUG	Save changes
1522071112799	addons.xpi	DEBUG	Updating database with changes to installed add-ons
1522071112799	addons.xpi-utils	DEBUG	Updating add-on states
1522071112805	addons.xpi-utils	DEBUG	Writing add-ons list
1522071112817	addons.xpi	DEBUG	Registering manifest for C:\Program Files\Mozilla Firefox\browser\features\e10srollout@mozilla.org.xpi
1522071112818	addons.xpi	DEBUG	Calling bootstrap method startup on e10srollout@mozilla.org version 1.0
1522071112818	addons.xpi	DEBUG	Registering manifest for C:\Program Files\Mozilla Firefox\browser\features\firefox@getpocket.com.xpi
1522071112819	addons.xpi	DEBUG	Calling bootstrap method startup on firefox@getpocket.com version 1.0.2
1522071112820	addons.xpi	DEBUG	Registering manifest for C:\Program Files\Mozilla Firefox\browser\features\loop@mozilla.org.xpi
1522071112821	addons.xpi	DEBUG	Calling bootstrap method startup on loop@mozilla.org version 1.3.2
1522071112836	addons.xpi	DEBUG	Registering manifest for C:\Program Files\Mozilla Firefox\browser\features\websensehelper@mozilla.org.xpi
1522071112837	addons.xpi	DEBUG	Calling bootstrap method startup on websensehelper@mozilla.org version 1.0
1522071112840	addons.manager	DEBUG	Registering shutdown blocker for XPIProvider
1522071112840	addons.manager	DEBUG	Provider finished startup: XPIProvider
1522071112840	addons.manager	DEBUG	Starting provider: LightweightThemeManager
1522071112840	addons.manager	DEBUG	Registering shutdown blocker for LightweightThemeManager
1522071112840	addons.manager	DEBUG	Provider finished startup: LightweightThemeManager
1522071112841	addons.manager	DEBUG	Starting provider: GMPProvider
1522071112847	addons.manager	DEBUG	Registering shutdown blocker for GMPProvider
1522071112847	addons.manager	DEBUG	Provider finished startup: GMPProvider
1522071112847	addons.manager	DEBUG	Starting provider: PluginProvider
1522071112847	addons.manager	DEBUG	Registering shutdown blocker for PluginProvider
1522071112848	addons.manager	DEBUG	Provider finished startup: PluginProvider
1522071112848	addons.manager	DEBUG	Completed startup sequence
1522071114713	addons.manager	DEBUG	Starting provider: &lt;unnamed-provider&gt;
1522071114713	addons.manager	DEBUG	Registering shutdown blocker for &lt;unnamed-provider&gt;
1522071114713	addons.manager	DEBUG	Provider finished startup: &lt;unnamed-provider&gt;
1522071114715	DeferredSave.extensions.json	DEBUG	Starting write
1522071115523	addons.repository	DEBUG	No addons.json found.
1522071115523	DeferredSave.addons.json	DEBUG	Save changes
1522071115526	DeferredSave.addons.json	DEBUG	Starting timer
1522071115568	addons.manager	DEBUG	Starting provider: PreviousExperimentProvider
1522071115568	addons.manager	DEBUG	Registering shutdown blocker for PreviousExperimentProvider
1522071115568	addons.manager	DEBUG	Provider finished startup: PreviousExperimentProvider
1522071115578	DeferredSave.extensions.json	DEBUG	Write succeeded
1522071115578	addons.xpi-utils	DEBUG	XPI Database saved, setting schema version preference to 17
1522071115579	DeferredSave.addons.json	DEBUG	Starting write
1522071115722	DeferredSave.addons.json	DEBUG	Write succeeded

Build info: version: &#039;2.53.0&#039;, revision: &#039;35ae25b1534ae328c771e0856c93e187490ca824&#039;, time: &#039;2016-03-15 10:43:46&#039;
System info: host: &#039;01hw737984&#039;, ip: &#039;192.168.0.174&#039;, os.name: &#039;Windows 7&#039;, os.arch: &#039;amd64&#039;, os.version: &#039;6.1&#039;, java.version: &#039;1.8.0_161&#039;
Driver info: driver.version: ConvertFirefoxDriver">
      <![CDATA[org.openqa.selenium.WebDriverException: Failed to connect to binary FirefoxBinary(C:\Program Files\Mozilla Firefox\firefox.exe) on port 7055; process output follows: 
png","48":"icon.png"},"iconURL":null,"icon64URL":null,"defaultLocale":{"name":"Default","description":"The default theme.","creator":"Mozilla","homepageURL":null,"contributors":["Mozilla Contributors"]},"visible":true,"active":true,"userDisabled":false,"appDisabled":false,"descriptor":"C:\\Program Files\\Mozilla Firefox\\browser\\extensions\\{972ce4c6-7e08-4474-a285-3208198ce6fd}.xpi","installDate":1522070774701,"updateDate":1522070774701,"applyBackgroundUpdates":1,"skinnable":true,"size":22012,"sourceURI":null,"releaseNotesURI":null,"softDisabled":false,"foreignInstall":false,"hasBinaryComponents":false,"strictCompatibility":true,"locales":[],"targetApplications":[{"id":"{ec8030f7-c20a-464f-9b0e-13a3a9e97384}","minVersion":"47.0.2","maxVersion":"47.0.2"}],"targetPlatforms":[],"seen":true}
1522071112797	addons.xpi	DEBUG	getModTime: Recursive scan of {972ce4c6-7e08-4474-a285-3208198ce6fd}
1522071112798	DeferredSave.extensions.json	DEBUG	Save changes
1522071112799	addons.xpi	DEBUG	Updating database with changes to installed add-ons
1522071112799	addons.xpi-utils	DEBUG	Updating add-on states
1522071112805	addons.xpi-utils	DEBUG	Writing add-ons list
1522071112817	addons.xpi	DEBUG	Registering manifest for C:\Program Files\Mozilla Firefox\browser\features\e10srollout@mozilla.org.xpi
1522071112818	addons.xpi	DEBUG	Calling bootstrap method startup on e10srollout@mozilla.org version 1.0
1522071112818	addons.xpi	DEBUG	Registering manifest for C:\Program Files\Mozilla Firefox\browser\features\firefox@getpocket.com.xpi
1522071112819	addons.xpi	DEBUG	Calling bootstrap method startup on firefox@getpocket.com version 1.0.2
1522071112820	addons.xpi	DEBUG	Registering manifest for C:\Program Files\Mozilla Firefox\browser\features\loop@mozilla.org.xpi
1522071112821	addons.xpi	DEBUG	Calling bootstrap method startup on loop@mozilla.org version 1.3.2
1522071112836	addons.xpi	DEBUG	Registering manifest for C:\Program Files\Mozilla Firefox\browser\features\websensehelper@mozilla.org.xpi
1522071112837	addons.xpi	DEBUG	Calling bootstrap method startup on websensehelper@mozilla.org version 1.0
1522071112840	addons.manager	DEBUG	Registering shutdown blocker for XPIProvider
1522071112840	addons.manager	DEBUG	Provider finished startup: XPIProvider
1522071112840	addons.manager	DEBUG	Starting provider: LightweightThemeManager
1522071112840	addons.manager	DEBUG	Registering shutdown blocker for LightweightThemeManager
1522071112840	addons.manager	DEBUG	Provider finished startup: LightweightThemeManager
1522071112841	addons.manager	DEBUG	Starting provider: GMPProvider
1522071112847	addons.manager	DEBUG	Registering shutdown blocker for GMPProvider
1522071112847	addons.manager	DEBUG	Provider finished startup: GMPProvider
1522071112847	addons.manager	DEBUG	Starting provider: PluginProvider
1522071112847	addons.manager	DEBUG	Registering shutdown blocker for PluginProvider
1522071112848	addons.manager	DEBUG	Provider finished startup: PluginProvider
1522071112848	addons.manager	DEBUG	Completed startup sequence
1522071114713	addons.manager	DEBUG	Starting provider: <unnamed-provider>
1522071114713	addons.manager	DEBUG	Registering shutdown blocker for <unnamed-provider>
1522071114713	addons.manager	DEBUG	Provider finished startup: <unnamed-provider>
1522071114715	DeferredSave.extensions.json	DEBUG	Starting write
1522071115523	addons.repository	DEBUG	No addons.json found.
1522071115523	DeferredSave.addons.json	DEBUG	Save changes
1522071115526	DeferredSave.addons.json	DEBUG	Starting timer
1522071115568	addons.manager	DEBUG	Starting provider: PreviousExperimentProvider
1522071115568	addons.manager	DEBUG	Registering shutdown blocker for PreviousExperimentProvider
1522071115568	addons.manager	DEBUG	Provider finished startup: PreviousExperimentProvider
1522071115578	DeferredSave.extensions.json	DEBUG	Write succeeded
1522071115578	addons.xpi-utils	DEBUG	XPI Database saved, setting schema version preference to 17
1522071115579	DeferredSave.addons.json	DEBUG	Starting write
1522071115722	DeferredSave.addons.json	DEBUG	Write succeeded

Build info: version: '2.53.0', revision: '35ae25b1534ae328c771e0856c93e187490ca824', time: '2016-03-15 10:43:46'
System info: host: '01hw737984', ip: '192.168.0.174', os.name: 'Windows 7', os.arch: 'amd64', os.version: '6.1', java.version: '1.8.0_161'
Driver info: driver.version: ConvertFirefoxDriver
	at org.openqa.selenium.firefox.internal.NewProfileExtensionConnection.start(NewProfileExtensionConnection.java:125)
	at org.openqa.selenium.firefox.FirefoxDriver.startClient(FirefoxDriver.java:271)
	at org.openqa.selenium.remote.RemoteWebDriver.<init>(RemoteWebDriver.java:119)
	at org.openqa.selenium.firefox.FirefoxDriver.<init>(FirefoxDriver.java:216)
	at org.openqa.selenium.firefox.FirefoxDriver.<init>(FirefoxDriver.java:211)
	at com.mcgraw.test.automation.framework.selenium2.ui.ConvertFirefoxDriver.<init>(ConvertFirefoxDriver.java:39)
	at com.mcgraw.test.automation.framework.selenium2.runner.config.webdriver.factory.FirefoxWebDriverFactory.createWebDriver(FirefoxWebDriverFactory.java:105)
	at com.mcgraw.test.automation.framework.selenium2.runner.config.webdriver.factory.FirefoxWebDriverFactory.createWebDriver(FirefoxWebDriverFactory.java:1)
	at com.mcgraw.test.automation.framework.selenium2.ui.Browser.createBrowser(Browser.java:194)
	at com.mcgraw.test.automation.tests.base.BaseTest.prepareTest(BaseTest.java:40)
	at sun.reflect.NativeMethodAccessorImpl.invoke0(Native Method)
	at sun.reflect.NativeMethodAccessorImpl.invoke(Unknown Source)
	at sun.reflect.DelegatingMethodAccessorImpl.invoke(Unknown Source)
	at java.lang.reflect.Method.invoke(Unknown Source)
	at org.testng.internal.MethodInvocationHelper.invokeMethod(MethodInvocationHelper.java:84)
	at org.testng.internal.Invoker.invokeConfigurationMethod(Invoker.java:564)
	at org.testng.internal.Invoker.invokeConfigurations(Invoker.java:213)
	at org.testng.internal.Invoker.invokeConfigurations(Invoker.java:138)
	at org.testng.internal.TestMethodWorker.invokeBeforeClassMethods(TestMethodWorker.java:175)
	at org.testng.internal.TestMethodWorker.run(TestMethodWorker.java:107)
	at org.testng.TestRunner.privateRun(TestRunner.java:767)
	at org.testng.TestRunner.run(TestRunner.java:617)
	at org.testng.SuiteRunner.runTest(SuiteRunner.java:334)
	at org.testng.SuiteRunner.runSequentially(SuiteRunner.java:329)
	at org.testng.SuiteRunner.privateRun(SuiteRunner.java:291)
	at org.testng.SuiteRunner.run(SuiteRunner.java:240)
	at org.testng.SuiteRunnerWorker.runSuite(SuiteRunnerWorker.java:52)
	at org.testng.SuiteRunnerWorker.run(SuiteRunnerWorker.java:86)
	at org.testng.TestNG.runSuitesSequentially(TestNG.java:1224)
	at org.testng.TestNG.runSuitesLocally(TestNG.java:1149)
	at org.testng.TestNG.run(TestNG.java:1057)
	at org.testng.remote.AbstractRemoteTestNG.run(AbstractRemoteTestNG.java:114)
	at org.testng.remote.RemoteTestNG.initAndRun(RemoteTestNG.java:251)
	at org.testng.remote.RemoteTestNG.main(RemoteTestNG.java:77)
Caused by: org.openqa.selenium.firefox.NotConnectedException: Unable to connect to host 127.0.0.1 on port 7055 after 45000 ms. Firefox console output:
png","48":"icon.png"},"iconURL":null,"icon64URL":null,"defaultLocale":{"name":"Default","description":"The default theme.","creator":"Mozilla","homepageURL":null,"contributors":["Mozilla Contributors"]},"visible":true,"active":true,"userDisabled":false,"appDisabled":false,"descriptor":"C:\\Program Files\\Mozilla Firefox\\browser\\extensions\\{972ce4c6-7e08-4474-a285-3208198ce6fd}.xpi","installDate":1522070774701,"updateDate":1522070774701,"applyBackgroundUpdates":1,"skinnable":true,"size":22012,"sourceURI":null,"releaseNotesURI":null,"softDisabled":false,"foreignInstall":false,"hasBinaryComponents":false,"strictCompatibility":true,"locales":[],"targetApplications":[{"id":"{ec8030f7-c20a-464f-9b0e-13a3a9e97384}","minVersion":"47.0.2","maxVersion":"47.0.2"}],"targetPlatforms":[],"seen":true}
1522071112797	addons.xpi	DEBUG	getModTime: Recursive scan of {972ce4c6-7e08-4474-a285-3208198ce6fd}
1522071112798	DeferredSave.extensions.json	DEBUG	Save changes
1522071112799	addons.xpi	DEBUG	Updating database with changes to installed add-ons
1522071112799	addons.xpi-utils	DEBUG	Updating add-on states
1522071112805	addons.xpi-utils	DEBUG	Writing add-ons list
1522071112817	addons.xpi	DEBUG	Registering manifest for C:\Program Files\Mozilla Firefox\browser\features\e10srollout@mozilla.org.xpi
1522071112818	addons.xpi	DEBUG	Calling bootstrap method startup on e10srollout@mozilla.org version 1.0
1522071112818	addons.xpi	DEBUG	Registering manifest for C:\Program Files\Mozilla Firefox\browser\features\firefox@getpocket.com.xpi
1522071112819	addons.xpi	DEBUG	Calling bootstrap method startup on firefox@getpocket.com version 1.0.2
1522071112820	addons.xpi	DEBUG	Registering manifest for C:\Program Files\Mozilla Firefox\browser\features\loop@mozilla.org.xpi
1522071112821	addons.xpi	DEBUG	Calling bootstrap method startup on loop@mozilla.org version 1.3.2
1522071112836	addons.xpi	DEBUG	Registering manifest for C:\Program Files\Mozilla Firefox\browser\features\websensehelper@mozilla.org.xpi
1522071112837	addons.xpi	DEBUG	Calling bootstrap method startup on websensehelper@mozilla.org version 1.0
1522071112840	addons.manager	DEBUG	Registering shutdown blocker for XPIProvider
1522071112840	addons.manager	DEBUG	Provider finished startup: XPIProvider
1522071112840	addons.manager	DEBUG	Starting provider: LightweightThemeManager
1522071112840	addons.manager	DEBUG	Registering shutdown blocker for LightweightThemeManager
1522071112840	addons.manager	DEBUG	Provider finished startup: LightweightThemeManager
1522071112841	addons.manager	DEBUG	Starting provider: GMPProvider
1522071112847	addons.manager	DEBUG	Registering shutdown blocker for GMPProvider
1522071112847	addons.manager	DEBUG	Provider finished startup: GMPProvider
1522071112847	addons.manager	DEBUG	Starting provider: PluginProvider
1522071112847	addons.manager	DEBUG	Registering shutdown blocker for PluginProvider
1522071112848	addons.manager	DEBUG	Provider finished startup: PluginProvider
1522071112848	addons.manager	DEBUG	Completed startup sequence
1522071114713	addons.manager	DEBUG	Starting provider: <unnamed-provider>
1522071114713	addons.manager	DEBUG	Registering shutdown blocker for <unnamed-provider>
1522071114713	addons.manager	DEBUG	Provider finished startup: <unnamed-provider>
1522071114715	DeferredSave.extensions.json	DEBUG	Starting write
1522071115523	addons.repository	DEBUG	No addons.json found.
1522071115523	DeferredSave.addons.json	DEBUG	Save changes
1522071115526	DeferredSave.addons.json	DEBUG	Starting timer
1522071115568	addons.manager	DEBUG	Starting provider: PreviousExperimentProvider
1522071115568	addons.manager	DEBUG	Registering shutdown blocker for PreviousExperimentProvider
1522071115568	addons.manager	DEBUG	Provider finished startup: PreviousExperimentProvider
1522071115578	DeferredSave.extensions.json	DEBUG	Write succeeded
1522071115578	addons.xpi-utils	DEBUG	XPI Database saved, setting schema version preference to 17
1522071115579	DeferredSave.addons.json	DEBUG	Starting write
1522071115722	DeferredSave.addons.json	DEBUG	Write succeeded

	at org.openqa.selenium.firefox.internal.NewProfileExtensionConnection.start(NewProfileExtensionConnection.java:113)
	... 33 more
]]>
    </failure>
  </testcase> <!-- checkResultOfCommonTestButtonForStudent -->
  <testcase name="checkAuthorizationConnectorForStudent" time="0.001" classname="com.mcgraw.test.automation.tests.canvas.TestConnectors">
    <failure type="org.openqa.selenium.WebDriverException" message="Failed to connect to binary FirefoxBinary(C:\Program Files\Mozilla Firefox\firefox.exe) on port 7055; process output follows: 
png&quot;,&quot;48&quot;:&quot;icon.png&quot;},&quot;iconURL&quot;:null,&quot;icon64URL&quot;:null,&quot;defaultLocale&quot;:{&quot;name&quot;:&quot;Default&quot;,&quot;description&quot;:&quot;The default theme.&quot;,&quot;creator&quot;:&quot;Mozilla&quot;,&quot;homepageURL&quot;:null,&quot;contributors&quot;:[&quot;Mozilla Contributors&quot;]},&quot;visible&quot;:true,&quot;active&quot;:true,&quot;userDisabled&quot;:false,&quot;appDisabled&quot;:false,&quot;descriptor&quot;:&quot;C:\\Program Files\\Mozilla Firefox\\browser\\extensions\\{972ce4c6-7e08-4474-a285-3208198ce6fd}.xpi&quot;,&quot;installDate&quot;:1522070774701,&quot;updateDate&quot;:1522070774701,&quot;applyBackgroundUpdates&quot;:1,&quot;skinnable&quot;:true,&quot;size&quot;:22012,&quot;sourceURI&quot;:null,&quot;releaseNotesURI&quot;:null,&quot;softDisabled&quot;:false,&quot;foreignInstall&quot;:false,&quot;hasBinaryComponents&quot;:false,&quot;strictCompatibility&quot;:true,&quot;locales&quot;:[],&quot;targetApplications&quot;:[{&quot;id&quot;:&quot;{ec8030f7-c20a-464f-9b0e-13a3a9e97384}&quot;,&quot;minVersion&quot;:&quot;47.0.2&quot;,&quot;maxVersion&quot;:&quot;47.0.2&quot;}],&quot;targetPlatforms&quot;:[],&quot;seen&quot;:true}
1522071112797	addons.xpi	DEBUG	getModTime: Recursive scan of {972ce4c6-7e08-4474-a285-3208198ce6fd}
1522071112798	DeferredSave.extensions.json	DEBUG	Save changes
1522071112799	addons.xpi	DEBUG	Updating database with changes to installed add-ons
1522071112799	addons.xpi-utils	DEBUG	Updating add-on states
1522071112805	addons.xpi-utils	DEBUG	Writing add-ons list
1522071112817	addons.xpi	DEBUG	Registering manifest for C:\Program Files\Mozilla Firefox\browser\features\e10srollout@mozilla.org.xpi
1522071112818	addons.xpi	DEBUG	Calling bootstrap method startup on e10srollout@mozilla.org version 1.0
1522071112818	addons.xpi	DEBUG	Registering manifest for C:\Program Files\Mozilla Firefox\browser\features\firefox@getpocket.com.xpi
1522071112819	addons.xpi	DEBUG	Calling bootstrap method startup on firefox@getpocket.com version 1.0.2
1522071112820	addons.xpi	DEBUG	Registering manifest for C:\Program Files\Mozilla Firefox\browser\features\loop@mozilla.org.xpi
1522071112821	addons.xpi	DEBUG	Calling bootstrap method startup on loop@mozilla.org version 1.3.2
1522071112836	addons.xpi	DEBUG	Registering manifest for C:\Program Files\Mozilla Firefox\browser\features\websensehelper@mozilla.org.xpi
1522071112837	addons.xpi	DEBUG	Calling bootstrap method startup on websensehelper@mozilla.org version 1.0
1522071112840	addons.manager	DEBUG	Registering shutdown blocker for XPIProvider
1522071112840	addons.manager	DEBUG	Provider finished startup: XPIProvider
1522071112840	addons.manager	DEBUG	Starting provider: LightweightThemeManager
1522071112840	addons.manager	DEBUG	Registering shutdown blocker for LightweightThemeManager
1522071112840	addons.manager	DEBUG	Provider finished startup: LightweightThemeManager
1522071112841	addons.manager	DEBUG	Starting provider: GMPProvider
1522071112847	addons.manager	DEBUG	Registering shutdown blocker for GMPProvider
1522071112847	addons.manager	DEBUG	Provider finished startup: GMPProvider
1522071112847	addons.manager	DEBUG	Starting provider: PluginProvider
1522071112847	addons.manager	DEBUG	Registering shutdown blocker for PluginProvider
1522071112848	addons.manager	DEBUG	Provider finished startup: PluginProvider
1522071112848	addons.manager	DEBUG	Completed startup sequence
1522071114713	addons.manager	DEBUG	Starting provider: &lt;unnamed-provider&gt;
1522071114713	addons.manager	DEBUG	Registering shutdown blocker for &lt;unnamed-provider&gt;
1522071114713	addons.manager	DEBUG	Provider finished startup: &lt;unnamed-provider&gt;
1522071114715	DeferredSave.extensions.json	DEBUG	Starting write
1522071115523	addons.repository	DEBUG	No addons.json found.
1522071115523	DeferredSave.addons.json	DEBUG	Save changes
1522071115526	DeferredSave.addons.json	DEBUG	Starting timer
1522071115568	addons.manager	DEBUG	Starting provider: PreviousExperimentProvider
1522071115568	addons.manager	DEBUG	Registering shutdown blocker for PreviousExperimentProvider
1522071115568	addons.manager	DEBUG	Provider finished startup: PreviousExperimentProvider
1522071115578	DeferredSave.extensions.json	DEBUG	Write succeeded
1522071115578	addons.xpi-utils	DEBUG	XPI Database saved, setting schema version preference to 17
1522071115579	DeferredSave.addons.json	DEBUG	Starting write
1522071115722	DeferredSave.addons.json	DEBUG	Write succeeded

Build info: version: &#039;2.53.0&#039;, revision: &#039;35ae25b1534ae328c771e0856c93e187490ca824&#039;, time: &#039;2016-03-15 10:43:46&#039;
System info: host: &#039;01hw737984&#039;, ip: &#039;192.168.0.174&#039;, os.name: &#039;Windows 7&#039;, os.arch: &#039;amd64&#039;, os.version: &#039;6.1&#039;, java.version: &#039;1.8.0_161&#039;
Driver info: driver.version: ConvertFirefoxDriver">
      <![CDATA[org.openqa.selenium.WebDriverException: Failed to connect to binary FirefoxBinary(C:\Program Files\Mozilla Firefox\firefox.exe) on port 7055; process output follows: 
png","48":"icon.png"},"iconURL":null,"icon64URL":null,"defaultLocale":{"name":"Default","description":"The default theme.","creator":"Mozilla","homepageURL":null,"contributors":["Mozilla Contributors"]},"visible":true,"active":true,"userDisabled":false,"appDisabled":false,"descriptor":"C:\\Program Files\\Mozilla Firefox\\browser\\extensions\\{972ce4c6-7e08-4474-a285-3208198ce6fd}.xpi","installDate":1522070774701,"updateDate":1522070774701,"applyBackgroundUpdates":1,"skinnable":true,"size":22012,"sourceURI":null,"releaseNotesURI":null,"softDisabled":false,"foreignInstall":false,"hasBinaryComponents":false,"strictCompatibility":true,"locales":[],"targetApplications":[{"id":"{ec8030f7-c20a-464f-9b0e-13a3a9e97384}","minVersion":"47.0.2","maxVersion":"47.0.2"}],"targetPlatforms":[],"seen":true}
1522071112797	addons.xpi	DEBUG	getModTime: Recursive scan of {972ce4c6-7e08-4474-a285-3208198ce6fd}
1522071112798	DeferredSave.extensions.json	DEBUG	Save changes
1522071112799	addons.xpi	DEBUG	Updating database with changes to installed add-ons
1522071112799	addons.xpi-utils	DEBUG	Updating add-on states
1522071112805	addons.xpi-utils	DEBUG	Writing add-ons list
1522071112817	addons.xpi	DEBUG	Registering manifest for C:\Program Files\Mozilla Firefox\browser\features\e10srollout@mozilla.org.xpi
1522071112818	addons.xpi	DEBUG	Calling bootstrap method startup on e10srollout@mozilla.org version 1.0
1522071112818	addons.xpi	DEBUG	Registering manifest for C:\Program Files\Mozilla Firefox\browser\features\firefox@getpocket.com.xpi
1522071112819	addons.xpi	DEBUG	Calling bootstrap method startup on firefox@getpocket.com version 1.0.2
1522071112820	addons.xpi	DEBUG	Registering manifest for C:\Program Files\Mozilla Firefox\browser\features\loop@mozilla.org.xpi
1522071112821	addons.xpi	DEBUG	Calling bootstrap method startup on loop@mozilla.org version 1.3.2
1522071112836	addons.xpi	DEBUG	Registering manifest for C:\Program Files\Mozilla Firefox\browser\features\websensehelper@mozilla.org.xpi
1522071112837	addons.xpi	DEBUG	Calling bootstrap method startup on websensehelper@mozilla.org version 1.0
1522071112840	addons.manager	DEBUG	Registering shutdown blocker for XPIProvider
1522071112840	addons.manager	DEBUG	Provider finished startup: XPIProvider
1522071112840	addons.manager	DEBUG	Starting provider: LightweightThemeManager
1522071112840	addons.manager	DEBUG	Registering shutdown blocker for LightweightThemeManager
1522071112840	addons.manager	DEBUG	Provider finished startup: LightweightThemeManager
1522071112841	addons.manager	DEBUG	Starting provider: GMPProvider
1522071112847	addons.manager	DEBUG	Registering shutdown blocker for GMPProvider
1522071112847	addons.manager	DEBUG	Provider finished startup: GMPProvider
1522071112847	addons.manager	DEBUG	Starting provider: PluginProvider
1522071112847	addons.manager	DEBUG	Registering shutdown blocker for PluginProvider
1522071112848	addons.manager	DEBUG	Provider finished startup: PluginProvider
1522071112848	addons.manager	DEBUG	Completed startup sequence
1522071114713	addons.manager	DEBUG	Starting provider: <unnamed-provider>
1522071114713	addons.manager	DEBUG	Registering shutdown blocker for <unnamed-provider>
1522071114713	addons.manager	DEBUG	Provider finished startup: <unnamed-provider>
1522071114715	DeferredSave.extensions.json	DEBUG	Starting write
1522071115523	addons.repository	DEBUG	No addons.json found.
1522071115523	DeferredSave.addons.json	DEBUG	Save changes
1522071115526	DeferredSave.addons.json	DEBUG	Starting timer
1522071115568	addons.manager	DEBUG	Starting provider: PreviousExperimentProvider
1522071115568	addons.manager	DEBUG	Registering shutdown blocker for PreviousExperimentProvider
1522071115568	addons.manager	DEBUG	Provider finished startup: PreviousExperimentProvider
1522071115578	DeferredSave.extensions.json	DEBUG	Write succeeded
1522071115578	addons.xpi-utils	DEBUG	XPI Database saved, setting schema version preference to 17
1522071115579	DeferredSave.addons.json	DEBUG	Starting write
1522071115722	DeferredSave.addons.json	DEBUG	Write succeeded

Build info: version: '2.53.0', revision: '35ae25b1534ae328c771e0856c93e187490ca824', time: '2016-03-15 10:43:46'
System info: host: '01hw737984', ip: '192.168.0.174', os.name: 'Windows 7', os.arch: 'amd64', os.version: '6.1', java.version: '1.8.0_161'
Driver info: driver.version: ConvertFirefoxDriver
	at org.openqa.selenium.firefox.internal.NewProfileExtensionConnection.start(NewProfileExtensionConnection.java:125)
	at org.openqa.selenium.firefox.FirefoxDriver.startClient(FirefoxDriver.java:271)
	at org.openqa.selenium.remote.RemoteWebDriver.<init>(RemoteWebDriver.java:119)
	at org.openqa.selenium.firefox.FirefoxDriver.<init>(FirefoxDriver.java:216)
	at org.openqa.selenium.firefox.FirefoxDriver.<init>(FirefoxDriver.java:211)
	at com.mcgraw.test.automation.framework.selenium2.ui.ConvertFirefoxDriver.<init>(ConvertFirefoxDriver.java:39)
	at com.mcgraw.test.automation.framework.selenium2.runner.config.webdriver.factory.FirefoxWebDriverFactory.createWebDriver(FirefoxWebDriverFactory.java:105)
	at com.mcgraw.test.automation.framework.selenium2.runner.config.webdriver.factory.FirefoxWebDriverFactory.createWebDriver(FirefoxWebDriverFactory.java:1)
	at com.mcgraw.test.automation.framework.selenium2.ui.Browser.createBrowser(Browser.java:194)
	at com.mcgraw.test.automation.tests.base.BaseTest.prepareTest(BaseTest.java:40)
	at sun.reflect.NativeMethodAccessorImpl.invoke0(Native Method)
	at sun.reflect.NativeMethodAccessorImpl.invoke(Unknown Source)
	at sun.reflect.DelegatingMethodAccessorImpl.invoke(Unknown Source)
	at java.lang.reflect.Method.invoke(Unknown Source)
	at org.testng.internal.MethodInvocationHelper.invokeMethod(MethodInvocationHelper.java:84)
	at org.testng.internal.Invoker.invokeConfigurationMethod(Invoker.java:564)
	at org.testng.internal.Invoker.invokeConfigurations(Invoker.java:213)
	at org.testng.internal.Invoker.invokeConfigurations(Invoker.java:138)
	at org.testng.internal.TestMethodWorker.invokeBeforeClassMethods(TestMethodWorker.java:175)
	at org.testng.internal.TestMethodWorker.run(TestMethodWorker.java:107)
	at org.testng.TestRunner.privateRun(TestRunner.java:767)
	at org.testng.TestRunner.run(TestRunner.java:617)
	at org.testng.SuiteRunner.runTest(SuiteRunner.java:334)
	at org.testng.SuiteRunner.runSequentially(SuiteRunner.java:329)
	at org.testng.SuiteRunner.privateRun(SuiteRunner.java:291)
	at org.testng.SuiteRunner.run(SuiteRunner.java:240)
	at org.testng.SuiteRunnerWorker.runSuite(SuiteRunnerWorker.java:52)
	at org.testng.SuiteRunnerWorker.run(SuiteRunnerWorker.java:86)
	at org.testng.TestNG.runSuitesSequentially(TestNG.java:1224)
	at org.testng.TestNG.runSuitesLocally(TestNG.java:1149)
	at org.testng.TestNG.run(TestNG.java:1057)
	at org.testng.remote.AbstractRemoteTestNG.run(AbstractRemoteTestNG.java:114)
	at org.testng.remote.RemoteTestNG.initAndRun(RemoteTestNG.java:251)
	at org.testng.remote.RemoteTestNG.main(RemoteTestNG.java:77)
Caused by: org.openqa.selenium.firefox.NotConnectedException: Unable to connect to host 127.0.0.1 on port 7055 after 45000 ms. Firefox console output:
png","48":"icon.png"},"iconURL":null,"icon64URL":null,"defaultLocale":{"name":"Default","description":"The default theme.","creator":"Mozilla","homepageURL":null,"contributors":["Mozilla Contributors"]},"visible":true,"active":true,"userDisabled":false,"appDisabled":false,"descriptor":"C:\\Program Files\\Mozilla Firefox\\browser\\extensions\\{972ce4c6-7e08-4474-a285-3208198ce6fd}.xpi","installDate":1522070774701,"updateDate":1522070774701,"applyBackgroundUpdates":1,"skinnable":true,"size":22012,"sourceURI":null,"releaseNotesURI":null,"softDisabled":false,"foreignInstall":false,"hasBinaryComponents":false,"strictCompatibility":true,"locales":[],"targetApplications":[{"id":"{ec8030f7-c20a-464f-9b0e-13a3a9e97384}","minVersion":"47.0.2","maxVersion":"47.0.2"}],"targetPlatforms":[],"seen":true}
1522071112797	addons.xpi	DEBUG	getModTime: Recursive scan of {972ce4c6-7e08-4474-a285-3208198ce6fd}
1522071112798	DeferredSave.extensions.json	DEBUG	Save changes
1522071112799	addons.xpi	DEBUG	Updating database with changes to installed add-ons
1522071112799	addons.xpi-utils	DEBUG	Updating add-on states
1522071112805	addons.xpi-utils	DEBUG	Writing add-ons list
1522071112817	addons.xpi	DEBUG	Registering manifest for C:\Program Files\Mozilla Firefox\browser\features\e10srollout@mozilla.org.xpi
1522071112818	addons.xpi	DEBUG	Calling bootstrap method startup on e10srollout@mozilla.org version 1.0
1522071112818	addons.xpi	DEBUG	Registering manifest for C:\Program Files\Mozilla Firefox\browser\features\firefox@getpocket.com.xpi
1522071112819	addons.xpi	DEBUG	Calling bootstrap method startup on firefox@getpocket.com version 1.0.2
1522071112820	addons.xpi	DEBUG	Registering manifest for C:\Program Files\Mozilla Firefox\browser\features\loop@mozilla.org.xpi
1522071112821	addons.xpi	DEBUG	Calling bootstrap method startup on loop@mozilla.org version 1.3.2
1522071112836	addons.xpi	DEBUG	Registering manifest for C:\Program Files\Mozilla Firefox\browser\features\websensehelper@mozilla.org.xpi
1522071112837	addons.xpi	DEBUG	Calling bootstrap method startup on websensehelper@mozilla.org version 1.0
1522071112840	addons.manager	DEBUG	Registering shutdown blocker for XPIProvider
1522071112840	addons.manager	DEBUG	Provider finished startup: XPIProvider
1522071112840	addons.manager	DEBUG	Starting provider: LightweightThemeManager
1522071112840	addons.manager	DEBUG	Registering shutdown blocker for LightweightThemeManager
1522071112840	addons.manager	DEBUG	Provider finished startup: LightweightThemeManager
1522071112841	addons.manager	DEBUG	Starting provider: GMPProvider
1522071112847	addons.manager	DEBUG	Registering shutdown blocker for GMPProvider
1522071112847	addons.manager	DEBUG	Provider finished startup: GMPProvider
1522071112847	addons.manager	DEBUG	Starting provider: PluginProvider
1522071112847	addons.manager	DEBUG	Registering shutdown blocker for PluginProvider
1522071112848	addons.manager	DEBUG	Provider finished startup: PluginProvider
1522071112848	addons.manager	DEBUG	Completed startup sequence
1522071114713	addons.manager	DEBUG	Starting provider: <unnamed-provider>
1522071114713	addons.manager	DEBUG	Registering shutdown blocker for <unnamed-provider>
1522071114713	addons.manager	DEBUG	Provider finished startup: <unnamed-provider>
1522071114715	DeferredSave.extensions.json	DEBUG	Starting write
1522071115523	addons.repository	DEBUG	No addons.json found.
1522071115523	DeferredSave.addons.json	DEBUG	Save changes
1522071115526	DeferredSave.addons.json	DEBUG	Starting timer
1522071115568	addons.manager	DEBUG	Starting provider: PreviousExperimentProvider
1522071115568	addons.manager	DEBUG	Registering shutdown blocker for PreviousExperimentProvider
1522071115568	addons.manager	DEBUG	Provider finished startup: PreviousExperimentProvider
1522071115578	DeferredSave.extensions.json	DEBUG	Write succeeded
1522071115578	addons.xpi-utils	DEBUG	XPI Database saved, setting schema version preference to 17
1522071115579	DeferredSave.addons.json	DEBUG	Starting write
1522071115722	DeferredSave.addons.json	DEBUG	Write succeeded

	at org.openqa.selenium.firefox.internal.NewProfileExtensionConnection.start(NewProfileExtensionConnection.java:113)
	... 33 more
]]>
    </failure>
  </testcase> <!-- checkAuthorizationConnectorForStudent -->
  <testcase name="checkResultOfCommonTestButtonForInstructor" time="0.000" classname="com.mcgraw.test.automation.tests.canvas.TestConnectors">
    <failure type="org.openqa.selenium.WebDriverException" message="Failed to connect to binary FirefoxBinary(C:\Program Files\Mozilla Firefox\firefox.exe) on port 7055; process output follows: 
png&quot;,&quot;48&quot;:&quot;icon.png&quot;},&quot;iconURL&quot;:null,&quot;icon64URL&quot;:null,&quot;defaultLocale&quot;:{&quot;name&quot;:&quot;Default&quot;,&quot;description&quot;:&quot;The default theme.&quot;,&quot;creator&quot;:&quot;Mozilla&quot;,&quot;homepageURL&quot;:null,&quot;contributors&quot;:[&quot;Mozilla Contributors&quot;]},&quot;visible&quot;:true,&quot;active&quot;:true,&quot;userDisabled&quot;:false,&quot;appDisabled&quot;:false,&quot;descriptor&quot;:&quot;C:\\Program Files\\Mozilla Firefox\\browser\\extensions\\{972ce4c6-7e08-4474-a285-3208198ce6fd}.xpi&quot;,&quot;installDate&quot;:1522070774701,&quot;updateDate&quot;:1522070774701,&quot;applyBackgroundUpdates&quot;:1,&quot;skinnable&quot;:true,&quot;size&quot;:22012,&quot;sourceURI&quot;:null,&quot;releaseNotesURI&quot;:null,&quot;softDisabled&quot;:false,&quot;foreignInstall&quot;:false,&quot;hasBinaryComponents&quot;:false,&quot;strictCompatibility&quot;:true,&quot;locales&quot;:[],&quot;targetApplications&quot;:[{&quot;id&quot;:&quot;{ec8030f7-c20a-464f-9b0e-13a3a9e97384}&quot;,&quot;minVersion&quot;:&quot;47.0.2&quot;,&quot;maxVersion&quot;:&quot;47.0.2&quot;}],&quot;targetPlatforms&quot;:[],&quot;seen&quot;:true}
1522071112797	addons.xpi	DEBUG	getModTime: Recursive scan of {972ce4c6-7e08-4474-a285-3208198ce6fd}
1522071112798	DeferredSave.extensions.json	DEBUG	Save changes
1522071112799	addons.xpi	DEBUG	Updating database with changes to installed add-ons
1522071112799	addons.xpi-utils	DEBUG	Updating add-on states
1522071112805	addons.xpi-utils	DEBUG	Writing add-ons list
1522071112817	addons.xpi	DEBUG	Registering manifest for C:\Program Files\Mozilla Firefox\browser\features\e10srollout@mozilla.org.xpi
1522071112818	addons.xpi	DEBUG	Calling bootstrap method startup on e10srollout@mozilla.org version 1.0
1522071112818	addons.xpi	DEBUG	Registering manifest for C:\Program Files\Mozilla Firefox\browser\features\firefox@getpocket.com.xpi
1522071112819	addons.xpi	DEBUG	Calling bootstrap method startup on firefox@getpocket.com version 1.0.2
1522071112820	addons.xpi	DEBUG	Registering manifest for C:\Program Files\Mozilla Firefox\browser\features\loop@mozilla.org.xpi
1522071112821	addons.xpi	DEBUG	Calling bootstrap method startup on loop@mozilla.org version 1.3.2
1522071112836	addons.xpi	DEBUG	Registering manifest for C:\Program Files\Mozilla Firefox\browser\features\websensehelper@mozilla.org.xpi
1522071112837	addons.xpi	DEBUG	Calling bootstrap method startup on websensehelper@mozilla.org version 1.0
1522071112840	addons.manager	DEBUG	Registering shutdown blocker for XPIProvider
1522071112840	addons.manager	DEBUG	Provider finished startup: XPIProvider
1522071112840	addons.manager	DEBUG	Starting provider: LightweightThemeManager
1522071112840	addons.manager	DEBUG	Registering shutdown blocker for LightweightThemeManager
1522071112840	addons.manager	DEBUG	Provider finished startup: LightweightThemeManager
1522071112841	addons.manager	DEBUG	Starting provider: GMPProvider
1522071112847	addons.manager	DEBUG	Registering shutdown blocker for GMPProvider
1522071112847	addons.manager	DEBUG	Provider finished startup: GMPProvider
1522071112847	addons.manager	DEBUG	Starting provider: PluginProvider
1522071112847	addons.manager	DEBUG	Registering shutdown blocker for PluginProvider
1522071112848	addons.manager	DEBUG	Provider finished startup: PluginProvider
1522071112848	addons.manager	DEBUG	Completed startup sequence
1522071114713	addons.manager	DEBUG	Starting provider: &lt;unnamed-provider&gt;
1522071114713	addons.manager	DEBUG	Registering shutdown blocker for &lt;unnamed-provider&gt;
1522071114713	addons.manager	DEBUG	Provider finished startup: &lt;unnamed-provider&gt;
1522071114715	DeferredSave.extensions.json	DEBUG	Starting write
1522071115523	addons.repository	DEBUG	No addons.json found.
1522071115523	DeferredSave.addons.json	DEBUG	Save changes
1522071115526	DeferredSave.addons.json	DEBUG	Starting timer
1522071115568	addons.manager	DEBUG	Starting provider: PreviousExperimentProvider
1522071115568	addons.manager	DEBUG	Registering shutdown blocker for PreviousExperimentProvider
1522071115568	addons.manager	DEBUG	Provider finished startup: PreviousExperimentProvider
1522071115578	DeferredSave.extensions.json	DEBUG	Write succeeded
1522071115578	addons.xpi-utils	DEBUG	XPI Database saved, setting schema version preference to 17
1522071115579	DeferredSave.addons.json	DEBUG	Starting write
1522071115722	DeferredSave.addons.json	DEBUG	Write succeeded

Build info: version: &#039;2.53.0&#039;, revision: &#039;35ae25b1534ae328c771e0856c93e187490ca824&#039;, time: &#039;2016-03-15 10:43:46&#039;
System info: host: &#039;01hw737984&#039;, ip: &#039;192.168.0.174&#039;, os.name: &#039;Windows 7&#039;, os.arch: &#039;amd64&#039;, os.version: &#039;6.1&#039;, java.version: &#039;1.8.0_161&#039;
Driver info: driver.version: ConvertFirefoxDriver">
      <![CDATA[org.openqa.selenium.WebDriverException: Failed to connect to binary FirefoxBinary(C:\Program Files\Mozilla Firefox\firefox.exe) on port 7055; process output follows: 
png","48":"icon.png"},"iconURL":null,"icon64URL":null,"defaultLocale":{"name":"Default","description":"The default theme.","creator":"Mozilla","homepageURL":null,"contributors":["Mozilla Contributors"]},"visible":true,"active":true,"userDisabled":false,"appDisabled":false,"descriptor":"C:\\Program Files\\Mozilla Firefox\\browser\\extensions\\{972ce4c6-7e08-4474-a285-3208198ce6fd}.xpi","installDate":1522070774701,"updateDate":1522070774701,"applyBackgroundUpdates":1,"skinnable":true,"size":22012,"sourceURI":null,"releaseNotesURI":null,"softDisabled":false,"foreignInstall":false,"hasBinaryComponents":false,"strictCompatibility":true,"locales":[],"targetApplications":[{"id":"{ec8030f7-c20a-464f-9b0e-13a3a9e97384}","minVersion":"47.0.2","maxVersion":"47.0.2"}],"targetPlatforms":[],"seen":true}
1522071112797	addons.xpi	DEBUG	getModTime: Recursive scan of {972ce4c6-7e08-4474-a285-3208198ce6fd}
1522071112798	DeferredSave.extensions.json	DEBUG	Save changes
1522071112799	addons.xpi	DEBUG	Updating database with changes to installed add-ons
1522071112799	addons.xpi-utils	DEBUG	Updating add-on states
1522071112805	addons.xpi-utils	DEBUG	Writing add-ons list
1522071112817	addons.xpi	DEBUG	Registering manifest for C:\Program Files\Mozilla Firefox\browser\features\e10srollout@mozilla.org.xpi
1522071112818	addons.xpi	DEBUG	Calling bootstrap method startup on e10srollout@mozilla.org version 1.0
1522071112818	addons.xpi	DEBUG	Registering manifest for C:\Program Files\Mozilla Firefox\browser\features\firefox@getpocket.com.xpi
1522071112819	addons.xpi	DEBUG	Calling bootstrap method startup on firefox@getpocket.com version 1.0.2
1522071112820	addons.xpi	DEBUG	Registering manifest for C:\Program Files\Mozilla Firefox\browser\features\loop@mozilla.org.xpi
1522071112821	addons.xpi	DEBUG	Calling bootstrap method startup on loop@mozilla.org version 1.3.2
1522071112836	addons.xpi	DEBUG	Registering manifest for C:\Program Files\Mozilla Firefox\browser\features\websensehelper@mozilla.org.xpi
1522071112837	addons.xpi	DEBUG	Calling bootstrap method startup on websensehelper@mozilla.org version 1.0
1522071112840	addons.manager	DEBUG	Registering shutdown blocker for XPIProvider
1522071112840	addons.manager	DEBUG	Provider finished startup: XPIProvider
1522071112840	addons.manager	DEBUG	Starting provider: LightweightThemeManager
1522071112840	addons.manager	DEBUG	Registering shutdown blocker for LightweightThemeManager
1522071112840	addons.manager	DEBUG	Provider finished startup: LightweightThemeManager
1522071112841	addons.manager	DEBUG	Starting provider: GMPProvider
1522071112847	addons.manager	DEBUG	Registering shutdown blocker for GMPProvider
1522071112847	addons.manager	DEBUG	Provider finished startup: GMPProvider
1522071112847	addons.manager	DEBUG	Starting provider: PluginProvider
1522071112847	addons.manager	DEBUG	Registering shutdown blocker for PluginProvider
1522071112848	addons.manager	DEBUG	Provider finished startup: PluginProvider
1522071112848	addons.manager	DEBUG	Completed startup sequence
1522071114713	addons.manager	DEBUG	Starting provider: <unnamed-provider>
1522071114713	addons.manager	DEBUG	Registering shutdown blocker for <unnamed-provider>
1522071114713	addons.manager	DEBUG	Provider finished startup: <unnamed-provider>
1522071114715	DeferredSave.extensions.json	DEBUG	Starting write
1522071115523	addons.repository	DEBUG	No addons.json found.
1522071115523	DeferredSave.addons.json	DEBUG	Save changes
1522071115526	DeferredSave.addons.json	DEBUG	Starting timer
1522071115568	addons.manager	DEBUG	Starting provider: PreviousExperimentProvider
1522071115568	addons.manager	DEBUG	Registering shutdown blocker for PreviousExperimentProvider
1522071115568	addons.manager	DEBUG	Provider finished startup: PreviousExperimentProvider
1522071115578	DeferredSave.extensions.json	DEBUG	Write succeeded
1522071115578	addons.xpi-utils	DEBUG	XPI Database saved, setting schema version preference to 17
1522071115579	DeferredSave.addons.json	DEBUG	Starting write
1522071115722	DeferredSave.addons.json	DEBUG	Write succeeded

Build info: version: '2.53.0', revision: '35ae25b1534ae328c771e0856c93e187490ca824', time: '2016-03-15 10:43:46'
System info: host: '01hw737984', ip: '192.168.0.174', os.name: 'Windows 7', os.arch: 'amd64', os.version: '6.1', java.version: '1.8.0_161'
Driver info: driver.version: ConvertFirefoxDriver
	at org.openqa.selenium.firefox.internal.NewProfileExtensionConnection.start(NewProfileExtensionConnection.java:125)
	at org.openqa.selenium.firefox.FirefoxDriver.startClient(FirefoxDriver.java:271)
	at org.openqa.selenium.remote.RemoteWebDriver.<init>(RemoteWebDriver.java:119)
	at org.openqa.selenium.firefox.FirefoxDriver.<init>(FirefoxDriver.java:216)
	at org.openqa.selenium.firefox.FirefoxDriver.<init>(FirefoxDriver.java:211)
	at com.mcgraw.test.automation.framework.selenium2.ui.ConvertFirefoxDriver.<init>(ConvertFirefoxDriver.java:39)
	at com.mcgraw.test.automation.framework.selenium2.runner.config.webdriver.factory.FirefoxWebDriverFactory.createWebDriver(FirefoxWebDriverFactory.java:105)
	at com.mcgraw.test.automation.framework.selenium2.runner.config.webdriver.factory.FirefoxWebDriverFactory.createWebDriver(FirefoxWebDriverFactory.java:1)
	at com.mcgraw.test.automation.framework.selenium2.ui.Browser.createBrowser(Browser.java:194)
	at com.mcgraw.test.automation.tests.base.BaseTest.prepareTest(BaseTest.java:40)
	at sun.reflect.NativeMethodAccessorImpl.invoke0(Native Method)
	at sun.reflect.NativeMethodAccessorImpl.invoke(Unknown Source)
	at sun.reflect.DelegatingMethodAccessorImpl.invoke(Unknown Source)
	at java.lang.reflect.Method.invoke(Unknown Source)
	at org.testng.internal.MethodInvocationHelper.invokeMethod(MethodInvocationHelper.java:84)
	at org.testng.internal.Invoker.invokeConfigurationMethod(Invoker.java:564)
	at org.testng.internal.Invoker.invokeConfigurations(Invoker.java:213)
	at org.testng.internal.Invoker.invokeConfigurations(Invoker.java:138)
	at org.testng.internal.TestMethodWorker.invokeBeforeClassMethods(TestMethodWorker.java:175)
	at org.testng.internal.TestMethodWorker.run(TestMethodWorker.java:107)
	at org.testng.TestRunner.privateRun(TestRunner.java:767)
	at org.testng.TestRunner.run(TestRunner.java:617)
	at org.testng.SuiteRunner.runTest(SuiteRunner.java:334)
	at org.testng.SuiteRunner.runSequentially(SuiteRunner.java:329)
	at org.testng.SuiteRunner.privateRun(SuiteRunner.java:291)
	at org.testng.SuiteRunner.run(SuiteRunner.java:240)
	at org.testng.SuiteRunnerWorker.runSuite(SuiteRunnerWorker.java:52)
	at org.testng.SuiteRunnerWorker.run(SuiteRunnerWorker.java:86)
	at org.testng.TestNG.runSuitesSequentially(TestNG.java:1224)
	at org.testng.TestNG.runSuitesLocally(TestNG.java:1149)
	at org.testng.TestNG.run(TestNG.java:1057)
	at org.testng.remote.AbstractRemoteTestNG.run(AbstractRemoteTestNG.java:114)
	at org.testng.remote.RemoteTestNG.initAndRun(RemoteTestNG.java:251)
	at org.testng.remote.RemoteTestNG.main(RemoteTestNG.java:77)
Caused by: org.openqa.selenium.firefox.NotConnectedException: Unable to connect to host 127.0.0.1 on port 7055 after 45000 ms. Firefox console output:
png","48":"icon.png"},"iconURL":null,"icon64URL":null,"defaultLocale":{"name":"Default","description":"The default theme.","creator":"Mozilla","homepageURL":null,"contributors":["Mozilla Contributors"]},"visible":true,"active":true,"userDisabled":false,"appDisabled":false,"descriptor":"C:\\Program Files\\Mozilla Firefox\\browser\\extensions\\{972ce4c6-7e08-4474-a285-3208198ce6fd}.xpi","installDate":1522070774701,"updateDate":1522070774701,"applyBackgroundUpdates":1,"skinnable":true,"size":22012,"sourceURI":null,"releaseNotesURI":null,"softDisabled":false,"foreignInstall":false,"hasBinaryComponents":false,"strictCompatibility":true,"locales":[],"targetApplications":[{"id":"{ec8030f7-c20a-464f-9b0e-13a3a9e97384}","minVersion":"47.0.2","maxVersion":"47.0.2"}],"targetPlatforms":[],"seen":true}
1522071112797	addons.xpi	DEBUG	getModTime: Recursive scan of {972ce4c6-7e08-4474-a285-3208198ce6fd}
1522071112798	DeferredSave.extensions.json	DEBUG	Save changes
1522071112799	addons.xpi	DEBUG	Updating database with changes to installed add-ons
1522071112799	addons.xpi-utils	DEBUG	Updating add-on states
1522071112805	addons.xpi-utils	DEBUG	Writing add-ons list
1522071112817	addons.xpi	DEBUG	Registering manifest for C:\Program Files\Mozilla Firefox\browser\features\e10srollout@mozilla.org.xpi
1522071112818	addons.xpi	DEBUG	Calling bootstrap method startup on e10srollout@mozilla.org version 1.0
1522071112818	addons.xpi	DEBUG	Registering manifest for C:\Program Files\Mozilla Firefox\browser\features\firefox@getpocket.com.xpi
1522071112819	addons.xpi	DEBUG	Calling bootstrap method startup on firefox@getpocket.com version 1.0.2
1522071112820	addons.xpi	DEBUG	Registering manifest for C:\Program Files\Mozilla Firefox\browser\features\loop@mozilla.org.xpi
1522071112821	addons.xpi	DEBUG	Calling bootstrap method startup on loop@mozilla.org version 1.3.2
1522071112836	addons.xpi	DEBUG	Registering manifest for C:\Program Files\Mozilla Firefox\browser\features\websensehelper@mozilla.org.xpi
1522071112837	addons.xpi	DEBUG	Calling bootstrap method startup on websensehelper@mozilla.org version 1.0
1522071112840	addons.manager	DEBUG	Registering shutdown blocker for XPIProvider
1522071112840	addons.manager	DEBUG	Provider finished startup: XPIProvider
1522071112840	addons.manager	DEBUG	Starting provider: LightweightThemeManager
1522071112840	addons.manager	DEBUG	Registering shutdown blocker for LightweightThemeManager
1522071112840	addons.manager	DEBUG	Provider finished startup: LightweightThemeManager
1522071112841	addons.manager	DEBUG	Starting provider: GMPProvider
1522071112847	addons.manager	DEBUG	Registering shutdown blocker for GMPProvider
1522071112847	addons.manager	DEBUG	Provider finished startup: GMPProvider
1522071112847	addons.manager	DEBUG	Starting provider: PluginProvider
1522071112847	addons.manager	DEBUG	Registering shutdown blocker for PluginProvider
1522071112848	addons.manager	DEBUG	Provider finished startup: PluginProvider
1522071112848	addons.manager	DEBUG	Completed startup sequence
1522071114713	addons.manager	DEBUG	Starting provider: <unnamed-provider>
1522071114713	addons.manager	DEBUG	Registering shutdown blocker for <unnamed-provider>
1522071114713	addons.manager	DEBUG	Provider finished startup: <unnamed-provider>
1522071114715	DeferredSave.extensions.json	DEBUG	Starting write
1522071115523	addons.repository	DEBUG	No addons.json found.
1522071115523	DeferredSave.addons.json	DEBUG	Save changes
1522071115526	DeferredSave.addons.json	DEBUG	Starting timer
1522071115568	addons.manager	DEBUG	Starting provider: PreviousExperimentProvider
1522071115568	addons.manager	DEBUG	Registering shutdown blocker for PreviousExperimentProvider
1522071115568	addons.manager	DEBUG	Provider finished startup: PreviousExperimentProvider
1522071115578	DeferredSave.extensions.json	DEBUG	Write succeeded
1522071115578	addons.xpi-utils	DEBUG	XPI Database saved, setting schema version preference to 17
1522071115579	DeferredSave.addons.json	DEBUG	Starting write
1522071115722	DeferredSave.addons.json	DEBUG	Write succeeded

	at org.openqa.selenium.firefox.internal.NewProfileExtensionConnection.start(NewProfileExtensionConnection.java:113)
	... 33 more
]]>
    </failure>
  </testcase> <!-- checkResultOfCommonTestButtonForInstructor -->
  <testcase name="checkSsoLinkConnector" time="0.000" classname="com.mcgraw.test.automation.tests.canvas.TestConnectors">
    <failure type="org.openqa.selenium.WebDriverException" message="Failed to connect to binary FirefoxBinary(C:\Program Files\Mozilla Firefox\firefox.exe) on port 7055; process output follows: 
png&quot;,&quot;48&quot;:&quot;icon.png&quot;},&quot;iconURL&quot;:null,&quot;icon64URL&quot;:null,&quot;defaultLocale&quot;:{&quot;name&quot;:&quot;Default&quot;,&quot;description&quot;:&quot;The default theme.&quot;,&quot;creator&quot;:&quot;Mozilla&quot;,&quot;homepageURL&quot;:null,&quot;contributors&quot;:[&quot;Mozilla Contributors&quot;]},&quot;visible&quot;:true,&quot;active&quot;:true,&quot;userDisabled&quot;:false,&quot;appDisabled&quot;:false,&quot;descriptor&quot;:&quot;C:\\Program Files\\Mozilla Firefox\\browser\\extensions\\{972ce4c6-7e08-4474-a285-3208198ce6fd}.xpi&quot;,&quot;installDate&quot;:1522070774701,&quot;updateDate&quot;:1522070774701,&quot;applyBackgroundUpdates&quot;:1,&quot;skinnable&quot;:true,&quot;size&quot;:22012,&quot;sourceURI&quot;:null,&quot;releaseNotesURI&quot;:null,&quot;softDisabled&quot;:false,&quot;foreignInstall&quot;:false,&quot;hasBinaryComponents&quot;:false,&quot;strictCompatibility&quot;:true,&quot;locales&quot;:[],&quot;targetApplications&quot;:[{&quot;id&quot;:&quot;{ec8030f7-c20a-464f-9b0e-13a3a9e97384}&quot;,&quot;minVersion&quot;:&quot;47.0.2&quot;,&quot;maxVersion&quot;:&quot;47.0.2&quot;}],&quot;targetPlatforms&quot;:[],&quot;seen&quot;:true}
1522071112797	addons.xpi	DEBUG	getModTime: Recursive scan of {972ce4c6-7e08-4474-a285-3208198ce6fd}
1522071112798	DeferredSave.extensions.json	DEBUG	Save changes
1522071112799	addons.xpi	DEBUG	Updating database with changes to installed add-ons
1522071112799	addons.xpi-utils	DEBUG	Updating add-on states
1522071112805	addons.xpi-utils	DEBUG	Writing add-ons list
1522071112817	addons.xpi	DEBUG	Registering manifest for C:\Program Files\Mozilla Firefox\browser\features\e10srollout@mozilla.org.xpi
1522071112818	addons.xpi	DEBUG	Calling bootstrap method startup on e10srollout@mozilla.org version 1.0
1522071112818	addons.xpi	DEBUG	Registering manifest for C:\Program Files\Mozilla Firefox\browser\features\firefox@getpocket.com.xpi
1522071112819	addons.xpi	DEBUG	Calling bootstrap method startup on firefox@getpocket.com version 1.0.2
1522071112820	addons.xpi	DEBUG	Registering manifest for C:\Program Files\Mozilla Firefox\browser\features\loop@mozilla.org.xpi
1522071112821	addons.xpi	DEBUG	Calling bootstrap method startup on loop@mozilla.org version 1.3.2
1522071112836	addons.xpi	DEBUG	Registering manifest for C:\Program Files\Mozilla Firefox\browser\features\websensehelper@mozilla.org.xpi
1522071112837	addons.xpi	DEBUG	Calling bootstrap method startup on websensehelper@mozilla.org version 1.0
1522071112840	addons.manager	DEBUG	Registering shutdown blocker for XPIProvider
1522071112840	addons.manager	DEBUG	Provider finished startup: XPIProvider
1522071112840	addons.manager	DEBUG	Starting provider: LightweightThemeManager
1522071112840	addons.manager	DEBUG	Registering shutdown blocker for LightweightThemeManager
1522071112840	addons.manager	DEBUG	Provider finished startup: LightweightThemeManager
1522071112841	addons.manager	DEBUG	Starting provider: GMPProvider
1522071112847	addons.manager	DEBUG	Registering shutdown blocker for GMPProvider
1522071112847	addons.manager	DEBUG	Provider finished startup: GMPProvider
1522071112847	addons.manager	DEBUG	Starting provider: PluginProvider
1522071112847	addons.manager	DEBUG	Registering shutdown blocker for PluginProvider
1522071112848	addons.manager	DEBUG	Provider finished startup: PluginProvider
1522071112848	addons.manager	DEBUG	Completed startup sequence
1522071114713	addons.manager	DEBUG	Starting provider: &lt;unnamed-provider&gt;
1522071114713	addons.manager	DEBUG	Registering shutdown blocker for &lt;unnamed-provider&gt;
1522071114713	addons.manager	DEBUG	Provider finished startup: &lt;unnamed-provider&gt;
1522071114715	DeferredSave.extensions.json	DEBUG	Starting write
1522071115523	addons.repository	DEBUG	No addons.json found.
1522071115523	DeferredSave.addons.json	DEBUG	Save changes
1522071115526	DeferredSave.addons.json	DEBUG	Starting timer
1522071115568	addons.manager	DEBUG	Starting provider: PreviousExperimentProvider
1522071115568	addons.manager	DEBUG	Registering shutdown blocker for PreviousExperimentProvider
1522071115568	addons.manager	DEBUG	Provider finished startup: PreviousExperimentProvider
1522071115578	DeferredSave.extensions.json	DEBUG	Write succeeded
1522071115578	addons.xpi-utils	DEBUG	XPI Database saved, setting schema version preference to 17
1522071115579	DeferredSave.addons.json	DEBUG	Starting write
1522071115722	DeferredSave.addons.json	DEBUG	Write succeeded

Build info: version: &#039;2.53.0&#039;, revision: &#039;35ae25b1534ae328c771e0856c93e187490ca824&#039;, time: &#039;2016-03-15 10:43:46&#039;
System info: host: &#039;01hw737984&#039;, ip: &#039;192.168.0.174&#039;, os.name: &#039;Windows 7&#039;, os.arch: &#039;amd64&#039;, os.version: &#039;6.1&#039;, java.version: &#039;1.8.0_161&#039;
Driver info: driver.version: ConvertFirefoxDriver">
      <![CDATA[org.openqa.selenium.WebDriverException: Failed to connect to binary FirefoxBinary(C:\Program Files\Mozilla Firefox\firefox.exe) on port 7055; process output follows: 
png","48":"icon.png"},"iconURL":null,"icon64URL":null,"defaultLocale":{"name":"Default","description":"The default theme.","creator":"Mozilla","homepageURL":null,"contributors":["Mozilla Contributors"]},"visible":true,"active":true,"userDisabled":false,"appDisabled":false,"descriptor":"C:\\Program Files\\Mozilla Firefox\\browser\\extensions\\{972ce4c6-7e08-4474-a285-3208198ce6fd}.xpi","installDate":1522070774701,"updateDate":1522070774701,"applyBackgroundUpdates":1,"skinnable":true,"size":22012,"sourceURI":null,"releaseNotesURI":null,"softDisabled":false,"foreignInstall":false,"hasBinaryComponents":false,"strictCompatibility":true,"locales":[],"targetApplications":[{"id":"{ec8030f7-c20a-464f-9b0e-13a3a9e97384}","minVersion":"47.0.2","maxVersion":"47.0.2"}],"targetPlatforms":[],"seen":true}
1522071112797	addons.xpi	DEBUG	getModTime: Recursive scan of {972ce4c6-7e08-4474-a285-3208198ce6fd}
1522071112798	DeferredSave.extensions.json	DEBUG	Save changes
1522071112799	addons.xpi	DEBUG	Updating database with changes to installed add-ons
1522071112799	addons.xpi-utils	DEBUG	Updating add-on states
1522071112805	addons.xpi-utils	DEBUG	Writing add-ons list
1522071112817	addons.xpi	DEBUG	Registering manifest for C:\Program Files\Mozilla Firefox\browser\features\e10srollout@mozilla.org.xpi
1522071112818	addons.xpi	DEBUG	Calling bootstrap method startup on e10srollout@mozilla.org version 1.0
1522071112818	addons.xpi	DEBUG	Registering manifest for C:\Program Files\Mozilla Firefox\browser\features\firefox@getpocket.com.xpi
1522071112819	addons.xpi	DEBUG	Calling bootstrap method startup on firefox@getpocket.com version 1.0.2
1522071112820	addons.xpi	DEBUG	Registering manifest for C:\Program Files\Mozilla Firefox\browser\features\loop@mozilla.org.xpi
1522071112821	addons.xpi	DEBUG	Calling bootstrap method startup on loop@mozilla.org version 1.3.2
1522071112836	addons.xpi	DEBUG	Registering manifest for C:\Program Files\Mozilla Firefox\browser\features\websensehelper@mozilla.org.xpi
1522071112837	addons.xpi	DEBUG	Calling bootstrap method startup on websensehelper@mozilla.org version 1.0
1522071112840	addons.manager	DEBUG	Registering shutdown blocker for XPIProvider
1522071112840	addons.manager	DEBUG	Provider finished startup: XPIProvider
1522071112840	addons.manager	DEBUG	Starting provider: LightweightThemeManager
1522071112840	addons.manager	DEBUG	Registering shutdown blocker for LightweightThemeManager
1522071112840	addons.manager	DEBUG	Provider finished startup: LightweightThemeManager
1522071112841	addons.manager	DEBUG	Starting provider: GMPProvider
1522071112847	addons.manager	DEBUG	Registering shutdown blocker for GMPProvider
1522071112847	addons.manager	DEBUG	Provider finished startup: GMPProvider
1522071112847	addons.manager	DEBUG	Starting provider: PluginProvider
1522071112847	addons.manager	DEBUG	Registering shutdown blocker for PluginProvider
1522071112848	addons.manager	DEBUG	Provider finished startup: PluginProvider
1522071112848	addons.manager	DEBUG	Completed startup sequence
1522071114713	addons.manager	DEBUG	Starting provider: <unnamed-provider>
1522071114713	addons.manager	DEBUG	Registering shutdown blocker for <unnamed-provider>
1522071114713	addons.manager	DEBUG	Provider finished startup: <unnamed-provider>
1522071114715	DeferredSave.extensions.json	DEBUG	Starting write
1522071115523	addons.repository	DEBUG	No addons.json found.
1522071115523	DeferredSave.addons.json	DEBUG	Save changes
1522071115526	DeferredSave.addons.json	DEBUG	Starting timer
1522071115568	addons.manager	DEBUG	Starting provider: PreviousExperimentProvider
1522071115568	addons.manager	DEBUG	Registering shutdown blocker for PreviousExperimentProvider
1522071115568	addons.manager	DEBUG	Provider finished startup: PreviousExperimentProvider
1522071115578	DeferredSave.extensions.json	DEBUG	Write succeeded
1522071115578	addons.xpi-utils	DEBUG	XPI Database saved, setting schema version preference to 17
1522071115579	DeferredSave.addons.json	DEBUG	Starting write
1522071115722	DeferredSave.addons.json	DEBUG	Write succeeded

Build info: version: '2.53.0', revision: '35ae25b1534ae328c771e0856c93e187490ca824', time: '2016-03-15 10:43:46'
System info: host: '01hw737984', ip: '192.168.0.174', os.name: 'Windows 7', os.arch: 'amd64', os.version: '6.1', java.version: '1.8.0_161'
Driver info: driver.version: ConvertFirefoxDriver
	at org.openqa.selenium.firefox.internal.NewProfileExtensionConnection.start(NewProfileExtensionConnection.java:125)
	at org.openqa.selenium.firefox.FirefoxDriver.startClient(FirefoxDriver.java:271)
	at org.openqa.selenium.remote.RemoteWebDriver.<init>(RemoteWebDriver.java:119)
	at org.openqa.selenium.firefox.FirefoxDriver.<init>(FirefoxDriver.java:216)
	at org.openqa.selenium.firefox.FirefoxDriver.<init>(FirefoxDriver.java:211)
	at com.mcgraw.test.automation.framework.selenium2.ui.ConvertFirefoxDriver.<init>(ConvertFirefoxDriver.java:39)
	at com.mcgraw.test.automation.framework.selenium2.runner.config.webdriver.factory.FirefoxWebDriverFactory.createWebDriver(FirefoxWebDriverFactory.java:105)
	at com.mcgraw.test.automation.framework.selenium2.runner.config.webdriver.factory.FirefoxWebDriverFactory.createWebDriver(FirefoxWebDriverFactory.java:1)
	at com.mcgraw.test.automation.framework.selenium2.ui.Browser.createBrowser(Browser.java:194)
	at com.mcgraw.test.automation.tests.base.BaseTest.prepareTest(BaseTest.java:40)
	at sun.reflect.NativeMethodAccessorImpl.invoke0(Native Method)
	at sun.reflect.NativeMethodAccessorImpl.invoke(Unknown Source)
	at sun.reflect.DelegatingMethodAccessorImpl.invoke(Unknown Source)
	at java.lang.reflect.Method.invoke(Unknown Source)
	at org.testng.internal.MethodInvocationHelper.invokeMethod(MethodInvocationHelper.java:84)
	at org.testng.internal.Invoker.invokeConfigurationMethod(Invoker.java:564)
	at org.testng.internal.Invoker.invokeConfigurations(Invoker.java:213)
	at org.testng.internal.Invoker.invokeConfigurations(Invoker.java:138)
	at org.testng.internal.TestMethodWorker.invokeBeforeClassMethods(TestMethodWorker.java:175)
	at org.testng.internal.TestMethodWorker.run(TestMethodWorker.java:107)
	at org.testng.TestRunner.privateRun(TestRunner.java:767)
	at org.testng.TestRunner.run(TestRunner.java:617)
	at org.testng.SuiteRunner.runTest(SuiteRunner.java:334)
	at org.testng.SuiteRunner.runSequentially(SuiteRunner.java:329)
	at org.testng.SuiteRunner.privateRun(SuiteRunner.java:291)
	at org.testng.SuiteRunner.run(SuiteRunner.java:240)
	at org.testng.SuiteRunnerWorker.runSuite(SuiteRunnerWorker.java:52)
	at org.testng.SuiteRunnerWorker.run(SuiteRunnerWorker.java:86)
	at org.testng.TestNG.runSuitesSequentially(TestNG.java:1224)
	at org.testng.TestNG.runSuitesLocally(TestNG.java:1149)
	at org.testng.TestNG.run(TestNG.java:1057)
	at org.testng.remote.AbstractRemoteTestNG.run(AbstractRemoteTestNG.java:114)
	at org.testng.remote.RemoteTestNG.initAndRun(RemoteTestNG.java:251)
	at org.testng.remote.RemoteTestNG.main(RemoteTestNG.java:77)
Caused by: org.openqa.selenium.firefox.NotConnectedException: Unable to connect to host 127.0.0.1 on port 7055 after 45000 ms. Firefox console output:
png","48":"icon.png"},"iconURL":null,"icon64URL":null,"defaultLocale":{"name":"Default","description":"The default theme.","creator":"Mozilla","homepageURL":null,"contributors":["Mozilla Contributors"]},"visible":true,"active":true,"userDisabled":false,"appDisabled":false,"descriptor":"C:\\Program Files\\Mozilla Firefox\\browser\\extensions\\{972ce4c6-7e08-4474-a285-3208198ce6fd}.xpi","installDate":1522070774701,"updateDate":1522070774701,"applyBackgroundUpdates":1,"skinnable":true,"size":22012,"sourceURI":null,"releaseNotesURI":null,"softDisabled":false,"foreignInstall":false,"hasBinaryComponents":false,"strictCompatibility":true,"locales":[],"targetApplications":[{"id":"{ec8030f7-c20a-464f-9b0e-13a3a9e97384}","minVersion":"47.0.2","maxVersion":"47.0.2"}],"targetPlatforms":[],"seen":true}
1522071112797	addons.xpi	DEBUG	getModTime: Recursive scan of {972ce4c6-7e08-4474-a285-3208198ce6fd}
1522071112798	DeferredSave.extensions.json	DEBUG	Save changes
1522071112799	addons.xpi	DEBUG	Updating database with changes to installed add-ons
1522071112799	addons.xpi-utils	DEBUG	Updating add-on states
1522071112805	addons.xpi-utils	DEBUG	Writing add-ons list
1522071112817	addons.xpi	DEBUG	Registering manifest for C:\Program Files\Mozilla Firefox\browser\features\e10srollout@mozilla.org.xpi
1522071112818	addons.xpi	DEBUG	Calling bootstrap method startup on e10srollout@mozilla.org version 1.0
1522071112818	addons.xpi	DEBUG	Registering manifest for C:\Program Files\Mozilla Firefox\browser\features\firefox@getpocket.com.xpi
1522071112819	addons.xpi	DEBUG	Calling bootstrap method startup on firefox@getpocket.com version 1.0.2
1522071112820	addons.xpi	DEBUG	Registering manifest for C:\Program Files\Mozilla Firefox\browser\features\loop@mozilla.org.xpi
1522071112821	addons.xpi	DEBUG	Calling bootstrap method startup on loop@mozilla.org version 1.3.2
1522071112836	addons.xpi	DEBUG	Registering manifest for C:\Program Files\Mozilla Firefox\browser\features\websensehelper@mozilla.org.xpi
1522071112837	addons.xpi	DEBUG	Calling bootstrap method startup on websensehelper@mozilla.org version 1.0
1522071112840	addons.manager	DEBUG	Registering shutdown blocker for XPIProvider
1522071112840	addons.manager	DEBUG	Provider finished startup: XPIProvider
1522071112840	addons.manager	DEBUG	Starting provider: LightweightThemeManager
1522071112840	addons.manager	DEBUG	Registering shutdown blocker for LightweightThemeManager
1522071112840	addons.manager	DEBUG	Provider finished startup: LightweightThemeManager
1522071112841	addons.manager	DEBUG	Starting provider: GMPProvider
1522071112847	addons.manager	DEBUG	Registering shutdown blocker for GMPProvider
1522071112847	addons.manager	DEBUG	Provider finished startup: GMPProvider
1522071112847	addons.manager	DEBUG	Starting provider: PluginProvider
1522071112847	addons.manager	DEBUG	Registering shutdown blocker for PluginProvider
1522071112848	addons.manager	DEBUG	Provider finished startup: PluginProvider
1522071112848	addons.manager	DEBUG	Completed startup sequence
1522071114713	addons.manager	DEBUG	Starting provider: <unnamed-provider>
1522071114713	addons.manager	DEBUG	Registering shutdown blocker for <unnamed-provider>
1522071114713	addons.manager	DEBUG	Provider finished startup: <unnamed-provider>
1522071114715	DeferredSave.extensions.json	DEBUG	Starting write
1522071115523	addons.repository	DEBUG	No addons.json found.
1522071115523	DeferredSave.addons.json	DEBUG	Save changes
1522071115526	DeferredSave.addons.json	DEBUG	Starting timer
1522071115568	addons.manager	DEBUG	Starting provider: PreviousExperimentProvider
1522071115568	addons.manager	DEBUG	Registering shutdown blocker for PreviousExperimentProvider
1522071115568	addons.manager	DEBUG	Provider finished startup: PreviousExperimentProvider
1522071115578	DeferredSave.extensions.json	DEBUG	Write succeeded
1522071115578	addons.xpi-utils	DEBUG	XPI Database saved, setting schema version preference to 17
1522071115579	DeferredSave.addons.json	DEBUG	Starting write
1522071115722	DeferredSave.addons.json	DEBUG	Write succeeded

	at org.openqa.selenium.firefox.internal.NewProfileExtensionConnection.start(NewProfileExtensionConnection.java:113)
	... 33 more
]]>
    </failure>
  </testcase> <!-- checkSsoLinkConnector -->
</testsuite> <!-- com.mcgraw.test.automation.tests.canvas.TestConnectors -->
