<?xml version="1.0" encoding="UTF-8"?>
<beans xmlns="http://www.springframework.org/schema/beans"
	xmlns:xsi="http://www.w3.org/2001/XMLSchema-instance"
	xsi:schemaLocation="http://www.springframework.org/schema/beans http://www.springframework.org/schema/beans/spring-beans-3.0.xsd">
	<import resource="classpath:spring/api-properties-context.xml" />
	<import resource="classpath:spring/angel-rest-api-context.xml" />
	<import resource="classpath:spring/moodle-rest-api-context.xml" />
	<import resource="classpath:spring/canvas-rest-api-context.xml" />
	<import resource="classpath:spring/blackboard-api-context.xml" />
	<import resource="classpath:spring/sakai-api-context.xml" />
	<import resource="classpath:spring/d2lvalence-rest-api-context.xml" />
	
</beans>